#
# There is insufficient memory for the Java Runtime Environment to continue.
# Native memory allocation (malloc) failed to allocate 32744 bytes for ChunkPool::allocate
# Possible reasons:
#   The system is out of physical RAM or swap space
#   In 32 bit mode, the process size limit was hit
# Possible solutions:
#   Reduce memory load on the system
#   Increase physical memory or swap space
#   Check if swap backing store is full
#   Use 64 bit Java on a 64 bit OS
#   Decrease Java heap size (-Xmx/-Xms)
#   Decrease number of Java threads
#   Decrease Java thread stack sizes (-Xss)
#   Set larger code cache with -XX:ReservedCodeCacheSize=
# This output file may be truncated or incomplete.
#
#  Out of Memory Error (allocation.cpp:273), pid=11124, tid=0x0000000000001ecc
#
# JRE version: Java(TM) SE Runtime Environment (8.0_121-b13) (build 1.8.0_121-b13)
# Java VM: Java HotSpot(TM) 64-Bit Server VM (25.121-b13 mixed mode windows-amd64 compressed oops)
# Failed to write core dump. Minidumps are not enabled by default on client versions of Windows
#

---------------  T H R E A D  ---------------

Current thread (0x000000001b3ec000):  JavaThread "C1 CompilerThread2" daemon [_thread_in_native, id=7884, stack(0x000000001bcb0000,0x000000001bdb0000)]

Stack: [0x000000001bcb0000,0x000000001bdb0000]
[error occurred during error reporting (printing stack bounds), id 0xc0000005]

Native frames: (J=compiled Java code, j=interpreted, Vv=VM code, C=native code)


Current CompileTask:
C1: 111117 5485   !   3       org.apache.commons.logging.LogFactory::getFactory (684 bytes)


---------------  P R O C E S S  ---------------

Java Threads: ( => current thread )
  0x0000000026070000 JavaThread "http-bio-9102-exec-10" daemon [_thread_in_native, id=9936, stack(0x000000002b360000,0x000000002b460000)]
  0x0000000021998800 JavaThread "http-bio-9102-exec-9" daemon [_thread_in_native, id=508, stack(0x000000002b260000,0x000000002b360000)]
  0x0000000021997800 JavaThread "http-bio-9102-exec-8" daemon [_thread_in_native, id=17468, stack(0x000000002b160000,0x000000002b260000)]
  0x0000000021995800 JavaThread "http-bio-9102-exec-7" daemon [_thread_in_native, id=7160, stack(0x000000002b060000,0x000000002b160000)]
  0x0000000021994800 JavaThread "http-bio-9102-exec-6" daemon [_thread_blocked, id=5648, stack(0x000000002af60000,0x000000002b060000)]
  0x0000000021997000 JavaThread "http-bio-9102-exec-5" daemon [_thread_in_native, id=2792, stack(0x000000002ae60000,0x000000002af60000)]
  0x0000000021996000 JavaThread "http-bio-9102-exec-4" daemon [_thread_in_native, id=19352, stack(0x000000002ad60000,0x000000002ae60000)]
  0x000000002198d000 JavaThread "http-bio-9102-exec-3" daemon [_thread_blocked, id=17844, stack(0x000000002ac60000,0x000000002ad60000)]
  0x000000002198f800 JavaThread "http-bio-9102-exec-2" daemon [_thread_blocked, id=17332, stack(0x000000002ab60000,0x000000002ac60000)]
  0x0000000021994000 JavaThread "http-bio-9102-exec-1" daemon [_thread_blocked, id=20264, stack(0x000000002aa60000,0x000000002ab60000)]
  0x0000000021992800 JavaThread "dubbo-remoting-client-heartbeat-thread-2" daemon [_thread_blocked, id=18552, stack(0x000000002a960000,0x000000002aa60000)]
  0x0000000021993000 JavaThread "DubboClientReconnectTimer-thread-2" daemon [_thread_blocked, id=19808, stack(0x000000002a660000,0x000000002a760000)]
  0x0000000021991000 JavaThread "http-bio-9102-AsyncTimeout" daemon [_thread_blocked, id=3568, stack(0x000000002a560000,0x000000002a660000)]
  0x0000000021991800 JavaThread "http-bio-9102-Acceptor-0" daemon [_thread_in_native, id=5660, stack(0x000000002a460000,0x000000002a560000)]
  0x000000002198c800 JavaThread "ContainerBackgroundProcessor[StandardEngine[Tomcat]]" daemon [_thread_blocked, id=10852, stack(0x000000002a360000,0x000000002a460000)]
  0x000000002198e000 JavaThread "dubbo-remoting-client-heartbeat-thread-1" daemon [_thread_blocked, id=5076, stack(0x000000002a260000,0x000000002a360000)]
  0x000000002198b800 JavaThread "Hashed wheel timer #1" [_thread_blocked, id=8024, stack(0x000000002a060000,0x000000002a160000)]
  0x000000002198b000 JavaThread "DubboClientReconnectTimer-thread-1" daemon [_thread_blocked, id=3720, stack(0x0000000029f60000,0x000000002a060000)]
  0x0000000021989000 JavaThread "New I/O boss #6" daemon [_thread_in_native, id=14724, stack(0x0000000029e60000,0x0000000029f60000)]
  0x000000002198e800 JavaThread "New I/O worker #5" daemon [_thread_in_native, id=13512, stack(0x0000000029c60000,0x0000000029d60000)]
  0x000000002198a000 JavaThread "New I/O worker #4" daemon [_thread_in_native, id=164, stack(0x0000000029b60000,0x0000000029c60000)]
  0x0000000021990000 JavaThread "New I/O worker #3" daemon [_thread_in_native, id=14060, stack(0x0000000029a60000,0x0000000029b60000)]
  0x00000000287b5800 JavaThread "New I/O worker #2" daemon [_thread_in_native, id=10220, stack(0x0000000029960000,0x0000000029a60000)]
  0x00000000287b4800 JavaThread "New I/O worker #1" daemon [_thread_in_native, id=19432, stack(0x0000000029860000,0x0000000029960000)]
  0x00000000287b3000 JavaThread "DubboSaveRegistryCache-thread-1" daemon [_thread_blocked, id=14068, stack(0x0000000029560000,0x0000000029660000)]
  0x000000001c95d800 JavaThread "localhost-startStop-1-EventThread" daemon [_thread_blocked, id=12036, stack(0x0000000029360000,0x0000000029460000)]
  0x000000001fe4a800 JavaThread "localhost-startStop-1-SendThread(192.168.25.128:2181)" daemon [_thread_in_native, id=4840, stack(0x0000000029260000,0x0000000029360000)]
  0x00000000287b7000 JavaThread "ZkClient-EventThread-18-192.168.25.128:2181" daemon [_thread_blocked, id=13988, stack(0x00000000231c0000,0x00000000232c0000)]
  0x0000000026ff9800 JavaThread "DubboRegistryFailedRetryTimer-thread-1" daemon [_thread_blocked, id=17244, stack(0x00000000230c0000,0x00000000231c0000)]
  0x000000001c6a3800 JavaThread "Thread-2" daemon [_thread_in_native, id=1216, stack(0x00000000229c0000,0x0000000022ac0000)]
  0x000000001b48d800 JavaThread "Service Thread" daemon [_thread_blocked, id=20288, stack(0x000000001bdb0000,0x000000001beb0000)]
=>0x000000001b3ec000 JavaThread "C1 CompilerThread2" daemon [_thread_in_native, id=7884, stack(0x000000001bcb0000,0x000000001bdb0000)]
  0x000000001b3ea800 JavaThread "C2 CompilerThread1" daemon [_thread_in_native, id=20280, stack(0x000000001bbb0000,0x000000001bcb0000)]
  0x000000001b3e7800 JavaThread "C2 CompilerThread0" daemon [_thread_blocked, id=19612, stack(0x000000001bab0000,0x000000001bbb0000)]
  0x000000001b3e5000 JavaThread "Monitor Ctrl-Break" daemon [_thread_in_native, id=16468, stack(0x000000001b9b0000,0x000000001bab0000)]
  0x000000001a0ac000 JavaThread "Attach Listener" daemon [_thread_blocked, id=13720, stack(0x000000001b8b0000,0x000000001b9b0000)]
  0x000000001b3c0800 JavaThread "Signal Dispatcher" daemon [_thread_blocked, id=14736, stack(0x000000001b7b0000,0x000000001b8b0000)]
  0x0000000002f9b800 JavaThread "Finalizer" daemon [_thread_blocked, id=14916, stack(0x000000001b2b0000,0x000000001b3b0000)]
  0x0000000002f92800 JavaThread "Reference Handler" daemon [_thread_blocked, id=12048, stack(0x000000001b1b0000,0x000000001b2b0000)]
  0x00000000027ce800 JavaThread "main" [_thread_blocked, id=12492, stack(0x0000000002bc0000,0x0000000002cc0000)]

Other Threads:
  0x000000001a018800 VMThread [stack: 0x000000001b0b0000,0x000000001b1b0000] [id=16740]
  0x000000001b4cc000 WatcherThread [stack: 0x000000001beb0000,0x000000001bfb0000] [id=18400]

VM state:not at safepoint (normal execution)

VM Mutex/Monitor currently owned by a thread: None

Heap:
 PSYoungGen      total 353280K, used 87342K [0x0000000780780000, 0x0000000799680000, 0x00000007c0000000)
  eden space 318464K, 27% used [0x0000000780780000,0x0000000785ccbb20,0x0000000793e80000)
  from space 34816K, 0% used [0x0000000797480000,0x0000000797480000,0x0000000799680000)
  to   space 45056K, 0% used [0x0000000793e80000,0x0000000793e80000,0x0000000796a80000)
 ParOldGen       total 153088K, used 35615K [0x0000000701600000, 0x000000070ab80000, 0x0000000780780000)
  object space 153088K, 23% used [0x0000000701600000,0x00000007038c7e00,0x000000070ab80000)
 Metaspace       used 38283K, capacity 39044K, committed 39168K, reserved 1083392K
  class space    used 4606K, capacity 4846K, committed 4864K, reserved 1048576K

Card table byte_map: [0x0000000012360000,0x0000000012960000] byte_map_base: 0x000000000eb55000

Marking Bits: (ParMarkBitMap*) 0x000000006c95b6d0
 Begin Bits: [0x0000000013160000, 0x0000000016108000)
 End Bits:   [0x0000000016108000, 0x00000000190b0000)

Polling page: 0x0000000002740000

CodeCache: size=245760Kb used=14531Kb max_used=15123Kb free=231228Kb
 bounds [0x0000000002fa0000, 0x0000000003ee0000, 0x0000000011fa0000]
 total_blobs=5044 nmethods=4578 adapters=378
 compilation: enabled

Compilation events (10 events):
Event: 111.086 Thread 0x000000001b3ec000 nmethod 5480 0x0000000003283d10 code [0x0000000003283e80, 0x0000000003284148]
Event: 111.086 Thread 0x000000001b3ec000 5481       3       org.apache.tomcat.util.buf.MessageBytes$MessageBytesFactory::newInstance (9 bytes)
Event: 111.086 Thread 0x000000001b3ec000 nmethod 5481 0x000000000357f850 code [0x000000000357f9c0, 0x000000000357fc08]
Event: 111.086 Thread 0x000000001b3ec000 5482       3       org.apache.tomcat.util.buf.MessageBytes::<init> (5 bytes)
Event: 111.087 Thread 0x000000001b3ec000 nmethod 5482 0x000000000363ed90 code [0x000000000363ef00, 0x000000000363f088]
Event: 111.087 Thread 0x000000001b3ec000 5483       3       org.apache.tomcat.util.buf.MessageBytes::<init> (57 bytes)
Event: 111.087 Thread 0x000000001b3ec000 nmethod 5483 0x0000000003da8110 code [0x0000000003da82a0, 0x0000000003da86f0]
Event: 111.090 Thread 0x000000001b3ec000 5484       3       org.apache.commons.logging.LogFactory::getLog (8 bytes)
Event: 111.090 Thread 0x000000001b3ec000 nmethod 5484 0x00000000032e1510 code [0x00000000032e1680, 0x00000000032e18b8]
Event: 111.090 Thread 0x000000001b3ec000 5485   !   3       org.apache.commons.logging.LogFactory::getFactory (684 bytes)

GC Heap History (10 events):
Event: 7.216 GC heap before
{Heap before GC invocations=10 (full 1):
 PSYoungGen      total 206848K, used 206847K [0x0000000780780000, 0x0000000795980000, 0x00000007c0000000)
  eden space 183808K, 100% used [0x0000000780780000,0x000000078bb00000,0x000000078bb00000)
  from space 23040K, 99% used [0x000000078da80000,0x000000078f0ffd20,0x000000078f100000)
  to   space 32256K, 0% used [0x000000078bb00000,0x000000078bb00000,0x000000078da80000)
 ParOldGen       total 98816K, used 37735K [0x0000000701600000, 0x0000000707680000, 0x0000000780780000)
  object space 98816K, 38% used [0x0000000701600000,0x0000000703ad9f88,0x0000000707680000)
 Metaspace       used 23813K, capacity 24364K, committed 24576K, reserved 1071104K
  class space    used 2781K, capacity 2965K, committed 3072K, reserved 1048576K
Event: 7.255 GC heap after
Heap after GC invocations=10 (full 1):
 PSYoungGen      total 216064K, used 32251K [0x0000000780780000, 0x0000000794200000, 0x00000007c0000000)
  eden space 183808K, 0% used [0x0000000780780000,0x0000000780780000,0x000000078bb00000)
  from space 32256K, 99% used [0x000000078bb00000,0x000000078da7ee88,0x000000078da80000)
  to   space 39424K, 0% used [0x0000000791b80000,0x0000000791b80000,0x0000000794200000)
 ParOldGen       total 98816K, used 43825K [0x0000000701600000, 0x0000000707680000, 0x0000000780780000)
  object space 98816K, 44% used [0x0000000701600000,0x00000007040cc5e0,0x0000000707680000)
 Metaspace       used 23813K, capacity 24364K, committed 24576K, reserved 1071104K
  class space    used 2781K, capacity 2965K, committed 3072K, reserved 1048576K
}
Event: 7.745 GC heap before
{Heap before GC invocations=11 (full 1):
 PSYoungGen      total 216064K, used 216059K [0x0000000780780000, 0x0000000794200000, 0x00000007c0000000)
  eden space 183808K, 100% used [0x0000000780780000,0x000000078bb00000,0x000000078bb00000)
  from space 32256K, 99% used [0x000000078bb00000,0x000000078da7ee88,0x000000078da80000)
  to   space 39424K, 0% used [0x0000000791b80000,0x0000000791b80000,0x0000000794200000)
 ParOldGen       total 98816K, used 43825K [0x0000000701600000, 0x0000000707680000, 0x0000000780780000)
  object space 98816K, 44% used [0x0000000701600000,0x00000007040cc5e0,0x0000000707680000)
 Metaspace       used 23813K, capacity 24364K, committed 24576K, reserved 1071104K
  class space    used 2781K, capacity 2965K, committed 3072K, reserved 1048576K
Event: 7.786 GC heap after
Heap after GC invocations=11 (full 1):
 PSYoungGen      total 279552K, used 32543K [0x0000000780780000, 0x0000000794e00000, 0x00000007c0000000)
  eden space 240128K, 0% used [0x0000000780780000,0x0000000780780000,0x000000078f200000)
  from space 39424K, 82% used [0x0000000791b80000,0x0000000793b47d00,0x0000000794200000)
  to   space 42496K, 0% used [0x000000078f200000,0x000000078f200000,0x0000000791b80000)
 ParOldGen       total 98816K, used 50158K [0x0000000701600000, 0x0000000707680000, 0x0000000780780000)
  object space 98816K, 50% used [0x0000000701600000,0x00000007046fb8d0,0x0000000707680000)
 Metaspace       used 23813K, capacity 24364K, committed 24576K, reserved 1071104K
  class space    used 2781K, capacity 2965K, committed 3072K, reserved 1048576K
}
Event: 8.415 GC heap before
{Heap before GC invocations=12 (full 1):
 PSYoungGen      total 279552K, used 272671K [0x0000000780780000, 0x0000000794e00000, 0x00000007c0000000)
  eden space 240128K, 100% used [0x0000000780780000,0x000000078f200000,0x000000078f200000)
  from space 39424K, 82% used [0x0000000791b80000,0x0000000793b47d00,0x0000000794200000)
  to   space 42496K, 0% used [0x000000078f200000,0x000000078f200000,0x0000000791b80000)
 ParOldGen       total 98816K, used 50158K [0x0000000701600000, 0x0000000707680000, 0x0000000780780000)
  object space 98816K, 50% used [0x0000000701600000,0x00000007046fb8d0,0x0000000707680000)
 Metaspace       used 23869K, capacity 24498K, committed 24832K, reserved 1071104K
  class space    used 2787K, capacity 2967K, committed 3072K, reserved 1048576K
Event: 8.455 GC heap after
Heap after GC invocations=12 (full 1):
 PSYoungGen      total 282624K, used 34673K [0x0000000780780000, 0x000000079a180000, 0x00000007c0000000)
  eden space 240128K, 0% used [0x0000000780780000,0x0000000780780000,0x000000078f200000)
  from space 42496K, 81% used [0x000000078f200000,0x00000007913dc408,0x0000000791b80000)
  to   space 46080K, 0% used [0x0000000797480000,0x0000000797480000,0x000000079a180000)
 ParOldGen       total 98816K, used 54143K [0x0000000701600000, 0x0000000707680000, 0x0000000780780000)
  object space 98816K, 54% used [0x0000000701600000,0x0000000704adff08,0x0000000707680000)
 Metaspace       used 23869K, capacity 24498K, committed 24832K, reserved 1071104K
  class space    used 2787K, capacity 2967K, committed 3072K, reserved 1048576K
}
Event: 19.247 GC heap before
{Heap before GC invocations=13 (full 1):
 PSYoungGen      total 282624K, used 182352K [0x0000000780780000, 0x000000079a180000, 0x00000007c0000000)
  eden space 240128K, 61% used [0x0000000780780000,0x00000007897b7d68,0x000000078f200000)
  from space 42496K, 81% used [0x000000078f200000,0x00000007913dc408,0x0000000791b80000)
  to   space 46080K, 0% used [0x0000000797480000,0x0000000797480000,0x000000079a180000)
 ParOldGen       total 98816K, used 54143K [0x0000000701600000, 0x0000000707680000, 0x0000000780780000)
  object space 98816K, 54% used [0x0000000701600000,0x0000000704adff08,0x0000000707680000)
 Metaspace       used 34716K, capacity 35360K, committed 35496K, reserved 1081344K
  class space    used 4145K, capacity 4328K, committed 4352K, reserved 1048576K
Event: 19.297 GC heap after
Heap after GC invocations=13 (full 1):
 PSYoungGen      total 353280K, used 11042K [0x0000000780780000, 0x0000000799680000, 0x00000007c0000000)
  eden space 318464K, 0% used [0x0000000780780000,0x0000000780780000,0x0000000793e80000)
  from space 34816K, 31% used [0x0000000797480000,0x0000000797f489b0,0x0000000799680000)
  to   space 45056K, 0% used [0x0000000793e80000,0x0000000793e80000,0x0000000796a80000)
 ParOldGen       total 98816K, used 59746K [0x0000000701600000, 0x0000000707680000, 0x0000000780780000)
  object space 98816K, 60% used [0x0000000701600000,0x00000007050588c8,0x0000000707680000)
 Metaspace       used 34716K, capacity 35360K, committed 35496K, reserved 1081344K
  class space    used 4145K, capacity 4328K, committed 4352K, reserved 1048576K
}
Event: 19.297 GC heap before
{Heap before GC invocations=14 (full 2):
 PSYoungGen      total 353280K, used 11042K [0x0000000780780000, 0x0000000799680000, 0x00000007c0000000)
  eden space 318464K, 0% used [0x0000000780780000,0x0000000780780000,0x0000000793e80000)
  from space 34816K, 31% used [0x0000000797480000,0x0000000797f489b0,0x0000000799680000)
  to   space 45056K, 0% used [0x0000000793e80000,0x0000000793e80000,0x0000000796a80000)
 ParOldGen       total 98816K, used 59746K [0x0000000701600000, 0x0000000707680000, 0x0000000780780000)
  object space 98816K, 60% used [0x0000000701600000,0x00000007050588c8,0x0000000707680000)
 Metaspace       used 34716K, capacity 35360K, committed 35496K, reserved 1081344K
  class space    used 4145K, capacity 4328K, committed 4352K, reserved 1048576K
Event: 19.428 GC heap after
Heap after GC invocations=14 (full 2):
 PSYoungGen      total 353280K, used 0K [0x0000000780780000, 0x0000000799680000, 0x00000007c0000000)
  eden space 318464K, 0% used [0x0000000780780000,0x0000000780780000,0x0000000793e80000)
  from space 34816K, 0% used [0x0000000797480000,0x0000000797480000,0x0000000799680000)
  to   space 45056K, 0% used [0x0000000793e80000,0x0000000793e80000,0x0000000796a80000)
 ParOldGen       total 153088K, used 35615K [0x0000000701600000, 0x000000070ab80000, 0x0000000780780000)
  object space 153088K, 23% used [0x0000000701600000,0x00000007038c7e00,0x000000070ab80000)
 Metaspace       used 34716K, capacity 35360K, committed 35496K, reserved 1081344K
  class space    used 4145K, capacity 4328K, committed 4352K, reserved 1048576K
}

Deoptimization events (10 events):
Event: 20.232 Thread 0x000000001fa92000 Uncommon trap: reason=bimorphic action=maybe_recompile pc=0x000000000365f850 method=java.util.regex.Pattern$Branch.match(Ljava/util/regex/Matcher;ILjava/lang/CharSequence;)Z @ 50
Event: 20.232 Thread 0x000000001fa92000 Uncommon trap: reason=bimorphic action=maybe_recompile pc=0x000000000365f850 method=java.util.regex.Pattern$Branch.match(Ljava/util/regex/Matcher;ILjava/lang/CharSequence;)Z @ 50
Event: 20.232 Thread 0x000000001fa92000 Uncommon trap: reason=bimorphic action=maybe_recompile pc=0x000000000365f850 method=java.util.regex.Pattern$Branch.match(Ljava/util/regex/Matcher;ILjava/lang/CharSequence;)Z @ 50
Event: 20.232 Thread 0x000000001fa92000 Uncommon trap: reason=bimorphic action=maybe_recompile pc=0x000000000365f850 method=java.util.regex.Pattern$Branch.match(Ljava/util/regex/Matcher;ILjava/lang/CharSequence;)Z @ 50
Event: 20.365 Thread 0x000000001fa92000 Uncommon trap: reason=unstable_if action=reinterpret pc=0x00000000030e6964 method=java.io.WinNTFileSystem.resolve(Ljava/lang/String;Ljava/lang/String;)Ljava/lang/String; @ 36
Event: 106.720 Thread 0x00000000287b4800 Uncommon trap: reason=unstable_if action=reinterpret pc=0x000000000324af70 method=java.util.LinkedHashMap.afterNodeRemoval(Ljava/util/HashMap$Node;)V @ 27
Event: 110.844 Thread 0x000000002198f800 Uncommon trap: reason=unstable_if action=reinterpret pc=0x0000000003520eb0 method=java.util.concurrent.ConcurrentHashMap.putVal(Ljava/lang/Object;Ljava/lang/Object;Z)Ljava/lang/Object; @ 98
Event: 111.003 Thread 0x0000000021994000 Uncommon trap: reason=bimorphic action=maybe_recompile pc=0x00000000034250d8 method=java.util.regex.Pattern$5.isSatisfiedBy(I)Z @ 16
Event: 111.004 Thread 0x0000000021994000 Uncommon trap: reason=bimorphic action=maybe_recompile pc=0x00000000034250d8 method=java.util.regex.Pattern$5.isSatisfiedBy(I)Z @ 16
Event: 111.016 Thread 0x000000002198d000 Uncommon trap: reason=unstable_if action=reinterpret pc=0x00000000032334c0 method=java.nio.Buffer.limit(I)Ljava/nio/Buffer; @ 33

Internal exceptions (10 events):
Event: 20.160 Thread 0x000000001fa92000 Exception <a 'java/lang/ClassNotFoundException': org/springframework/beans/factory/config/AbstractFactoryBeanCustomizer> (0x0000000782e42338) thrown at [C:\re\workspace\8-2-build-windows-amd64-cygwin\jdk8u121\8372\hotspot\src\share\vm\classfile\systemDict
Event: 20.164 Thread 0x000000001fa92000 Exception <a 'java/lang/ClassNotFoundException': org/springframework/beans/factory/config/ListFactoryBeanCustomizer> (0x0000000782e76468) thrown at [C:\re\workspace\8-2-build-windows-amd64-cygwin\jdk8u121\8372\hotspot\src\share\vm\classfile\systemDictiona
Event: 20.207 Thread 0x000000001fa92000 Exception <a 'java/lang/ClassNotFoundException': org/springframework/security/web/FilterChainProxyBeanInfo> (0x0000000782f4ae80) thrown at [C:\re\workspace\8-2-build-windows-amd64-cygwin\jdk8u121\8372\hotspot\src\share\vm\classfile\systemDictionary.cpp, l
Event: 20.208 Thread 0x000000001fa92000 Exception <a 'java/lang/ClassNotFoundException': org/springframework/security/web/FilterChainProxyCustomizer> (0x0000000782f70a68) thrown at [C:\re\workspace\8-2-build-windows-amd64-cygwin\jdk8u121\8372\hotspot\src\share\vm\classfile\systemDictionary.cpp,
Event: 20.254 Thread 0x000000001fa92000 Exception <a 'java/io/FileNotFoundException'> (0x0000000783096e60) thrown at [C:\re\workspace\8-2-build-windows-amd64-cygwin\jdk8u121\8372\hotspot\src\share\vm\prims\jni.cpp, line 709]
Event: 20.271 Thread 0x000000001fa92000 Exception <a 'java/lang/ClassNotFoundException': org/springframework/web/filter/CharacterEncodingFilterBeanInfo> (0x00000007830f6fd8) thrown at [C:\re\workspace\8-2-build-windows-amd64-cygwin\jdk8u121\8372\hotspot\src\share\vm\classfile\systemDictionary.c
Event: 20.271 Thread 0x000000001fa92000 Exception <a 'java/lang/ClassNotFoundException': org/springframework/web/filter/OncePerRequestFilterBeanInfo> (0x000000078311ca20) thrown at [C:\re\workspace\8-2-build-windows-amd64-cygwin\jdk8u121\8372\hotspot\src\share\vm\classfile\systemDictionary.cpp,
Event: 20.280 Thread 0x000000001fa92000 Exception <a 'java/lang/ClassNotFoundException': org/springframework/web/filter/OncePerRequestFilterCustomizer> (0x0000000783142ee8) thrown at [C:\re\workspace\8-2-build-windows-amd64-cygwin\jdk8u121\8372\hotspot\src\share\vm\classfile\systemDictionary.cp
Event: 20.283 Thread 0x000000001fa92000 Exception <a 'java/lang/ClassNotFoundException': org/springframework/web/filter/CharacterEncodingFilterCustomizer> (0x000000078316c8e0) thrown at [C:\re\workspace\8-2-build-windows-amd64-cygwin\jdk8u121\8372\hotspot\src\share\vm\classfile\systemDictionary
Event: 106.751 Thread 0x00000000287b4800 Exception <a 'java/lang/NullPointerException'> (0x0000000784629208) thrown at [C:\re\workspace\8-2-build-windows-amd64-cygwin\jdk8u121\8372\hotspot\src\share\vm\interpreter\linkResolver.cpp, line 1178]

Events (10 events):
Event: 111.085 Executing VM operation: RevokeBias
Event: 111.086 Executing VM operation: RevokeBias done
Event: 111.087 Executing VM operation: RevokeBias
Event: 111.089 Executing VM operation: RevokeBias done
Event: 111.089 Executing VM operation: RevokeBias
Event: 111.089 Executing VM operation: RevokeBias done
Event: 111.089 Executing VM operation: RevokeBias
Event: 111.089 Executing VM operation: RevokeBias done
Event: 111.089 Executing VM operation: RevokeBias
Event: 111.089 Executing VM operation: RevokeBias done


Dynamic libraries:
0x00007ff797970000 - 0x00007ff7979a7000 	C:\Program Files\Java\jdk1.8.0_121\bin\java.exe
0x00007ffd8e100000 - 0x00007ffd8e2e1000 	C:\WINDOWS\SYSTEM32\ntdll.dll
0x00007ffd8dea0000 - 0x00007ffd8df52000 	C:\WINDOWS\System32\KERNEL32.DLL
0x00007ffd8afd0000 - 0x00007ffd8b243000 	C:\WINDOWS\System32\KERNELBASE.dll
0x00007ffd8dcc0000 - 0x00007ffd8dd61000 	C:\WINDOWS\System32\ADVAPI32.dll
0x00007ffd8dc20000 - 0x00007ffd8dcbe000 	C:\WINDOWS\System32\msvcrt.dll
0x00007ffd8b590000 - 0x00007ffd8b5eb000 	C:\WINDOWS\System32\sechost.dll
0x00007ffd8b820000 - 0x00007ffd8b944000 	C:\WINDOWS\System32\RPCRT4.dll
0x00007ffd8b690000 - 0x00007ffd8b820000 	C:\WINDOWS\System32\USER32.dll
0x00007ffd8afb0000 - 0x00007ffd8afd0000 	C:\WINDOWS\System32\win32u.dll
0x00007ffd8b5f0000 - 0x00007ffd8b618000 	C:\WINDOWS\System32\GDI32.dll
0x00007ffd8a580000 - 0x00007ffd8a712000 	C:\WINDOWS\System32\gdi32full.dll
0x00007ffd8b4f0000 - 0x00007ffd8b58f000 	C:\WINDOWS\System32\msvcp_win.dll
0x00007ffd8a720000 - 0x00007ffd8a81a000 	C:\WINDOWS\System32\ucrtbase.dll
0x00007ffd804e0000 - 0x00007ffd80749000 	C:\WINDOWS\WinSxS\amd64_microsoft.windows.common-controls_6595b64144ccf1df_6.0.17134.228_none_fb4599993062b194\COMCTL32.dll
0x00007ffd8ceb0000 - 0x00007ffd8d1d3000 	C:\WINDOWS\System32\combase.dll
0x00007ffd8a820000 - 0x00007ffd8a89a000 	C:\WINDOWS\System32\bcryptPrimitives.dll
0x00007ffd8b950000 - 0x00007ffd8b97d000 	C:\WINDOWS\System32\IMM32.DLL
0x000000006c9e0000 - 0x000000006cab2000 	C:\Program Files\Java\jdk1.8.0_121\jre\bin\msvcr100.dll
0x000000006c140000 - 0x000000006c9db000 	C:\Program Files\Java\jdk1.8.0_121\jre\bin\server\jvm.dll
0x00007ffd8e0b0000 - 0x00007ffd8e0b8000 	C:\WINDOWS\System32\PSAPI.DLL
0x00007ffd86a50000 - 0x00007ffd86a73000 	C:\WINDOWS\SYSTEM32\WINMM.dll
0x00007ffd83fd0000 - 0x00007ffd83fda000 	C:\WINDOWS\SYSTEM32\VERSION.dll
0x00007ffd70ff0000 - 0x00007ffd70ff9000 	C:\WINDOWS\SYSTEM32\WSOCK32.dll
0x00007ffd8db10000 - 0x00007ffd8db7c000 	C:\WINDOWS\System32\WS2_32.dll
0x00007ffd86a20000 - 0x00007ffd86a4a000 	C:\WINDOWS\SYSTEM32\WINMMBASE.dll
0x00007ffd8a4d0000 - 0x00007ffd8a519000 	C:\WINDOWS\System32\cfgmgr32.dll
0x000000006c130000 - 0x000000006c13f000 	C:\Program Files\Java\jdk1.8.0_121\jre\bin\verify.dll
0x000000006c100000 - 0x000000006c129000 	C:\Program Files\Java\jdk1.8.0_121\jre\bin\java.dll
0x000000006c0d0000 - 0x000000006c0f3000 	C:\Program Files\Java\jdk1.8.0_121\jre\bin\instrument.dll
0x000000006c0b0000 - 0x000000006c0c6000 	C:\Program Files\Java\jdk1.8.0_121\jre\bin\zip.dll
0x00007ffd8b980000 - 0x00007ffd8cdc0000 	C:\WINDOWS\System32\SHELL32.dll
0x00007ffd8ddf0000 - 0x00007ffd8de99000 	C:\WINDOWS\System32\shcore.dll
0x00007ffd8a8a0000 - 0x00007ffd8afad000 	C:\WINDOWS\System32\windows.storage.dll
0x00007ffd8b620000 - 0x00007ffd8b671000 	C:\WINDOWS\System32\shlwapi.dll
0x00007ffd8a470000 - 0x00007ffd8a481000 	C:\WINDOWS\System32\kernel.appcore.dll
0x00007ffd8a4b0000 - 0x00007ffd8a4cf000 	C:\WINDOWS\System32\profapi.dll
0x00007ffd8a420000 - 0x00007ffd8a46c000 	C:\WINDOWS\System32\powrprof.dll
0x00007ffd8a410000 - 0x00007ffd8a41a000 	C:\WINDOWS\System32\FLTLIB.DLL
0x00007ffd78aa0000 - 0x00007ffd78aba000 	D:\IntelliJ_IDEA\IntelliJ IDEA 2018.1.3\bin\breakgen64.dll
0x000000006c090000 - 0x000000006c0aa000 	C:\Program Files\Java\jdk1.8.0_121\jre\bin\net.dll
0x00007ffd89c90000 - 0x00007ffd89cf6000 	C:\WINDOWS\system32\mswsock.dll
0x000000006c070000 - 0x000000006c081000 	C:\Program Files\Java\jdk1.8.0_121\jre\bin\nio.dll
0x00007ffd89e40000 - 0x00007ffd89e57000 	C:\WINDOWS\SYSTEM32\CRYPTSP.dll
0x00007ffd89870000 - 0x00007ffd898a3000 	C:\WINDOWS\system32\rsaenh.dll
0x00007ffd89f70000 - 0x00007ffd89f95000 	C:\WINDOWS\SYSTEM32\bcrypt.dll
0x00007ffd8a340000 - 0x00007ffd8a368000 	C:\WINDOWS\SYSTEM32\USERENV.dll
0x00007ffd89e60000 - 0x00007ffd89e6b000 	C:\WINDOWS\SYSTEM32\CRYPTBASE.dll
0x00007ffd89a10000 - 0x00007ffd89a48000 	C:\WINDOWS\SYSTEM32\IPHLPAPI.DLL
0x00007ffd8e0c0000 - 0x00007ffd8e0c8000 	C:\WINDOWS\System32\NSI.dll
0x00007ffd840f0000 - 0x00007ffd84106000 	C:\WINDOWS\SYSTEM32\dhcpcsvc6.DLL
0x00007ffd840d0000 - 0x00007ffd840ea000 	C:\WINDOWS\SYSTEM32\dhcpcsvc.DLL
0x000000006c030000 - 0x000000006c03d000 	C:\Program Files\Java\jdk1.8.0_121\jre\bin\management.dll
0x00007ffd74480000 - 0x00007ffd74496000 	C:\WINDOWS\system32\napinsp.dll
0x00007ffd74340000 - 0x00007ffd7435a000 	C:\WINDOWS\system32\pnrpnsp.dll
0x00007ffd880e0000 - 0x00007ffd880f9000 	C:\WINDOWS\system32\NLAapi.dll
0x00007ffd89a50000 - 0x00007ffd89b0e000 	C:\WINDOWS\SYSTEM32\DNSAPI.dll
0x00007ffd74330000 - 0x00007ffd7433e000 	C:\WINDOWS\System32\winrnr.dll
0x00007ffd82f80000 - 0x00007ffd82f8a000 	C:\Windows\System32\rasadhlp.dll
0x00007ffd7ff60000 - 0x00007ffd7ffd2000 	C:\WINDOWS\System32\fwpuclnt.dll

VM Arguments:
jvm_args: -Dmaven.multiModuleProjectDirectory=E:\IntelliJ_IDEA_Path\JavaEE\pinyougou-parent\pinyougou-parent\pinyougou-shop-web -Dmaven.home=D:\IntelliJ_IDEA\IntelliJ IDEA 2018.1.3\plugins\maven\lib\maven3 -Dclassworlds.conf=D:\IntelliJ_IDEA\IntelliJ IDEA 2018.1.3\plugins\maven\lib\maven3\bin\m2.conf -javaagent:D:\IntelliJ_IDEA\IntelliJ IDEA 2018.1.3\lib\idea_rt.jar=59896:D:\IntelliJ_IDEA\IntelliJ IDEA 2018.1.3\bin -Dfile.encoding=UTF-8 
java_command: org.codehaus.classworlds.Launcher -Didea.version=2018.1.3 -Dmaven.repo.local=C:\Users\GaoHang\.m2\repository tomcat7:run
java_class_path (initial): D:\IntelliJ_IDEA\IntelliJ IDEA 2018.1.3\plugins\maven\lib\maven3\boot\plexus-classworlds-2.5.2.jar;D:\IntelliJ_IDEA\IntelliJ IDEA 2018.1.3\lib\idea_rt.jar
Launcher Type: SUN_STANDARD

Environment Variables:
JAVA_HOME=C:\Program Files\Java\jdk1.8.0_121
CLASSPATH="C:\Program Files\Java\jdk1.8.0_121\lib\*.jar;";E:\apache-tomcat-9.0.8\lib\servlet-api.jar;
PATH=D:\app\GaoHang\product\11.2.0\dbhome_1\bin;D:\python_3.6.4(32bit)\Scripts\;D:\python_3.6.4(32bit)\;D:\python\;C:\WINDOWS\system32;C:\WINDOWS;C:\WINDOWS\System32\Wbem;C:\WINDOWS\System32\WindowsPowerShell\v1.0\;C:\Program Files (x86)\Windows Kits\8.1\Windows Performance Toolkit\;C:\Program Files\Microsoft SQL Server\110\Tools\Binn\;D:\python;E:\C++\Tuple - 跳一跳辅助\ADB工具\ADB工具;C:\Progr;m Files\Intel\WiFi\bin\;C:\Program Files\Common Files\Intel\WirelessCommon\;C:\Program Files (x86)\NVIDIA Corporation\PhysX\Common;C:\Program Files\Java\jdk1.8.0_121\bin;C:\Program Files\Java\jdk1.8.0_121\jre\bin;C:\ProgramData\Oracle\Java\javapath;C:\Program Files\Intel\WiFi\bin\;C:\Program Files\MySQL\MySQL Server 5.5\bin;C:\WINDOWS\system32;C:\WINDOWS;C:\WINDOWS\System32\Wbem;C:\WINDOWS\System32\WindowsPowerShell\v1.0\;C:\WINDOWS\System32\OpenSSH\;E:\apache-tomcat-9.0.8\bin;E:\apache-tomcat-9.0.8\lib;E:\apache-maven-3.5.4\bin;D:\Git\cmd;C:\Users\GaoHang\AppData\Local\Microsoft\WindowsApps;C:\Program Files\Intel\WiFi\bin\;C:\Program Files\Common Files\Intel\WirelessCommon\;%USERPROFILE%\AppData\Local\Microsoft\WindowsApps;
USERNAME=GaoHang
OS=Windows_NT
PROCESSOR_IDENTIFIER=Intel64 Family 6 Model 60 Stepping 3, GenuineIntel



---------------  S Y S T E M  ---------------

OS: Windows 10.0 , 64 bit Build 17134 (10.0.17134.1)

CPU:total 4 (2 cores per cpu, 2 threads per core) family 6 model 60 stepping 3, cmov, cx8, fxsr, mmx, sse, sse2, sse3, ssse3, sse4.1, sse4.2, popcnt, avx, avx2, aes, clmul, erms, lzcnt, ht, tsc, tscinvbit, bmi1, bmi2

Memory: 4k page, physical 12488024k(4650616k free), swap 26914460k(1076k free)

vm_info: Java HotSpot(TM) 64-Bit Server VM (25.121-b13) for windows-amd64 JRE (1.8.0_121-b13), built on Dec 12 2016 18:21:36 by "java_re" with MS VC++ 10.0 (VS2010)

time: Fri Aug 24 16:45:19 2018
elapsed time: 111 seconds (0d 0h 1m 51s)

