#
# There is insufficient memory for the Java Runtime Environment to continue.
# Native memory allocation (malloc) failed to allocate 32744 bytes for ChunkPool::allocate
# Possible reasons:
#   The system is out of physical RAM or swap space
#   In 32 bit mode, the process size limit was hit
# Possible solutions:
#   Reduce memory load on the system
#   Increase physical memory or swap space
#   Check if swap backing store is full
#   Use 64 bit Java on a 64 bit OS
#   Decrease Java heap size (-Xmx/-Xms)
#   Decrease number of Java threads
#   Decrease Java thread stack sizes (-Xss)
#   Set larger code cache with -XX:ReservedCodeCacheSize=
# This output file may be truncated or incomplete.
#
#  Out of Memory Error (allocation.cpp:273), pid=15364, tid=0x0000000000004e30
#
# JRE version: Java(TM) SE Runtime Environment (8.0_121-b13) (build 1.8.0_121-b13)
# Java VM: Java HotSpot(TM) 64-Bit Server VM (25.121-b13 mixed mode windows-amd64 compressed oops)
# Failed to write core dump. Minidumps are not enabled by default on client versions of Windows
#

---------------  T H R E A D  ---------------

Current thread (0x000000001bac8800):  JavaThread "C2 CompilerThread0" daemon [_thread_in_native, id=20016, stack(0x000000001c190000,0x000000001c290000)]

Stack: [0x000000001c190000,0x000000001c290000]
[error occurred during error reporting (printing stack bounds), id 0xc0000005]

Native frames: (J=compiled Java code, j=interpreted, Vv=VM code, C=native code)


Current CompileTask:
C2: 262861 7444       4       java.io.ObjectOutputStream::writeClassDesc (60 bytes)


---------------  P R O C E S S  ---------------

Java Threads: ( => current thread )
  0x0000000024454000 JavaThread "DubboServerHandler-192.168.133.1:20881-thread-5" daemon [_thread_in_Java, id=7068, stack(0x000000002a170000,0x000000002a270000)]
  0x0000000024453800 JavaThread "DubboServerHandler-192.168.133.1:20881-thread-4" daemon [_thread_blocked, id=19420, stack(0x000000002a070000,0x000000002a170000)]
  0x0000000024451000 JavaThread "DubboServerHandler-192.168.133.1:20881-thread-3" daemon [_thread_blocked, id=6284, stack(0x0000000029f70000,0x000000002a070000)]
  0x000000002444f800 JavaThread "Druid-ConnectionPool-Destroy-636816322" daemon [_thread_blocked, id=16140, stack(0x0000000029e70000,0x0000000029f70000)]
  0x000000002444e000 JavaThread "Druid-ConnectionPool-Create-636816322" daemon [_thread_blocked, id=9740, stack(0x0000000029d70000,0x0000000029e70000)]
  0x0000000024452800 JavaThread "Abandoned connection cleanup thread" daemon [_thread_blocked, id=11416, stack(0x0000000029c70000,0x0000000029d70000)]
  0x0000000024452000 JavaThread "DubboServerHandler-192.168.133.1:20881-thread-2" daemon [_thread_blocked, id=19152, stack(0x0000000029b70000,0x0000000029c70000)]
  0x000000002444f000 JavaThread "DubboResponseTimeoutScanTimer" daemon [_thread_blocked, id=3808, stack(0x0000000029a70000,0x0000000029b70000)]
  0x0000000024446800 JavaThread "DubboServerHandler-192.168.133.1:20881-thread-1" daemon [_thread_blocked, id=18944, stack(0x0000000029970000,0x0000000029a70000)]
  0x000000002444d800 JavaThread "http-bio-9001-AsyncTimeout" daemon [_thread_blocked, id=16772, stack(0x0000000029670000,0x0000000029770000)]
  0x000000002444a800 JavaThread "http-bio-9001-Acceptor-0" daemon [_thread_in_native, id=18528, stack(0x0000000029570000,0x0000000029670000)]
  0x000000002444c000 JavaThread "ContainerBackgroundProcessor[StandardEngine[Tomcat]]" daemon [_thread_blocked, id=8908, stack(0x0000000029470000,0x0000000029570000)]
  0x0000000024449000 JavaThread "DubboSaveRegistryCache-thread-1" daemon [_thread_blocked, id=11580, stack(0x0000000029370000,0x0000000029470000)]
  0x0000000024447800 JavaThread "localhost-startStop-1-EventThread" daemon [_thread_blocked, id=18632, stack(0x0000000029170000,0x0000000029270000)]
  0x000000002444b000 JavaThread "localhost-startStop-1-SendThread(192.168.25.128:2181)" daemon [_thread_in_native, id=19132, stack(0x0000000029070000,0x0000000029170000)]
  0x0000000024448000 JavaThread "ZkClient-EventThread-27-192.168.25.128:2181" daemon [_thread_blocked, id=5168, stack(0x0000000028f70000,0x0000000029070000)]
  0x000000001faab800 JavaThread "DubboRegistryFailedRetryTimer-thread-1" daemon [_thread_blocked, id=16128, stack(0x0000000028e70000,0x0000000028f70000)]
  0x000000001faa9800 JavaThread "dubbo-remoting-server-heartbeat-thread-1" daemon [_thread_blocked, id=20312, stack(0x0000000028d70000,0x0000000028e70000)]
  0x000000001faa8000 JavaThread "New I/O server boss #6" daemon [_thread_in_native, id=18324, stack(0x0000000028c70000,0x0000000028d70000)]
  0x000000001faae800 JavaThread "New I/O worker #5" daemon [_thread_in_native, id=6928, stack(0x0000000028b70000,0x0000000028c70000)]
  0x000000001faad000 JavaThread "New I/O worker #4" daemon [_thread_in_native, id=10076, stack(0x0000000028a70000,0x0000000028b70000)]
  0x000000001faac800 JavaThread "New I/O worker #3" daemon [_thread_in_native, id=3700, stack(0x0000000028970000,0x0000000028a70000)]
  0x000000001faaa000 JavaThread "New I/O worker #2" daemon [_thread_in_native, id=14688, stack(0x0000000028870000,0x0000000028970000)]
  0x000000001faae000 JavaThread "New I/O worker #1" daemon [_thread_in_native, id=2588, stack(0x0000000027e30000,0x0000000027f30000)]
  0x000000001c9fa800 JavaThread "commons-pool-EvictionTimer" daemon [_thread_blocked, id=17580, stack(0x0000000027b30000,0x0000000027c30000)]
  0x000000001cfcf000 JavaThread "Thread-2" daemon [_thread_in_native, id=13764, stack(0x0000000021d50000,0x0000000021e50000)]
  0x000000001bb6d800 JavaThread "Service Thread" daemon [_thread_blocked, id=16796, stack(0x000000001c490000,0x000000001c590000)]
  0x000000001bad1000 JavaThread "C1 CompilerThread2" daemon [_thread_blocked, id=8152, stack(0x000000001c390000,0x000000001c490000)]
  0x000000001bacf800 JavaThread "C2 CompilerThread1" daemon [_thread_in_native, id=18408, stack(0x000000001c290000,0x000000001c390000)]
=>0x000000001bac8800 JavaThread "C2 CompilerThread0" daemon [_thread_in_native, id=20016, stack(0x000000001c190000,0x000000001c290000)]
  0x000000001a6f3800 JavaThread "Monitor Ctrl-Break" daemon [_thread_in_native, id=11584, stack(0x000000001c090000,0x000000001c190000)]
  0x000000001a73d000 JavaThread "Attach Listener" daemon [_thread_blocked, id=4276, stack(0x000000001bf90000,0x000000001c090000)]
  0x000000001baa0800 JavaThread "Signal Dispatcher" daemon [_thread_blocked, id=19584, stack(0x000000001be90000,0x000000001bf90000)]
  0x000000001a6ca800 JavaThread "Finalizer" daemon [_thread_blocked, id=15672, stack(0x000000001b930000,0x000000001ba30000)]
  0x000000001a6a9000 JavaThread "Reference Handler" daemon [_thread_blocked, id=12384, stack(0x000000001b830000,0x000000001b930000)]
  0x00000000033ee800 JavaThread "main" [_thread_blocked, id=14736, stack(0x00000000032b0000,0x00000000033b0000)]

Other Threads:
  0x000000001a6a8000 VMThread [stack: 0x000000001b730000,0x000000001b830000] [id=14204]
  0x000000001bb88800 WatcherThread [stack: 0x000000001c590000,0x000000001c690000] [id=18968]

VM state:not at safepoint (normal execution)

VM Mutex/Monitor currently owned by a thread: None

Heap:
 PSYoungGen      total 470528K, used 44686K [0x0000000780780000, 0x00000007aa680000, 0x00000007c0000000)
  eden space 419840K, 5% used [0x0000000780780000,0x0000000781de10a8,0x000000079a180000)
  from space 50688K, 42% used [0x000000079a180000,0x000000079b6c29d0,0x000000079d300000)
  to   space 48128K, 0% used [0x00000007a7780000,0x00000007a7780000,0x00000007aa680000)
 ParOldGen       total 140800K, used 30306K [0x0000000701600000, 0x0000000709f80000, 0x0000000780780000)
  object space 140800K, 21% used [0x0000000701600000,0x0000000703398880,0x0000000709f80000)
 Metaspace       used 49352K, capacity 50664K, committed 50944K, reserved 1093632K
  class space    used 5761K, capacity 6066K, committed 6144K, reserved 1048576K

Card table byte_map: [0x00000000129b0000,0x0000000012fb0000] byte_map_base: 0x000000000f1a5000

Marking Bits: (ParMarkBitMap*) 0x000000006c95b6d0
 Begin Bits: [0x00000000137b0000, 0x0000000016758000)
 End Bits:   [0x0000000016758000, 0x0000000019700000)

Polling page: 0x0000000002f00000

CodeCache: size=245760Kb used=19411Kb max_used=19667Kb free=226348Kb
 bounds [0x00000000035f0000, 0x0000000004940000, 0x00000000125f0000]
 total_blobs=6873 nmethods=6334 adapters=451
 compilation: enabled

Compilation events (10 events):
Event: 262.735 Thread 0x000000001bac8800 nmethod 7439 0x00000000041d2910 code [0x00000000041d2a60, 0x00000000041d2cd8]
Event: 262.738 Thread 0x000000001bac8800 7440       4       org.springframework.core.serializer.support.SerializingConverter::convert (6 bytes)
Event: 262.779 Thread 0x000000001bacf800 nmethod 7438 0x00000000046fe990 code [0x00000000046fec20, 0x0000000004701170]
Event: 262.779 Thread 0x000000001bacf800 7441       4       java.io.ObjectStreamClass$WeakClassKey::equals (42 bytes)
Event: 262.780 Thread 0x000000001bacf800 nmethod 7441 0x0000000004468f50 code [0x00000000044690a0, 0x0000000004469198]
Event: 262.781 Thread 0x000000001bacf800 7442   !   4       java.io.ObjectStreamClass::lookup (335 bytes)
Event: 262.792 Thread 0x000000001bacf800 nmethod 7442 0x0000000004633090 code [0x0000000004633240, 0x0000000004633a68]
Event: 262.792 Thread 0x000000001bacf800 7443   !   4       java.io.ObjectOutputStream::writeObject0 (619 bytes)
Event: 262.800 Thread 0x000000001bac8800 nmethod 7440 0x00000000046fa490 code [0x00000000046fa700, 0x00000000046fcbd0]
Event: 262.800 Thread 0x000000001bac8800 7444       4       java.io.ObjectOutputStream::writeClassDesc (60 bytes)

GC Heap History (10 events):
Event: 8.996 GC heap before
{Heap before GC invocations=11 (full 1):
 PSYoungGen      total 233984K, used 233957K [0x0000000780780000, 0x0000000797900000, 0x00000007c0000000)
  eden space 201728K, 100% used [0x0000000780780000,0x000000078cc80000,0x000000078cc80000)
  from space 32256K, 99% used [0x000000078cc80000,0x000000078ebf9500,0x000000078ec00000)
  to   space 42496K, 0% used [0x0000000794f80000,0x0000000794f80000,0x0000000797900000)
 ParOldGen       total 94208K, used 51060K [0x0000000701600000, 0x0000000707200000, 0x0000000780780000)
  object space 94208K, 54% used [0x0000000701600000,0x00000007047dd0d8,0x0000000707200000)
 Metaspace       used 27862K, capacity 28540K, committed 28928K, reserved 1075200K
  class space    used 3278K, capacity 3498K, committed 3584K, reserved 1048576K
Event: 9.032 GC heap after
Heap after GC invocations=11 (full 1):
 PSYoungGen      total 332288K, used 35458K [0x0000000780780000, 0x0000000798100000, 0x00000007c0000000)
  eden space 289792K, 0% used [0x0000000780780000,0x0000000780780000,0x0000000792280000)
  from space 42496K, 83% used [0x0000000794f80000,0x0000000797220b28,0x0000000797900000)
  to   space 46080K, 0% used [0x0000000792280000,0x0000000792280000,0x0000000794f80000)
 ParOldGen       total 94208K, used 55365K [0x0000000701600000, 0x0000000707200000, 0x0000000780780000)
  object space 94208K, 58% used [0x0000000701600000,0x0000000704c11648,0x0000000707200000)
 Metaspace       used 27862K, capacity 28540K, committed 28928K, reserved 1075200K
  class space    used 3278K, capacity 3498K, committed 3584K, reserved 1048576K
}
Event: 10.219 GC heap before
{Heap before GC invocations=12 (full 1):
 PSYoungGen      total 332288K, used 325250K [0x0000000780780000, 0x0000000798100000, 0x00000007c0000000)
  eden space 289792K, 100% used [0x0000000780780000,0x0000000792280000,0x0000000792280000)
  from space 42496K, 83% used [0x0000000794f80000,0x0000000797220b28,0x0000000797900000)
  to   space 46080K, 0% used [0x0000000792280000,0x0000000792280000,0x0000000794f80000)
 ParOldGen       total 94208K, used 55365K [0x0000000701600000, 0x0000000707200000, 0x0000000780780000)
  object space 94208K, 58% used [0x0000000701600000,0x0000000704c11648,0x0000000707200000)
 Metaspace       used 32372K, capacity 33116K, committed 33280K, reserved 1079296K
  class space    used 3838K, capacity 4084K, committed 4096K, reserved 1048576K
Event: 10.263 GC heap after
Heap after GC invocations=12 (full 1):
 PSYoungGen      total 335872K, used 37710K [0x0000000780780000, 0x00000007a0400000, 0x00000007c0000000)
  eden space 289792K, 0% used [0x0000000780780000,0x0000000780780000,0x0000000792280000)
  from space 46080K, 81% used [0x0000000792280000,0x0000000794753878,0x0000000794f80000)
  to   space 50176K, 0% used [0x000000079d300000,0x000000079d300000,0x00000007a0400000)
 ParOldGen       total 94208K, used 57839K [0x0000000701600000, 0x0000000707200000, 0x0000000780780000)
  object space 94208K, 61% used [0x0000000701600000,0x0000000704e7bcb8,0x0000000707200000)
 Metaspace       used 32372K, capacity 33116K, committed 33280K, reserved 1079296K
  class space    used 3838K, capacity 4084K, committed 4096K, reserved 1048576K
}
Event: 10.603 GC heap before
{Heap before GC invocations=13 (full 1):
 PSYoungGen      total 335872K, used 71929K [0x0000000780780000, 0x00000007a0400000, 0x00000007c0000000)
  eden space 289792K, 11% used [0x0000000780780000,0x00000007828eaf78,0x0000000792280000)
  from space 46080K, 81% used [0x0000000792280000,0x0000000794753878,0x0000000794f80000)
  to   space 50176K, 0% used [0x000000079d300000,0x000000079d300000,0x00000007a0400000)
 ParOldGen       total 94208K, used 57839K [0x0000000701600000, 0x0000000707200000, 0x0000000780780000)
  object space 94208K, 61% used [0x0000000701600000,0x0000000704e7bcb8,0x0000000707200000)
 Metaspace       used 34626K, capacity 35292K, committed 35496K, reserved 1081344K
  class space    used 4113K, capacity 4340K, committed 4352K, reserved 1048576K
Event: 10.618 GC heap after
Heap after GC invocations=13 (full 1):
 PSYoungGen      total 470016K, used 2914K [0x0000000780780000, 0x00000007a0500000, 0x00000007c0000000)
  eden space 419840K, 0% used [0x0000000780780000,0x0000000780780000,0x000000079a180000)
  from space 50176K, 5% used [0x000000079d300000,0x000000079d5d8838,0x00000007a0400000)
  to   space 50688K, 0% used [0x000000079a180000,0x000000079a180000,0x000000079d300000)
 ParOldGen       total 94208K, used 63760K [0x0000000701600000, 0x0000000707200000, 0x0000000780780000)
  object space 94208K, 67% used [0x0000000701600000,0x0000000705444180,0x0000000707200000)
 Metaspace       used 34626K, capacity 35292K, committed 35496K, reserved 1081344K
  class space    used 4113K, capacity 4340K, committed 4352K, reserved 1048576K
}
Event: 10.618 GC heap before
{Heap before GC invocations=14 (full 2):
 PSYoungGen      total 470016K, used 2914K [0x0000000780780000, 0x00000007a0500000, 0x00000007c0000000)
  eden space 419840K, 0% used [0x0000000780780000,0x0000000780780000,0x000000079a180000)
  from space 50176K, 5% used [0x000000079d300000,0x000000079d5d8838,0x00000007a0400000)
  to   space 50688K, 0% used [0x000000079a180000,0x000000079a180000,0x000000079d300000)
 ParOldGen       total 94208K, used 63760K [0x0000000701600000, 0x0000000707200000, 0x0000000780780000)
  object space 94208K, 67% used [0x0000000701600000,0x0000000705444180,0x0000000707200000)
 Metaspace       used 34626K, capacity 35292K, committed 35496K, reserved 1081344K
  class space    used 4113K, capacity 4340K, committed 4352K, reserved 1048576K
Event: 10.732 GC heap after
Heap after GC invocations=14 (full 2):
 PSYoungGen      total 470016K, used 0K [0x0000000780780000, 0x00000007a0500000, 0x00000007c0000000)
  eden space 419840K, 0% used [0x0000000780780000,0x0000000780780000,0x000000079a180000)
  from space 50176K, 0% used [0x000000079d300000,0x000000079d300000,0x00000007a0400000)
  to   space 50688K, 0% used [0x000000079a180000,0x000000079a180000,0x000000079d300000)
 ParOldGen       total 140800K, used 30290K [0x0000000701600000, 0x0000000709f80000, 0x0000000780780000)
  object space 140800K, 21% used [0x0000000701600000,0x0000000703394880,0x0000000709f80000)
 Metaspace       used 34626K, capacity 35292K, committed 35496K, reserved 1081344K
  class space    used 4113K, capacity 4340K, committed 4352K, reserved 1048576K
}
Event: 262.558 GC heap before
{Heap before GC invocations=15 (full 2):
 PSYoungGen      total 470016K, used 419840K [0x0000000780780000, 0x00000007a0500000, 0x00000007c0000000)
  eden space 419840K, 100% used [0x0000000780780000,0x000000079a180000,0x000000079a180000)
  from space 50176K, 0% used [0x000000079d300000,0x000000079d300000,0x00000007a0400000)
  to   space 50688K, 0% used [0x000000079a180000,0x000000079a180000,0x000000079d300000)
 ParOldGen       total 140800K, used 30290K [0x0000000701600000, 0x0000000709f80000, 0x0000000780780000)
  object space 140800K, 21% used [0x0000000701600000,0x0000000703394880,0x0000000709f80000)
 Metaspace       used 49352K, capacity 50664K, committed 50944K, reserved 1093632K
  class space    used 5761K, capacity 6066K, committed 6144K, reserved 1048576K
Event: 262.642 GC heap after
Heap after GC invocations=15 (full 2):
 PSYoungGen      total 470528K, used 21770K [0x0000000780780000, 0x00000007aa680000, 0x00000007c0000000)
  eden space 419840K, 0% used [0x0000000780780000,0x0000000780780000,0x000000079a180000)
  from space 50688K, 42% used [0x000000079a180000,0x000000079b6c29d0,0x000000079d300000)
  to   space 48128K, 0% used [0x00000007a7780000,0x00000007a7780000,0x00000007aa680000)
 ParOldGen       total 140800K, used 30306K [0x0000000701600000, 0x0000000709f80000, 0x0000000780780000)
  object space 140800K, 21% used [0x0000000701600000,0x0000000703398880,0x0000000709f80000)
 Metaspace       used 49352K, capacity 50664K, committed 50944K, reserved 1093632K
  class space    used 5761K, capacity 6066K, committed 6144K, reserved 1048576K
}

Deoptimization events (10 events):
Event: 21.845 Thread 0x000000001cca8800 Uncommon trap: reason=array_check action=maybe_recompile pc=0x0000000003c1df74 method=java.util.AbstractCollection.toArray([Ljava/lang/Object;)[Ljava/lang/Object; @ 119
Event: 21.845 Thread 0x000000001cca8800 Uncommon trap: reason=array_check action=maybe_recompile pc=0x0000000003c1df74 method=java.util.AbstractCollection.toArray([Ljava/lang/Object;)[Ljava/lang/Object; @ 119
Event: 21.845 Thread 0x000000001cca8800 Uncommon trap: reason=array_check action=maybe_recompile pc=0x0000000003c1df74 method=java.util.AbstractCollection.toArray([Ljava/lang/Object;)[Ljava/lang/Object; @ 119
Event: 22.140 Thread 0x000000001cca8800 Uncommon trap: reason=unstable_if action=reinterpret pc=0x0000000004657b74 method=java.net.URLClassLoader.isSealed(Ljava/lang/String;Ljava/util/jar/Manifest;)Z @ 26
Event: 252.350 Thread 0x000000001faa9800 Uncommon trap: reason=unstable_if action=reinterpret pc=0x00000000041342a0 method=java.io.ExpiringCache.entryFor(Ljava/lang/String;)Ljava/io/ExpiringCache$Entry; @ 39
Event: 252.350 Thread 0x000000001faa9800 Uncommon trap: reason=unstable_if action=reinterpret pc=0x00000000037cf630 method=java.util.LinkedHashMap.afterNodeRemoval(Ljava/util/HashMap$Node;)V @ 27
Event: 255.038 Thread 0x000000002444e000 Uncommon trap: reason=unstable_if action=reinterpret pc=0x0000000003e49268 method=sun.nio.cs.UTF_8$Decoder.decode([BII[C)I @ 218
Event: 255.039 Thread 0x000000002444e000 Uncommon trap: reason=unstable_if action=reinterpret pc=0x000000000371075c method=java.util.Properties.getProperty(Ljava/lang/String;)Ljava/lang/String; @ 30
Event: 258.497 Thread 0x0000000024453800 Uncommon trap: reason=unstable_if action=reinterpret pc=0x0000000004863c3c method=org.apache.ibatis.logging.jdbc.ResultSetLogger.invoke(Ljava/lang/Object;Ljava/lang/reflect/Method;[Ljava/lang/Object;)Ljava/lang/Object; @ 50
Event: 258.521 Thread 0x0000000024453800 Uncommon trap: reason=unstable_if action=reinterpret pc=0x0000000004864944 method=java.lang.Long.valueOf(J)Ljava/lang/Long; @ 5

Internal exceptions (10 events):
Event: 258.921 Thread 0x0000000024453800 Exception <a 'java/lang/ClassNotFoundException': java/util/AbstractMapBeanInfo> (0x00000007997d55a0) thrown at [C:\re\workspace\8-2-build-windows-amd64-cygwin\jdk8u121\8372\hotspot\src\share\vm\classfile\systemDictionary.cpp, line 210]
Event: 258.922 Thread 0x0000000024453800 Exception <a 'java/lang/ClassNotFoundException': java/util/AbstractMapCustomizer> (0x00000007997e5ee8) thrown at [C:\re\workspace\8-2-build-windows-amd64-cygwin\jdk8u121\8372\hotspot\src\share\vm\classfile\systemDictionary.cpp, line 210]
Event: 258.924 Thread 0x0000000024453800 Exception <a 'java/lang/ClassNotFoundException': java/util/HashMapCustomizer> (0x00000007998033d0) thrown at [C:\re\workspace\8-2-build-windows-amd64-cygwin\jdk8u121\8372\hotspot\src\share\vm\classfile\systemDictionary.cpp, line 210]
Event: 258.927 Thread 0x0000000024453800 Exception <a 'java/lang/ClassNotFoundException': org/apache/ibatis/scripting/xmltags/DynamicContext$ContextMapCustomizer> (0x0000000799854dc0) thrown at [C:\re\workspace\8-2-build-windows-amd64-cygwin\jdk8u121\8372\hotspot\src\share\vm\classfile\systemDic
Event: 258.930 Thread 0x0000000024453800 Exception <a 'java/lang/ClassNotFoundException': com/pinyougou/pojo/TbItemCatExample$CriteriaBeanInfo> (0x000000079988b210) thrown at [C:\re\workspace\8-2-build-windows-amd64-cygwin\jdk8u121\8372\hotspot\src\share\vm\classfile\systemDictionary.cpp, line 2
Event: 258.931 Thread 0x0000000024453800 Exception <a 'java/lang/ClassNotFoundException': com/pinyougou/pojo/TbItemCatExample$GeneratedCriteriaBeanInfo> (0x00000007998b77a8) thrown at [C:\re\workspace\8-2-build-windows-amd64-cygwin\jdk8u121\8372\hotspot\src\share\vm\classfile\systemDictionary.cp
Event: 258.932 Thread 0x0000000024453800 Exception <a 'java/lang/ClassNotFoundException': com/pinyougou/pojo/TbItemCatExample$GeneratedCriteriaCustomizer> (0x00000007998e4488) thrown at [C:\re\workspace\8-2-build-windows-amd64-cygwin\jdk8u121\8372\hotspot\src\share\vm\classfile\systemDictionary.
Event: 258.936 Thread 0x0000000024453800 Exception <a 'java/lang/ClassNotFoundException': com/pinyougou/pojo/TbItemCatExample$CriteriaCustomizer> (0x00000007999598a0) thrown at [C:\re\workspace\8-2-build-windows-amd64-cygwin\jdk8u121\8372\hotspot\src\share\vm\classfile\systemDictionary.cpp, line
Event: 258.940 Thread 0x0000000024453800 Exception <a 'java/lang/ClassNotFoundException': com/pinyougou/pojo/TbItemCatExample$CriterionBeanInfo> (0x00000007999e1f30) thrown at [C:\re\workspace\8-2-build-windows-amd64-cygwin\jdk8u121\8372\hotspot\src\share\vm\classfile\systemDictionary.cpp, line 
Event: 258.941 Thread 0x0000000024453800 Exception <a 'java/lang/ClassNotFoundException': com/pinyougou/pojo/TbItemCatExample$CriterionCustomizer> (0x0000000799a0bc50) thrown at [C:\re\workspace\8-2-build-windows-amd64-cygwin\jdk8u121\8372\hotspot\src\share\vm\classfile\systemDictionary.cpp, lin

Events (10 events):
Event: 262.553 Executing VM operation: RevokeBias
Event: 262.553 Executing VM operation: RevokeBias done
Event: 262.553 Executing VM operation: RevokeBias
Event: 262.553 Executing VM operation: RevokeBias done
Event: 262.558 Executing VM operation: ParallelGCFailedAllocation
Event: 262.642 Executing VM operation: ParallelGCFailedAllocation done
Event: 262.643 Executing VM operation: RevokeBias
Event: 262.643 Executing VM operation: RevokeBias done
Event: 262.717 Thread 0x0000000024454000 DEOPT PACKING pc=0x000000000486e18a sp=0x000000002a26cc80
Event: 262.717 Thread 0x0000000024454000 DEOPT UNPACKING pc=0x000000000363787f sp=0x000000002a26cb00 mode 0


Dynamic libraries:
0x00007ff797970000 - 0x00007ff7979a7000 	C:\Program Files\Java\jdk1.8.0_121\bin\java.exe
0x00007ffd8e100000 - 0x00007ffd8e2e1000 	C:\WINDOWS\SYSTEM32\ntdll.dll
0x00007ffd8dea0000 - 0x00007ffd8df52000 	C:\WINDOWS\System32\KERNEL32.DLL
0x00007ffd8afd0000 - 0x00007ffd8b243000 	C:\WINDOWS\System32\KERNELBASE.dll
0x00007ffd8dcc0000 - 0x00007ffd8dd61000 	C:\WINDOWS\System32\ADVAPI32.dll
0x00007ffd8dc20000 - 0x00007ffd8dcbe000 	C:\WINDOWS\System32\msvcrt.dll
0x00007ffd8b590000 - 0x00007ffd8b5eb000 	C:\WINDOWS\System32\sechost.dll
0x00007ffd8b820000 - 0x00007ffd8b944000 	C:\WINDOWS\System32\RPCRT4.dll
0x00007ffd8b690000 - 0x00007ffd8b820000 	C:\WINDOWS\System32\USER32.dll
0x00007ffd8afb0000 - 0x00007ffd8afd0000 	C:\WINDOWS\System32\win32u.dll
0x00007ffd8b5f0000 - 0x00007ffd8b618000 	C:\WINDOWS\System32\GDI32.dll
0x00007ffd8a580000 - 0x00007ffd8a712000 	C:\WINDOWS\System32\gdi32full.dll
0x00007ffd8b4f0000 - 0x00007ffd8b58f000 	C:\WINDOWS\System32\msvcp_win.dll
0x00007ffd8a720000 - 0x00007ffd8a81a000 	C:\WINDOWS\System32\ucrtbase.dll
0x00007ffd804e0000 - 0x00007ffd80749000 	C:\WINDOWS\WinSxS\amd64_microsoft.windows.common-controls_6595b64144ccf1df_6.0.17134.228_none_fb4599993062b194\COMCTL32.dll
0x00007ffd8ceb0000 - 0x00007ffd8d1d3000 	C:\WINDOWS\System32\combase.dll
0x00007ffd8a820000 - 0x00007ffd8a89a000 	C:\WINDOWS\System32\bcryptPrimitives.dll
0x00007ffd8b950000 - 0x00007ffd8b97d000 	C:\WINDOWS\System32\IMM32.DLL
0x000000006c9e0000 - 0x000000006cab2000 	C:\Program Files\Java\jdk1.8.0_121\jre\bin\msvcr100.dll
0x000000006c140000 - 0x000000006c9db000 	C:\Program Files\Java\jdk1.8.0_121\jre\bin\server\jvm.dll
0x00007ffd8e0b0000 - 0x00007ffd8e0b8000 	C:\WINDOWS\System32\PSAPI.DLL
0x00007ffd86a50000 - 0x00007ffd86a73000 	C:\WINDOWS\SYSTEM32\WINMM.dll
0x00007ffd70ff0000 - 0x00007ffd70ff9000 	C:\WINDOWS\SYSTEM32\WSOCK32.dll
0x00007ffd8db10000 - 0x00007ffd8db7c000 	C:\WINDOWS\System32\WS2_32.dll
0x00007ffd83fd0000 - 0x00007ffd83fda000 	C:\WINDOWS\SYSTEM32\VERSION.dll
0x00007ffd86a20000 - 0x00007ffd86a4a000 	C:\WINDOWS\SYSTEM32\winmmbase.dll
0x00007ffd8a4d0000 - 0x00007ffd8a519000 	C:\WINDOWS\System32\cfgmgr32.dll
0x000000006c130000 - 0x000000006c13f000 	C:\Program Files\Java\jdk1.8.0_121\jre\bin\verify.dll
0x000000006c100000 - 0x000000006c129000 	C:\Program Files\Java\jdk1.8.0_121\jre\bin\java.dll
0x000000006cac0000 - 0x000000006cae3000 	C:\Program Files\Java\jdk1.8.0_121\jre\bin\instrument.dll
0x000000006c0b0000 - 0x000000006c0c6000 	C:\Program Files\Java\jdk1.8.0_121\jre\bin\zip.dll
0x00007ffd8b980000 - 0x00007ffd8cdc0000 	C:\WINDOWS\System32\SHELL32.dll
0x00007ffd8ddf0000 - 0x00007ffd8de99000 	C:\WINDOWS\System32\shcore.dll
0x00007ffd8a8a0000 - 0x00007ffd8afad000 	C:\WINDOWS\System32\windows.storage.dll
0x00007ffd8b620000 - 0x00007ffd8b671000 	C:\WINDOWS\System32\shlwapi.dll
0x00007ffd8a470000 - 0x00007ffd8a481000 	C:\WINDOWS\System32\kernel.appcore.dll
0x00007ffd8a4b0000 - 0x00007ffd8a4cf000 	C:\WINDOWS\System32\profapi.dll
0x00007ffd8a420000 - 0x00007ffd8a46c000 	C:\WINDOWS\System32\powrprof.dll
0x00007ffd8a410000 - 0x00007ffd8a41a000 	C:\WINDOWS\System32\FLTLIB.DLL
0x00007ffd7a080000 - 0x00007ffd7a09a000 	D:\IntelliJ_IDEA\IntelliJ IDEA 2018.1.3\bin\breakgen64.dll
0x000000006c090000 - 0x000000006c0aa000 	C:\Program Files\Java\jdk1.8.0_121\jre\bin\net.dll
0x00007ffd89c90000 - 0x00007ffd89cf6000 	C:\WINDOWS\system32\mswsock.dll
0x000000006c070000 - 0x000000006c081000 	C:\Program Files\Java\jdk1.8.0_121\jre\bin\nio.dll
0x000000006c040000 - 0x000000006c064000 	C:\Program Files\Java\jdk1.8.0_121\jre\bin\sunec.dll
0x00007ffd89a10000 - 0x00007ffd89a48000 	C:\WINDOWS\SYSTEM32\IPHLPAPI.DLL
0x00007ffd8e0c0000 - 0x00007ffd8e0c8000 	C:\WINDOWS\System32\NSI.dll
0x00007ffd840f0000 - 0x00007ffd84106000 	C:\WINDOWS\SYSTEM32\dhcpcsvc6.DLL
0x00007ffd840d0000 - 0x00007ffd840ea000 	C:\WINDOWS\SYSTEM32\dhcpcsvc.DLL
0x00007ffd89e40000 - 0x00007ffd89e57000 	C:\WINDOWS\SYSTEM32\CRYPTSP.dll
0x00007ffd89870000 - 0x00007ffd898a3000 	C:\WINDOWS\system32\rsaenh.dll
0x00007ffd89f70000 - 0x00007ffd89f95000 	C:\WINDOWS\SYSTEM32\bcrypt.dll
0x00007ffd8a340000 - 0x00007ffd8a368000 	C:\WINDOWS\SYSTEM32\USERENV.dll
0x00007ffd89e60000 - 0x00007ffd89e6b000 	C:\WINDOWS\SYSTEM32\CRYPTBASE.dll
0x00007ffd89a50000 - 0x00007ffd89b0e000 	C:\WINDOWS\SYSTEM32\DNSAPI.dll
0x00007ffd82f80000 - 0x00007ffd82f8a000 	C:\Windows\System32\rasadhlp.dll
0x00007ffd7ff60000 - 0x00007ffd7ffd2000 	C:\WINDOWS\System32\fwpuclnt.dll
0x000000006c030000 - 0x000000006c03d000 	C:\Program Files\Java\jdk1.8.0_121\jre\bin\management.dll
0x00007ffd74480000 - 0x00007ffd74496000 	C:\WINDOWS\system32\napinsp.dll
0x00007ffd74340000 - 0x00007ffd7435a000 	C:\WINDOWS\system32\pnrpnsp.dll
0x00007ffd880e0000 - 0x00007ffd880f9000 	C:\WINDOWS\system32\NLAapi.dll
0x00007ffd74330000 - 0x00007ffd7433e000 	C:\WINDOWS\System32\winrnr.dll

VM Arguments:
jvm_args: -Dmaven.multiModuleProjectDirectory=E:\IntelliJ_IDEA_Path\JavaEE\pinyougou-parent\pinyougou-parent\pinyougou-sellergoods-service -Dmaven.home=D:\IntelliJ_IDEA\IntelliJ IDEA 2018.1.3\plugins\maven\lib\maven3 -Dclassworlds.conf=D:\IntelliJ_IDEA\IntelliJ IDEA 2018.1.3\plugins\maven\lib\maven3\bin\m2.conf -javaagent:D:\IntelliJ_IDEA\IntelliJ IDEA 2018.1.3\lib\idea_rt.jar=6562:D:\IntelliJ_IDEA\IntelliJ IDEA 2018.1.3\bin -Dfile.encoding=UTF-8 
java_command: org.codehaus.classworlds.Launcher -Didea.version=2018.1.3 -Dmaven.repo.local=C:\Users\GaoHang\.m2\repository tomcat7:run
java_class_path (initial): D:\IntelliJ_IDEA\IntelliJ IDEA 2018.1.3\plugins\maven\lib\maven3\boot\plexus-classworlds-2.5.2.jar;D:\IntelliJ_IDEA\IntelliJ IDEA 2018.1.3\lib\idea_rt.jar
Launcher Type: SUN_STANDARD

Environment Variables:
JAVA_HOME=C:\Program Files\Java\jdk1.8.0_121
CLASSPATH="C:\Program Files\Java\jdk1.8.0_121\lib\*.jar;";E:\apache-tomcat-9.0.8\lib\servlet-api.jar;
PATH=D:\app\GaoHang\product\11.2.0\dbhome_1\bin;D:\python_3.6.4(32bit)\Scripts\;D:\python_3.6.4(32bit)\;D:\python\;C:\WINDOWS\system32;C:\WINDOWS;C:\WINDOWS\System32\Wbem;C:\WINDOWS\System32\WindowsPowerShell\v1.0\;C:\Program Files (x86)\Windows Kits\8.1\Windows Performance Toolkit\;C:\Program Files\Microsoft SQL Server\110\Tools\Binn\;D:\python;E:\C++\Tuple - 跳一跳辅助\ADB工具\ADB工具;C:\Progr;m Files\Intel\WiFi\bin\;C:\Program Files\Common Files\Intel\WirelessCommon\;C:\Program Files (x86)\NVIDIA Corporation\PhysX\Common;C:\Program Files\Java\jdk1.8.0_121\bin;C:\Program Files\Java\jdk1.8.0_121\jre\bin;C:\ProgramData\Oracle\Java\javapath;C:\Program Files\Intel\WiFi\bin\;C:\Program Files\MySQL\MySQL Server 5.5\bin;C:\WINDOWS\system32;C:\WINDOWS;C:\WINDOWS\System32\Wbem;C:\WINDOWS\System32\WindowsPowerShell\v1.0\;C:\WINDOWS\System32\OpenSSH\;E:\apache-tomcat-9.0.8\bin;E:\apache-tomcat-9.0.8\lib;E:\apache-maven-3.5.4\bin;D:\Git\cmd;C:\Users\GaoHang\AppData\Local\Microsoft\WindowsApps;C:\Program Files\Intel\WiFi\bin\;C:\Program Files\Common Files\Intel\WirelessCommon\;%USERPROFILE%\AppData\Local\Microsoft\WindowsApps;
USERNAME=GaoHang
OS=Windows_NT
PROCESSOR_IDENTIFIER=Intel64 Family 6 Model 60 Stepping 3, GenuineIntel



---------------  S Y S T E M  ---------------

OS: Windows 10.0 , 64 bit Build 17134 (10.0.17134.1)

CPU:total 4 (2 cores per cpu, 2 threads per core) family 6 model 60 stepping 3, cmov, cx8, fxsr, mmx, sse, sse2, sse3, ssse3, sse4.1, sse4.2, popcnt, avx, avx2, aes, clmul, erms, lzcnt, ht, tsc, tscinvbit, bmi1, bmi2

Memory: 4k page, physical 12488024k(3820528k free), swap 26914460k(1992k free)

vm_info: Java HotSpot(TM) 64-Bit Server VM (25.121-b13) for windows-amd64 JRE (1.8.0_121-b13), built on Dec 12 2016 18:21:36 by "java_re" with MS VC++ 10.0 (VS2010)

time: Fri Aug 24 17:21:08 2018
elapsed time: 262 seconds (0d 0h 4m 22s)

