#
# There is insufficient memory for the Java Runtime Environment to continue.
# Native memory allocation (malloc) failed to allocate 809616 bytes for Chunk::new
# Possible reasons:
#   The system is out of physical RAM or swap space
#   In 32 bit mode, the process size limit was hit
# Possible solutions:
#   Reduce memory load on the system
#   Increase physical memory or swap space
#   Check if swap backing store is full
#   Use 64 bit Java on a 64 bit OS
#   Decrease Java heap size (-Xmx/-Xms)
#   Decrease number of Java threads
#   Decrease Java thread stack sizes (-Xss)
#   Set larger code cache with -XX:ReservedCodeCacheSize=
# This output file may be truncated or incomplete.
#
#  Out of Memory Error (allocation.cpp:390), pid=16720, tid=0x0000000000003de8
#
# JRE version: Java(TM) SE Runtime Environment (8.0_121-b13) (build 1.8.0_121-b13)
# Java VM: Java HotSpot(TM) 64-Bit Server VM (25.121-b13 mixed mode windows-amd64 compressed oops)
# Failed to write core dump. Minidumps are not enabled by default on client versions of Windows
#

---------------  T H R E A D  ---------------

Current thread (0x000000001b0fa800):  JavaThread "C2 CompilerThread1" daemon [_thread_in_native, id=15848, stack(0x000000001b8c0000,0x000000001b9c0000)]

Stack: [0x000000001b8c0000,0x000000001b9c0000]
[error occurred during error reporting (printing stack bounds), id 0xc0000005]

Native frames: (J=compiled Java code, j=interpreted, Vv=VM code, C=native code)


Current CompileTask:
C2:6132172 6570   !   4       org.springframework.jms.listener.AbstractPollingMessageListenerContainer::doReceiveAndExecute (585 bytes)


---------------  P R O C E S S  ---------------

Java Threads: ( => current thread )
  0x000000001be39000 JavaThread "DubboResponseTimeoutScanTimer" daemon [_thread_blocked, id=15652, stack(0x000000002a0f0000,0x000000002a1f0000)]
  0x000000001be32800 JavaThread "DubboServerHandler-192.168.133.1:20884-thread-6" daemon [_thread_blocked, id=10104, stack(0x0000000029ff0000,0x000000002a0f0000)]
  0x000000001be33000 JavaThread "DubboServerHandler-192.168.133.1:20884-thread-5" daemon [_thread_blocked, id=13404, stack(0x0000000029ef0000,0x0000000029ff0000)]
  0x000000001d218000 JavaThread "DubboServerHandler-192.168.133.1:20884-thread-4" daemon [_thread_blocked, id=15904, stack(0x0000000029df0000,0x0000000029ef0000)]
  0x0000000024340000 JavaThread "DubboServerHandler-192.168.133.1:20884-thread-3" daemon [_thread_blocked, id=1308, stack(0x0000000029cf0000,0x0000000029df0000)]
  0x000000002433d000 JavaThread "DubboServerHandler-192.168.133.1:20884-thread-2" daemon [_thread_blocked, id=16472, stack(0x0000000029af0000,0x0000000029bf0000)]
  0x000000001d214000 JavaThread "DubboServerHandler-192.168.133.1:20884-thread-1" daemon [_thread_blocked, id=17772, stack(0x00000000299f0000,0x0000000029af0000)]
  0x000000002433f800 JavaThread "ActiveMQ InactivityMonitor Worker" daemon [_thread_blocked, id=6380, stack(0x00000000294f0000,0x00000000295f0000)]
  0x000000002433e800 JavaThread "http-bio-9004-AsyncTimeout" daemon [_thread_blocked, id=2456, stack(0x00000000291f0000,0x00000000292f0000)]
  0x000000002433e000 JavaThread "http-bio-9004-Acceptor-0" daemon [_thread_in_native, id=19244, stack(0x00000000290f0000,0x00000000291f0000)]
  0x0000000024342800 JavaThread "ContainerBackgroundProcessor[StandardEngine[Tomcat]]" daemon [_thread_blocked, id=5156, stack(0x0000000028ef0000,0x0000000028ff0000)]
  0x0000000024341800 JavaThread "ActiveMQ Session: ID:DESKTOP-RV1AHT9-24695-1535090916431-1:1:2" [_thread_blocked, id=17204, stack(0x0000000028df0000,0x0000000028ef0000)]
  0x0000000024341000 JavaThread "org.springframework.jms.listener.DefaultMessageListenerContainer#1-1" [_thread_blocked, id=17988, stack(0x0000000028cf0000,0x0000000028df0000)]
  0x0000000024336800 JavaThread "ActiveMQ InactivityMonitor WriteCheckTimer" daemon [_thread_blocked, id=220, stack(0x0000000028bf0000,0x0000000028cf0000)]
  0x0000000024335800 JavaThread "org.springframework.jms.listener.DefaultMessageListenerContainer#0-1" [_thread_blocked, id=3432, stack(0x0000000028af0000,0x0000000028bf0000)]
  0x0000000024338000 JavaThread "ActiveMQ Transport: tcp:///192.168.25.128:61616@24696" [_thread_in_native, id=8172, stack(0x00000000289f0000,0x0000000028af0000)]
  0x000000002433c800 JavaThread "ActiveMQ InactivityMonitor ReadCheckTimer" daemon [_thread_blocked, id=8692, stack(0x00000000288f0000,0x00000000289f0000)]
  0x000000002433b800 JavaThread "DubboSaveRegistryCache-thread-1" daemon [_thread_blocked, id=16408, stack(0x00000000285f0000,0x00000000286f0000)]
  0x0000000024339800 JavaThread "localhost-startStop-1-EventThread" daemon [_thread_blocked, id=8444, stack(0x00000000283f0000,0x00000000284f0000)]
  0x0000000024334000 JavaThread "localhost-startStop-1-SendThread(192.168.25.128:2181)" daemon [_thread_in_native, id=4464, stack(0x00000000282f0000,0x00000000283f0000)]
  0x0000000024335000 JavaThread "ZkClient-EventThread-27-192.168.25.128:2181" daemon [_thread_blocked, id=13868, stack(0x00000000281f0000,0x00000000282f0000)]
  0x000000002433b000 JavaThread "DubboRegistryFailedRetryTimer-thread-1" daemon [_thread_blocked, id=9188, stack(0x00000000280f0000,0x00000000281f0000)]
  0x0000000024333800 JavaThread "dubbo-remoting-server-heartbeat-thread-1" daemon [_thread_blocked, id=14300, stack(0x0000000027ff0000,0x00000000280f0000)]
  0x000000002433a000 JavaThread "New I/O server boss #6" daemon [_thread_in_native, id=15868, stack(0x0000000027ef0000,0x0000000027ff0000)]
  0x0000000024337000 JavaThread "New I/O worker #5" daemon [_thread_in_native, id=10408, stack(0x0000000027df0000,0x0000000027ef0000)]
  0x000000001d211000 JavaThread "New I/O worker #4" daemon [_thread_in_native, id=9924, stack(0x0000000027cf0000,0x0000000027df0000)]
  0x000000001d217000 JavaThread "New I/O worker #3" daemon [_thread_in_native, id=10312, stack(0x0000000027bf0000,0x0000000027cf0000)]
  0x000000001d215800 JavaThread "New I/O worker #2" daemon [_thread_in_native, id=17652, stack(0x0000000027af0000,0x0000000027bf0000)]
  0x000000001d215000 JavaThread "New I/O worker #1" daemon [_thread_in_native, id=4436, stack(0x0000000027340000,0x0000000027440000)]
  0x000000001d216800 JavaThread "commons-pool-EvictionTimer" daemon [_thread_blocked, id=13292, stack(0x0000000023080000,0x0000000023180000)]
  0x000000001d212000 JavaThread "Thread-2" daemon [_thread_in_native, id=16700, stack(0x0000000022e80000,0x0000000022f80000)]
  0x000000001b19c000 JavaThread "Service Thread" daemon [_thread_blocked, id=4380, stack(0x000000001bac0000,0x000000001bbc0000)]
  0x000000001b0fe000 JavaThread "C1 CompilerThread2" daemon [_thread_blocked, id=3004, stack(0x000000001b9c0000,0x000000001bac0000)]
=>0x000000001b0fa800 JavaThread "C2 CompilerThread1" daemon [_thread_in_native, id=15848, stack(0x000000001b8c0000,0x000000001b9c0000)]
  0x000000001b0f7800 JavaThread "C2 CompilerThread0" daemon [_thread_blocked, id=17020, stack(0x000000001b7c0000,0x000000001b8c0000)]
  0x000000001b0df800 JavaThread "Monitor Ctrl-Break" daemon [_thread_in_native, id=9144, stack(0x000000001b6c0000,0x000000001b7c0000)]
  0x000000001b0c8800 JavaThread "Attach Listener" daemon [_thread_blocked, id=17016, stack(0x000000001b5c0000,0x000000001b6c0000)]
  0x0000000019d69800 JavaThread "Signal Dispatcher" daemon [_thread_blocked, id=11268, stack(0x000000001b4c0000,0x000000001b5c0000)]
  0x0000000019d5a800 JavaThread "Finalizer" daemon [_thread_blocked, id=2884, stack(0x000000001afc0000,0x000000001b0c0000)]
  0x0000000002cb2800 JavaThread "Reference Handler" daemon [_thread_blocked, id=17924, stack(0x000000001aec0000,0x000000001afc0000)]
  0x00000000029be800 JavaThread "main" [_thread_blocked, id=16936, stack(0x00000000029c0000,0x0000000002ac0000)]

Other Threads:
  0x0000000019d38800 VMThread [stack: 0x000000001adc0000,0x000000001aec0000] [id=12268]
  0x000000001b1db800 WatcherThread [stack: 0x000000001bbc0000,0x000000001bcc0000] [id=988]

VM state:not at safepoint (normal execution)

VM Mutex/Monitor currently owned by a thread: None

Heap:
 PSYoungGen      total 261120K, used 219398K [0x0000000780780000, 0x0000000798f00000, 0x00000007c0000000)
  eden space 220672K, 99% used [0x0000000780780000,0x000000078ddc1810,0x000000078df00000)
  from space 40448K, 0% used [0x000000078df00000,0x000000078df00000,0x0000000790680000)
  to   space 38400K, 0% used [0x0000000796980000,0x0000000796980000,0x0000000798f00000)
 ParOldGen       total 137728K, used 35576K [0x0000000701600000, 0x0000000709c80000, 0x0000000780780000)
  object space 137728K, 25% used [0x0000000701600000,0x00000007038be1f0,0x0000000709c80000)
 Metaspace       used 47481K, capacity 48398K, committed 48768K, reserved 1091584K
  class space    used 5683K, capacity 5937K, committed 6016K, reserved 1048576K

Card table byte_map: [0x0000000012080000,0x0000000012680000] byte_map_base: 0x000000000e875000

Marking Bits: (ParMarkBitMap*) 0x000000006c95b6d0
 Begin Bits: [0x0000000012e80000, 0x0000000015e28000)
 End Bits:   [0x0000000015e28000, 0x0000000018dd0000)

Polling page: 0x0000000000900000

CodeCache: size=245760Kb used=18559Kb max_used=18678Kb free=227200Kb
 bounds [0x0000000002cc0000, 0x0000000003f20000, 0x0000000011cc0000]
 total_blobs=5949 nmethods=5440 adapters=421
 compilation: enabled

Compilation events (10 events):
Event: 5848.178 Thread 0x000000001b0fa800 nmethod 6565 0x00000000034f0bd0 code [0x00000000034f0d00, 0x00000000034f0d78]
Event: 5892.403 Thread 0x000000001b0fe000 6566       3       org.jboss.netty.channel.socket.nio.NioSocketChannel::isConnected (14 bytes)
Event: 5892.404 Thread 0x000000001b0fe000 nmethod 6566 0x0000000003671390 code [0x00000000036714e0, 0x0000000003671690]
Event: 5966.883 Thread 0x000000001b0fe000 6567 % !   3       com.alibaba.dubbo.remoting.exchange.support.DefaultFuture$RemotingInvocationTimeoutScan::run @ 0 (138 bytes)
Event: 5966.900 Thread 0x000000001b0fe000 nmethod 6567% 0x000000000322f750 code [0x000000000322fa60, 0x0000000003230f78]
Event: 5998.504 Thread 0x000000001b0fe000 6568   !   3       com.alibaba.dubbo.remoting.exchange.support.DefaultFuture$RemotingInvocationTimeoutScan::run (138 bytes)
Event: 5998.505 Thread 0x000000001b0fe000 nmethod 6568 0x0000000003a87290 code [0x0000000003a875a0, 0x0000000003a88a98]
Event: 6012.407 Thread 0x000000001b0fe000 6569       1       com.alibaba.dubbo.remoting.buffer.AbstractChannelBuffer::writerIndex (5 bytes)
Event: 6012.407 Thread 0x000000001b0fe000 nmethod 6569 0x0000000003d9a6d0 code [0x0000000003d9a820, 0x0000000003d9a930]
Event: 6130.883 Thread 0x000000001b0fa800 6570   !   4       org.springframework.jms.listener.AbstractPollingMessageListenerContainer::doReceiveAndExecute (585 bytes)

GC Heap History (10 events):
Event: 9.340 GC heap before
{Heap before GC invocations=11 (full 1):
 PSYoungGen      total 127488K, used 127483K [0x0000000780780000, 0x000000078d200000, 0x00000007c0000000)
  eden space 105984K, 100% used [0x0000000780780000,0x0000000786f00000,0x0000000786f00000)
  from space 21504K, 99% used [0x0000000786f00000,0x00000007883fef98,0x0000000788400000)
  to   space 26624K, 0% used [0x000000078b800000,0x000000078b800000,0x000000078d200000)
 ParOldGen       total 92160K, used 23139K [0x0000000701600000, 0x0000000707000000, 0x0000000780780000)
  object space 92160K, 25% used [0x0000000701600000,0x0000000702c98db8,0x0000000707000000)
 Metaspace       used 27784K, capacity 28426K, committed 28672K, reserved 1075200K
  class space    used 3279K, capacity 3528K, committed 3584K, reserved 1048576K
Event: 9.380 GC heap after
Heap after GC invocations=11 (full 1):
 PSYoungGen      total 176640K, used 26612K [0x0000000780780000, 0x000000078dd00000, 0x00000007c0000000)
  eden space 150016K, 0% used [0x0000000780780000,0x0000000780780000,0x0000000789a00000)
  from space 26624K, 99% used [0x000000078b800000,0x000000078d1fd358,0x000000078d200000)
  to   space 30720K, 0% used [0x0000000789a00000,0x0000000789a00000,0x000000078b800000)
 ParOldGen       total 92160K, used 24423K [0x0000000701600000, 0x0000000707000000, 0x0000000780780000)
  object space 92160K, 26% used [0x0000000701600000,0x0000000702dd9ea8,0x0000000707000000)
 Metaspace       used 27784K, capacity 28426K, committed 28672K, reserved 1075200K
  class space    used 3279K, capacity 3528K, committed 3584K, reserved 1048576K
}
Event: 9.852 GC heap before
{Heap before GC invocations=12 (full 1):
 PSYoungGen      total 176640K, used 176628K [0x0000000780780000, 0x000000078dd00000, 0x00000007c0000000)
  eden space 150016K, 100% used [0x0000000780780000,0x0000000789a00000,0x0000000789a00000)
  from space 26624K, 99% used [0x000000078b800000,0x000000078d1fd358,0x000000078d200000)
  to   space 30720K, 0% used [0x0000000789a00000,0x0000000789a00000,0x000000078b800000)
 ParOldGen       total 92160K, used 24423K [0x0000000701600000, 0x0000000707000000, 0x0000000780780000)
  object space 92160K, 26% used [0x0000000701600000,0x0000000702dd9ea8,0x0000000707000000)
 Metaspace       used 27788K, capacity 28430K, committed 28672K, reserved 1075200K
  class space    used 3279K, capacity 3528K, committed 3584K, reserved 1048576K
Event: 9.896 GC heap after
Heap after GC invocations=12 (full 1):
 PSYoungGen      total 180736K, used 30693K [0x0000000780780000, 0x0000000792b00000, 0x00000007c0000000)
  eden space 150016K, 0% used [0x0000000780780000,0x0000000780780000,0x0000000789a00000)
  from space 30720K, 99% used [0x0000000789a00000,0x000000078b7f96a0,0x000000078b800000)
  to   space 37376K, 0% used [0x0000000790680000,0x0000000790680000,0x0000000792b00000)
 ParOldGen       total 92160K, used 30435K [0x0000000701600000, 0x0000000707000000, 0x0000000780780000)
  object space 92160K, 33% used [0x0000000701600000,0x00000007033b8d58,0x0000000707000000)
 Metaspace       used 27788K, capacity 28430K, committed 28672K, reserved 1075200K
  class space    used 3279K, capacity 3528K, committed 3584K, reserved 1048576K
}
Event: 10.336 GC heap before
{Heap before GC invocations=13 (full 1):
 PSYoungGen      total 180736K, used 180709K [0x0000000780780000, 0x0000000792b00000, 0x00000007c0000000)
  eden space 150016K, 100% used [0x0000000780780000,0x0000000789a00000,0x0000000789a00000)
  from space 30720K, 99% used [0x0000000789a00000,0x000000078b7f96a0,0x000000078b800000)
  to   space 37376K, 0% used [0x0000000790680000,0x0000000790680000,0x0000000792b00000)
 ParOldGen       total 92160K, used 30435K [0x0000000701600000, 0x0000000707000000, 0x0000000780780000)
  object space 92160K, 33% used [0x0000000701600000,0x00000007033b8d58,0x0000000707000000)
 Metaspace       used 27790K, capacity 28430K, committed 28672K, reserved 1075200K
  class space    used 3279K, capacity 3528K, committed 3584K, reserved 1048576K
Event: 10.362 GC heap after
Heap after GC invocations=13 (full 1):
 PSYoungGen      total 258048K, used 30083K [0x0000000780780000, 0x0000000793080000, 0x00000007c0000000)
  eden space 220672K, 0% used [0x0000000780780000,0x0000000780780000,0x000000078df00000)
  from space 37376K, 80% used [0x0000000790680000,0x00000007923e0eb0,0x0000000792b00000)
  to   space 40448K, 0% used [0x000000078df00000,0x000000078df00000,0x0000000790680000)
 ParOldGen       total 92160K, used 33360K [0x0000000701600000, 0x0000000707000000, 0x0000000780780000)
  object space 92160K, 36% used [0x0000000701600000,0x00000007036942d0,0x0000000707000000)
 Metaspace       used 27790K, capacity 28430K, committed 28672K, reserved 1075200K
  class space    used 3279K, capacity 3528K, committed 3584K, reserved 1048576K
}
Event: 11.421 GC heap before
{Heap before GC invocations=14 (full 1):
 PSYoungGen      total 258048K, used 156719K [0x0000000780780000, 0x0000000793080000, 0x00000007c0000000)
  eden space 220672K, 57% used [0x0000000780780000,0x000000078832add8,0x000000078df00000)
  from space 37376K, 80% used [0x0000000790680000,0x00000007923e0eb0,0x0000000792b00000)
  to   space 40448K, 0% used [0x000000078df00000,0x000000078df00000,0x0000000790680000)
 ParOldGen       total 92160K, used 33360K [0x0000000701600000, 0x0000000707000000, 0x0000000780780000)
  object space 92160K, 36% used [0x0000000701600000,0x00000007036942d0,0x0000000707000000)
 Metaspace       used 34612K, capacity 35284K, committed 35496K, reserved 1081344K
  class space    used 4120K, capacity 4340K, committed 4352K, reserved 1048576K
Event: 11.439 GC heap after
Heap after GC invocations=14 (full 1):
 PSYoungGen      total 261120K, used 18997K [0x0000000780780000, 0x0000000798f00000, 0x00000007c0000000)
  eden space 220672K, 0% used [0x0000000780780000,0x0000000780780000,0x000000078df00000)
  from space 40448K, 46% used [0x000000078df00000,0x000000078f18d7c0,0x0000000790680000)
  to   space 38400K, 0% used [0x0000000796980000,0x0000000796980000,0x0000000798f00000)
 ParOldGen       total 92160K, used 33858K [0x0000000701600000, 0x0000000707000000, 0x0000000780780000)
  object space 92160K, 36% used [0x0000000701600000,0x0000000703710b68,0x0000000707000000)
 Metaspace       used 34612K, capacity 35284K, committed 35496K, reserved 1081344K
  class space    used 4120K, capacity 4340K, committed 4352K, reserved 1048576K
}
Event: 11.439 GC heap before
{Heap before GC invocations=15 (full 2):
 PSYoungGen      total 261120K, used 18997K [0x0000000780780000, 0x0000000798f00000, 0x00000007c0000000)
  eden space 220672K, 0% used [0x0000000780780000,0x0000000780780000,0x000000078df00000)
  from space 40448K, 46% used [0x000000078df00000,0x000000078f18d7c0,0x0000000790680000)
  to   space 38400K, 0% used [0x0000000796980000,0x0000000796980000,0x0000000798f00000)
 ParOldGen       total 92160K, used 33858K [0x0000000701600000, 0x0000000707000000, 0x0000000780780000)
  object space 92160K, 36% used [0x0000000701600000,0x0000000703710b68,0x0000000707000000)
 Metaspace       used 34612K, capacity 35284K, committed 35496K, reserved 1081344K
  class space    used 4120K, capacity 4340K, committed 4352K, reserved 1048576K
Event: 11.536 GC heap after
Heap after GC invocations=15 (full 2):
 PSYoungGen      total 261120K, used 0K [0x0000000780780000, 0x0000000798f00000, 0x00000007c0000000)
  eden space 220672K, 0% used [0x0000000780780000,0x0000000780780000,0x000000078df00000)
  from space 40448K, 0% used [0x000000078df00000,0x000000078df00000,0x0000000790680000)
  to   space 38400K, 0% used [0x0000000796980000,0x0000000796980000,0x0000000798f00000)
 ParOldGen       total 137728K, used 35576K [0x0000000701600000, 0x0000000709c80000, 0x0000000780780000)
  object space 137728K, 25% used [0x0000000701600000,0x00000007038be1f0,0x0000000709c80000)
 Metaspace       used 34612K, capacity 35284K, committed 35496K, reserved 1081344K
  class space    used 4120K, capacity 4340K, committed 4352K, reserved 1048576K
}

Deoptimization events (10 events):
Event: 3567.836 Thread 0x0000000024335800 Uncommon trap: reason=unstable_if action=reinterpret pc=0x0000000003d436e8 method=java.lang.String.regionMatches(ZILjava/lang/String;II)Z @ 102
Event: 3567.850 Thread 0x0000000024335800 Uncommon trap: reason=bimorphic action=maybe_recompile pc=0x00000000033a1e64 method=java.io.DataInputStream.readByte()B @ 4
Event: 3567.850 Thread 0x0000000024335800 Uncommon trap: reason=bimorphic action=maybe_recompile pc=0x00000000033a1e64 method=java.io.DataInputStream.readByte()B @ 4
Event: 3567.850 Thread 0x0000000024335800 Uncommon trap: reason=bimorphic action=maybe_recompile pc=0x00000000033a1e64 method=java.io.DataInputStream.readByte()B @ 4
Event: 3567.850 Thread 0x0000000024335800 Uncommon trap: reason=bimorphic action=maybe_recompile pc=0x00000000033a1e64 method=java.io.DataInputStream.readByte()B @ 4
Event: 3569.502 Thread 0x0000000024335800 Uncommon trap: reason=unstable_if action=reinterpret pc=0x0000000003bf9728 method=org.springframework.jms.listener.AbstractMessageListenerContainer.commitIfNecessary(Ljavax/jms/Session;Ljavax/jms/Message;)V @ 25
Event: 3969.485 Thread 0x000000002433a000 Uncommon trap: reason=class_check action=maybe_recompile pc=0x00000000034fc05c method=sun.nio.ch.WindowsSelectorImpl$SubSelector.processFDSet(J[IIZ)I @ 259
Event: 3969.511 Thread 0x000000002433a000 Uncommon trap: reason=unstable_if action=reinterpret pc=0x0000000002fec930 method=sun.nio.ch.SelectorImpl.select(J)I @ 20
Event: 3969.511 Thread 0x000000001d215000 Uncommon trap: reason=unstable_if action=reinterpret pc=0x0000000003985780 method=org.jboss.netty.channel.socket.nio.AbstractNioSelector.processTaskQueue()V @ 14
Event: 3969.761 Thread 0x000000001d215000 Uncommon trap: reason=unstable_if action=reinterpret pc=0x0000000002de6630 method=org.jboss.netty.channel.socket.nio.AbstractNioWorker.process(Ljava/nio/channels/Selector;)V @ 11

Internal exceptions (10 events):
Event: 5532.388 Thread 0x000000001d215000 Exception <a 'java/lang/NullPointerException'> (0x000000078c311248) thrown at [C:\re\workspace\8-2-build-windows-amd64-cygwin\jdk8u121\8372\hotspot\src\share\vm\interpreter\linkResolver.cpp, line 1178]
Event: 5592.391 Thread 0x000000001d215000 Exception <a 'java/lang/NullPointerException'> (0x000000078c311e40) thrown at [C:\re\workspace\8-2-build-windows-amd64-cygwin\jdk8u121\8372\hotspot\src\share\vm\interpreter\linkResolver.cpp, line 1178]
Event: 5652.392 Thread 0x000000001d215000 Exception <a 'java/lang/NullPointerException'> (0x000000078c312a38) thrown at [C:\re\workspace\8-2-build-windows-amd64-cygwin\jdk8u121\8372\hotspot\src\share\vm\interpreter\linkResolver.cpp, line 1178]
Event: 5712.398 Thread 0x000000001d215000 Exception <a 'java/lang/NullPointerException'> (0x000000078c313630) thrown at [C:\re\workspace\8-2-build-windows-amd64-cygwin\jdk8u121\8372\hotspot\src\share\vm\interpreter\linkResolver.cpp, line 1178]
Event: 5772.400 Thread 0x000000001d215000 Exception <a 'java/lang/NullPointerException'> (0x000000078c314228) thrown at [C:\re\workspace\8-2-build-windows-amd64-cygwin\jdk8u121\8372\hotspot\src\share\vm\interpreter\linkResolver.cpp, line 1178]
Event: 5832.403 Thread 0x000000001d215000 Exception <a 'java/lang/NullPointerException'> (0x000000078c314e20) thrown at [C:\re\workspace\8-2-build-windows-amd64-cygwin\jdk8u121\8372\hotspot\src\share\vm\interpreter\linkResolver.cpp, line 1178]
Event: 5892.404 Thread 0x000000001d215000 Exception <a 'java/lang/NullPointerException'> (0x000000078c315a18) thrown at [C:\re\workspace\8-2-build-windows-amd64-cygwin\jdk8u121\8372\hotspot\src\share\vm\interpreter\linkResolver.cpp, line 1178]
Event: 5952.407 Thread 0x000000001d215000 Exception <a 'java/lang/NullPointerException'> (0x000000078c316610) thrown at [C:\re\workspace\8-2-build-windows-amd64-cygwin\jdk8u121\8372\hotspot\src\share\vm\interpreter\linkResolver.cpp, line 1178]
Event: 6012.410 Thread 0x000000001d215000 Exception <a 'java/lang/NullPointerException'> (0x000000078c317208) thrown at [C:\re\workspace\8-2-build-windows-amd64-cygwin\jdk8u121\8372\hotspot\src\share\vm\interpreter\linkResolver.cpp, line 1178]
Event: 6072.410 Thread 0x000000001d215000 Exception <a 'java/lang/NullPointerException'> (0x000000078c317e00) thrown at [C:\re\workspace\8-2-build-windows-amd64-cygwin\jdk8u121\8372\hotspot\src\share\vm\interpreter\linkResolver.cpp, line 1178]

Events (10 events):
Event: 5966.900 Thread 0x000000001b0fe000 flushing nmethod 0x0000000003bfa150
Event: 5966.901 Thread 0x000000001b0fe000 flushing nmethod 0x0000000003bfd690
Event: 5966.902 Thread 0x000000001b0fe000 flushing nmethod 0x0000000003c08510
Event: 5966.903 Thread 0x000000001b0fe000 flushing nmethod 0x0000000003c292d0
Event: 5998.505 Thread 0x000000001b0fe000 flushing nmethod 0x0000000003d42d90
Event: 5998.506 Thread 0x000000001b0fe000 flushing nmethod 0x0000000003d9a590
Event: 6012.408 Executing VM operation: BulkRevokeBias
Event: 6012.409 Executing VM operation: BulkRevokeBias done
Event: 6072.409 Executing VM operation: RevokeBias
Event: 6072.409 Executing VM operation: RevokeBias done


Dynamic libraries:
0x00007ff797970000 - 0x00007ff7979a7000 	C:\Program Files\Java\jdk1.8.0_121\bin\java.exe
0x00007ffd8e100000 - 0x00007ffd8e2e1000 	C:\WINDOWS\SYSTEM32\ntdll.dll
0x00007ffd8dea0000 - 0x00007ffd8df52000 	C:\WINDOWS\System32\KERNEL32.DLL
0x00007ffd8afd0000 - 0x00007ffd8b243000 	C:\WINDOWS\System32\KERNELBASE.dll
0x00007ffd8dcc0000 - 0x00007ffd8dd61000 	C:\WINDOWS\System32\ADVAPI32.dll
0x00007ffd8dc20000 - 0x00007ffd8dcbe000 	C:\WINDOWS\System32\msvcrt.dll
0x00007ffd8b590000 - 0x00007ffd8b5eb000 	C:\WINDOWS\System32\sechost.dll
0x00007ffd8b820000 - 0x00007ffd8b944000 	C:\WINDOWS\System32\RPCRT4.dll
0x00007ffd8b690000 - 0x00007ffd8b820000 	C:\WINDOWS\System32\USER32.dll
0x00007ffd8afb0000 - 0x00007ffd8afd0000 	C:\WINDOWS\System32\win32u.dll
0x00007ffd8b5f0000 - 0x00007ffd8b618000 	C:\WINDOWS\System32\GDI32.dll
0x00007ffd8a580000 - 0x00007ffd8a712000 	C:\WINDOWS\System32\gdi32full.dll
0x00007ffd8b4f0000 - 0x00007ffd8b58f000 	C:\WINDOWS\System32\msvcp_win.dll
0x00007ffd8a720000 - 0x00007ffd8a81a000 	C:\WINDOWS\System32\ucrtbase.dll
0x00007ffd804e0000 - 0x00007ffd80749000 	C:\WINDOWS\WinSxS\amd64_microsoft.windows.common-controls_6595b64144ccf1df_6.0.17134.228_none_fb4599993062b194\COMCTL32.dll
0x00007ffd8ceb0000 - 0x00007ffd8d1d3000 	C:\WINDOWS\System32\combase.dll
0x00007ffd8a820000 - 0x00007ffd8a89a000 	C:\WINDOWS\System32\bcryptPrimitives.dll
0x00007ffd8b950000 - 0x00007ffd8b97d000 	C:\WINDOWS\System32\IMM32.DLL
0x000000006c9e0000 - 0x000000006cab2000 	C:\Program Files\Java\jdk1.8.0_121\jre\bin\msvcr100.dll
0x000000006c140000 - 0x000000006c9db000 	C:\Program Files\Java\jdk1.8.0_121\jre\bin\server\jvm.dll
0x00007ffd8e0b0000 - 0x00007ffd8e0b8000 	C:\WINDOWS\System32\PSAPI.DLL
0x00007ffd83fd0000 - 0x00007ffd83fda000 	C:\WINDOWS\SYSTEM32\VERSION.dll
0x00007ffd86a50000 - 0x00007ffd86a73000 	C:\WINDOWS\SYSTEM32\WINMM.dll
0x00007ffd70ff0000 - 0x00007ffd70ff9000 	C:\WINDOWS\SYSTEM32\WSOCK32.dll
0x00007ffd8db10000 - 0x00007ffd8db7c000 	C:\WINDOWS\System32\WS2_32.dll
0x00007ffd86a20000 - 0x00007ffd86a4a000 	C:\WINDOWS\SYSTEM32\winmmbase.dll
0x00007ffd8a4d0000 - 0x00007ffd8a519000 	C:\WINDOWS\System32\cfgmgr32.dll
0x000000006c130000 - 0x000000006c13f000 	C:\Program Files\Java\jdk1.8.0_121\jre\bin\verify.dll
0x000000006c100000 - 0x000000006c129000 	C:\Program Files\Java\jdk1.8.0_121\jre\bin\java.dll
0x000000006c0d0000 - 0x000000006c0f3000 	C:\Program Files\Java\jdk1.8.0_121\jre\bin\instrument.dll
0x000000006c0b0000 - 0x000000006c0c6000 	C:\Program Files\Java\jdk1.8.0_121\jre\bin\zip.dll
0x00007ffd8b980000 - 0x00007ffd8cdc0000 	C:\WINDOWS\System32\SHELL32.dll
0x00007ffd8ddf0000 - 0x00007ffd8de99000 	C:\WINDOWS\System32\shcore.dll
0x00007ffd8a8a0000 - 0x00007ffd8afad000 	C:\WINDOWS\System32\windows.storage.dll
0x00007ffd8b620000 - 0x00007ffd8b671000 	C:\WINDOWS\System32\shlwapi.dll
0x00007ffd8a470000 - 0x00007ffd8a481000 	C:\WINDOWS\System32\kernel.appcore.dll
0x00007ffd8a4b0000 - 0x00007ffd8a4cf000 	C:\WINDOWS\System32\profapi.dll
0x00007ffd8a420000 - 0x00007ffd8a46c000 	C:\WINDOWS\System32\powrprof.dll
0x00007ffd8a410000 - 0x00007ffd8a41a000 	C:\WINDOWS\System32\FLTLIB.DLL
0x00007ffd7c290000 - 0x00007ffd7c2aa000 	D:\IntelliJ_IDEA\IntelliJ IDEA 2018.1.3\bin\breakgen64.dll
0x000000006c090000 - 0x000000006c0aa000 	C:\Program Files\Java\jdk1.8.0_121\jre\bin\net.dll
0x00007ffd89c90000 - 0x00007ffd89cf6000 	C:\WINDOWS\system32\mswsock.dll
0x000000006c070000 - 0x000000006c081000 	C:\Program Files\Java\jdk1.8.0_121\jre\bin\nio.dll
0x000000006c040000 - 0x000000006c064000 	C:\Program Files\Java\jdk1.8.0_121\jre\bin\sunec.dll
0x00007ffd89a10000 - 0x00007ffd89a48000 	C:\WINDOWS\SYSTEM32\IPHLPAPI.DLL
0x00007ffd8e0c0000 - 0x00007ffd8e0c8000 	C:\WINDOWS\System32\NSI.dll
0x00007ffd840f0000 - 0x00007ffd84106000 	C:\WINDOWS\SYSTEM32\dhcpcsvc6.DLL
0x00007ffd840d0000 - 0x00007ffd840ea000 	C:\WINDOWS\SYSTEM32\dhcpcsvc.DLL
0x00007ffd89e40000 - 0x00007ffd89e57000 	C:\WINDOWS\SYSTEM32\CRYPTSP.dll
0x00007ffd89870000 - 0x00007ffd898a3000 	C:\WINDOWS\system32\rsaenh.dll
0x00007ffd89f70000 - 0x00007ffd89f95000 	C:\WINDOWS\SYSTEM32\bcrypt.dll
0x00007ffd8a340000 - 0x00007ffd8a368000 	C:\WINDOWS\SYSTEM32\USERENV.dll
0x00007ffd89e60000 - 0x00007ffd89e6b000 	C:\WINDOWS\SYSTEM32\CRYPTBASE.dll
0x00007ffd89a50000 - 0x00007ffd89b0e000 	C:\WINDOWS\SYSTEM32\DNSAPI.dll
0x00007ffd82f80000 - 0x00007ffd82f8a000 	C:\Windows\System32\rasadhlp.dll
0x00007ffd7ff60000 - 0x00007ffd7ffd2000 	C:\WINDOWS\System32\fwpuclnt.dll
0x000000006c030000 - 0x000000006c03d000 	C:\Program Files\Java\jdk1.8.0_121\jre\bin\management.dll
0x00007ffd74480000 - 0x00007ffd74496000 	C:\WINDOWS\system32\napinsp.dll
0x00007ffd74340000 - 0x00007ffd7435a000 	C:\WINDOWS\system32\pnrpnsp.dll
0x00007ffd880e0000 - 0x00007ffd880f9000 	C:\WINDOWS\system32\NLAapi.dll
0x00007ffd74330000 - 0x00007ffd7433e000 	C:\WINDOWS\System32\winrnr.dll

VM Arguments:
jvm_args: -Dmaven.multiModuleProjectDirectory=E:\IntelliJ_IDEA_Path\JavaEE\pinyougou-parent\pinyougou-parent\pinyougou-search-service -Dmaven.home=D:\IntelliJ_IDEA\IntelliJ IDEA 2018.1.3\plugins\maven\lib\maven3 -Dclassworlds.conf=D:\IntelliJ_IDEA\IntelliJ IDEA 2018.1.3\plugins\maven\lib\maven3\bin\m2.conf -javaagent:D:\IntelliJ_IDEA\IntelliJ IDEA 2018.1.3\lib\idea_rt.jar=24665:D:\IntelliJ_IDEA\IntelliJ IDEA 2018.1.3\bin -Dfile.encoding=UTF-8 
java_command: org.codehaus.classworlds.Launcher -Didea.version=2018.1.3 -Dmaven.repo.local=C:\Users\GaoHang\.m2\repository tomcat7:run
java_class_path (initial): D:\IntelliJ_IDEA\IntelliJ IDEA 2018.1.3\plugins\maven\lib\maven3\boot\plexus-classworlds-2.5.2.jar;D:\IntelliJ_IDEA\IntelliJ IDEA 2018.1.3\lib\idea_rt.jar
Launcher Type: SUN_STANDARD

Environment Variables:
JAVA_HOME=C:\Program Files\Java\jdk1.8.0_121
CLASSPATH="C:\Program Files\Java\jdk1.8.0_121\lib\*.jar;";E:\apache-tomcat-9.0.8\lib\servlet-api.jar;
PATH=D:\app\GaoHang\product\11.2.0\dbhome_1\bin;D:\python_3.6.4(32bit)\Scripts\;D:\python_3.6.4(32bit)\;D:\python\;C:\WINDOWS\system32;C:\WINDOWS;C:\WINDOWS\System32\Wbem;C:\WINDOWS\System32\WindowsPowerShell\v1.0\;C:\Program Files (x86)\Windows Kits\8.1\Windows Performance Toolkit\;C:\Program Files\Microsoft SQL Server\110\Tools\Binn\;D:\python;E:\C++\Tuple - 跳一跳辅助\ADB工具\ADB工具;C:\Progr;m Files\Intel\WiFi\bin\;C:\Program Files\Common Files\Intel\WirelessCommon\;C:\Program Files (x86)\NVIDIA Corporation\PhysX\Common;C:\Program Files\Java\jdk1.8.0_121\bin;C:\Program Files\Java\jdk1.8.0_121\jre\bin;C:\ProgramData\Oracle\Java\javapath;C:\Program Files\Intel\WiFi\bin\;C:\Program Files\MySQL\MySQL Server 5.5\bin;C:\WINDOWS\system32;C:\WINDOWS;C:\WINDOWS\System32\Wbem;C:\WINDOWS\System32\WindowsPowerShell\v1.0\;C:\WINDOWS\System32\OpenSSH\;E:\apache-tomcat-9.0.8\bin;E:\apache-tomcat-9.0.8\lib;E:\apache-maven-3.5.4\bin;D:\Git\cmd;C:\Users\GaoHang\AppData\Local\Microsoft\WindowsApps;C:\Program Files\Intel\WiFi\bin\;C:\Program Files\Common Files\Intel\WirelessCommon\;%USERPROFILE%\AppData\Local\Microsoft\WindowsApps;
USERNAME=GaoHang
OS=Windows_NT
PROCESSOR_IDENTIFIER=Intel64 Family 6 Model 60 Stepping 3, GenuineIntel



---------------  S Y S T E M  ---------------

OS: Windows 10.0 , 64 bit Build 17134 (10.0.17134.1)

CPU:total 4 (2 cores per cpu, 2 threads per core) family 6 model 60 stepping 3, cmov, cx8, fxsr, mmx, sse, sse2, sse3, ssse3, sse4.1, sse4.2, popcnt, avx, avx2, aes, clmul, erms, lzcnt, ht, tsc, tscinvbit, bmi1, bmi2

Memory: 4k page, physical 12488024k(4360604k free), swap 26914460k(4252k free)

vm_info: Java HotSpot(TM) 64-Bit Server VM (25.121-b13) for windows-amd64 JRE (1.8.0_121-b13), built on Dec 12 2016 18:21:36 by "java_re" with MS VC++ 10.0 (VS2010)

time: Fri Aug 24 15:50:25 2018
elapsed time: 6131 seconds (0d 1h 42m 11s)

