#
# There is insufficient memory for the Java Runtime Environment to continue.
# Native memory allocation (malloc) failed to allocate 524304 bytes for Chunk::new
# Possible reasons:
#   The system is out of physical RAM or swap space
#   In 32 bit mode, the process size limit was hit
# Possible solutions:
#   Reduce memory load on the system
#   Increase physical memory or swap space
#   Check if swap backing store is full
#   Use 64 bit Java on a 64 bit OS
#   Decrease Java heap size (-Xmx/-Xms)
#   Decrease number of Java threads
#   Decrease Java thread stack sizes (-Xss)
#   Set larger code cache with -XX:ReservedCodeCacheSize=
# This output file may be truncated or incomplete.
#
#  Out of Memory Error (allocation.cpp:390), pid=15416, tid=0x0000000000004850
#
# JRE version: Java(TM) SE Runtime Environment (8.0_121-b13) (build 1.8.0_121-b13)
# Java VM: Java HotSpot(TM) 64-Bit Server VM (25.121-b13 mixed mode windows-amd64 compressed oops)
# Failed to write core dump. Minidumps are not enabled by default on client versions of Windows
#

---------------  T H R E A D  ---------------

Current thread (0x000000001b0c8800):  JavaThread "C2 CompilerThread0" daemon [_thread_in_native, id=18512, stack(0x000000001b790000,0x000000001b890000)]

Stack: [0x000000001b790000,0x000000001b890000]
[error occurred during error reporting (printing stack bounds), id 0xc0000005]

Native frames: (J=compiled Java code, j=interpreted, Vv=VM code, C=native code)


Current CompileTask:
C2:   5875 3986       4       org.apache.catalina.startup.ContextConfig::populateSCIsForCacheEntry (192 bytes)


---------------  P R O C E S S  ---------------

Java Threads: ( => current thread )
  0x000000001d16f800 JavaThread "localhost-startStop-1" daemon [_thread_in_native, id=17928, stack(0x0000000021500000,0x0000000021600000)]
  0x000000001e7ef000 JavaThread "Tomcat-startStop-1" daemon [_thread_blocked, id=15856, stack(0x0000000020390000,0x0000000020490000)]
  0x000000001b15b000 JavaThread "Service Thread" daemon [_thread_blocked, id=20212, stack(0x000000001ba90000,0x000000001bb90000)]
  0x000000001b0cf800 JavaThread "C1 CompilerThread2" daemon [_thread_blocked, id=11560, stack(0x000000001b990000,0x000000001ba90000)]
  0x000000001b0cc000 JavaThread "C2 CompilerThread1" daemon [_thread_in_native, id=11776, stack(0x000000001b890000,0x000000001b990000)]
=>0x000000001b0c8800 JavaThread "C2 CompilerThread0" daemon [_thread_in_native, id=18512, stack(0x000000001b790000,0x000000001b890000)]
  0x000000001b0b0000 JavaThread "Monitor Ctrl-Break" daemon [_thread_in_native, id=19180, stack(0x000000001b690000,0x000000001b790000)]
  0x000000001b098800 JavaThread "Attach Listener" daemon [_thread_blocked, id=10452, stack(0x000000001b590000,0x000000001b690000)]
  0x0000000019d18000 JavaThread "Signal Dispatcher" daemon [_thread_blocked, id=13920, stack(0x000000001b490000,0x000000001b590000)]
  0x0000000019d09800 JavaThread "Finalizer" daemon [_thread_blocked, id=1876, stack(0x000000001af90000,0x000000001b090000)]
  0x0000000002c62000 JavaThread "Reference Handler" daemon [_thread_blocked, id=2904, stack(0x000000001ae90000,0x000000001af90000)]
  0x00000000029ae800 JavaThread "main" [_thread_blocked, id=7300, stack(0x0000000002880000,0x0000000002980000)]

Other Threads:
  0x0000000019ce7800 VMThread [stack: 0x000000001ad90000,0x000000001ae90000] [id=14004]
  0x000000001b1a5000 WatcherThread [stack: 0x000000001bb90000,0x000000001bc90000] [id=3240]

VM state:not at safepoint (normal execution)

VM Mutex/Monitor currently owned by a thread: None

Heap:
 PSYoungGen      total 303104K, used 57130K [0x0000000780780000, 0x0000000797c80000, 0x00000007c0000000)
  eden space 277504K, 11% used [0x0000000780780000,0x000000078264fae8,0x0000000791680000)
  from space 25600K, 99% used [0x0000000793a80000,0x000000079537ae38,0x0000000795380000)
  to   space 36864K, 0% used [0x0000000791680000,0x0000000791680000,0x0000000793a80000)
 ParOldGen       total 92672K, used 43896K [0x0000000701600000, 0x0000000707080000, 0x0000000780780000)
  object space 92672K, 47% used [0x0000000701600000,0x00000007040de020,0x0000000707080000)
 Metaspace       used 23677K, capacity 24270K, committed 24576K, reserved 1071104K
  class space    used 2777K, capacity 2963K, committed 3072K, reserved 1048576K

Card table byte_map: [0x0000000012030000,0x0000000012630000] byte_map_base: 0x000000000e825000

Marking Bits: (ParMarkBitMap*) 0x000000006c95b6d0
 Begin Bits: [0x0000000012e30000, 0x0000000015dd8000)
 End Bits:   [0x0000000015dd8000, 0x0000000018d80000)

Polling page: 0x0000000000c70000

CodeCache: size=245760Kb used=12574Kb max_used=14152Kb free=233185Kb
 bounds [0x0000000002c70000, 0x0000000003a50000, 0x0000000011c70000]
 total_blobs=3966 nmethods=3574 adapters=304
 compilation: enabled

Compilation events (10 events):
Event: 5.445 Thread 0x000000001b0cf800 4016       1       org.apache.catalina.deploy.WebXml::getPostConstructMethods (5 bytes)
Event: 5.445 Thread 0x000000001b0cf800 nmethod 4016 0x0000000002f55fd0 code [0x0000000002f56120, 0x0000000002f56230]
Event: 5.445 Thread 0x000000001b0cf800 4017       1       org.apache.catalina.deploy.WebXml::getPreDestroyMethods (5 bytes)
Event: 5.445 Thread 0x000000001b0cf800 nmethod 4017 0x0000000002f87e50 code [0x0000000002f87fa0, 0x0000000002f880b0]
Event: 5.482 Thread 0x000000001b0cf800 4019       3       org.apache.tomcat.util.bcel.classfile.ArrayElementValue::<init> (45 bytes)
Event: 5.483 Thread 0x000000001b0cf800 nmethod 4019 0x0000000003204f90 code [0x0000000003205180, 0x0000000003205ab8]
Event: 5.557 Thread 0x000000001b0cf800 4020       3       org.apache.tomcat.util.bcel.classfile.ConstantPool::<init> (74 bytes)
Event: 5.558 Thread 0x000000001b0cf800 nmethod 4020 0x0000000002efc850 code [0x0000000002efca00, 0x0000000002efd0b8]
Event: 5.781 Thread 0x000000001b0cf800 4026       3       org.apache.catalina.deploy.WebXml::mergeMap (162 bytes)
Event: 5.782 Thread 0x000000001b0cf800 nmethod 4026 0x0000000002fc6090 code [0x0000000002fc6360, 0x0000000002fc78e8]

GC Heap History (10 events):
Event: 3.023 GC heap before
{Heap before GC invocations=3 (full 0):
 PSYoungGen      total 106496K, used 106468K [0x0000000780780000, 0x0000000787780000, 0x00000007c0000000)
  eden space 98304K, 100% used [0x0000000780780000,0x0000000786780000,0x0000000786780000)
  from space 8192K, 99% used [0x0000000786f80000,0x0000000787779150,0x0000000787780000)
  to   space 8192K, 0% used [0x0000000786780000,0x0000000786780000,0x0000000786f80000)
 ParOldGen       total 131072K, used 1616K [0x0000000701600000, 0x0000000709600000, 0x0000000780780000)
  object space 131072K, 1% used [0x0000000701600000,0x00000007017942c0,0x0000000709600000)
 Metaspace       used 17804K, capacity 18322K, committed 18432K, reserved 1064960K
  class space    used 2096K, capacity 2264K, committed 2304K, reserved 1048576K
Event: 3.039 GC heap after
Heap after GC invocations=3 (full 0):
 PSYoungGen      total 106496K, used 8168K [0x0000000780780000, 0x000000078d780000, 0x00000007c0000000)
  eden space 98304K, 0% used [0x0000000780780000,0x0000000780780000,0x0000000786780000)
  from space 8192K, 99% used [0x0000000786780000,0x0000000786f7a060,0x0000000786f80000)
  to   space 8192K, 0% used [0x000000078cf80000,0x000000078cf80000,0x000000078d780000)
 ParOldGen       total 131072K, used 6156K [0x0000000701600000, 0x0000000709600000, 0x0000000780780000)
  object space 131072K, 4% used [0x0000000701600000,0x0000000701c033d8,0x0000000709600000)
 Metaspace       used 17804K, capacity 18322K, committed 18432K, reserved 1064960K
  class space    used 2096K, capacity 2264K, committed 2304K, reserved 1048576K
}
Event: 3.540 GC heap before
{Heap before GC invocations=4 (full 0):
 PSYoungGen      total 106496K, used 28070K [0x0000000780780000, 0x000000078d780000, 0x00000007c0000000)
  eden space 98304K, 20% used [0x0000000780780000,0x0000000781aefb30,0x0000000786780000)
  from space 8192K, 99% used [0x0000000786780000,0x0000000786f7a060,0x0000000786f80000)
  to   space 8192K, 0% used [0x000000078cf80000,0x000000078cf80000,0x000000078d780000)
 ParOldGen       total 131072K, used 6156K [0x0000000701600000, 0x0000000709600000, 0x0000000780780000)
  object space 131072K, 4% used [0x0000000701600000,0x0000000701c033d8,0x0000000709600000)
 Metaspace       used 20611K, capacity 21120K, committed 21296K, reserved 1069056K
  class space    used 2442K, capacity 2618K, committed 2688K, reserved 1048576K
Event: 3.566 GC heap after
Heap after GC invocations=4 (full 0):
 PSYoungGen      total 204800K, used 8168K [0x0000000780780000, 0x000000078d780000, 0x00000007c0000000)
  eden space 196608K, 0% used [0x0000000780780000,0x0000000780780000,0x000000078c780000)
  from space 8192K, 99% used [0x000000078cf80000,0x000000078d77a020,0x000000078d780000)
  to   space 8192K, 0% used [0x000000078c780000,0x000000078c780000,0x000000078cf80000)
 ParOldGen       total 131072K, used 8330K [0x0000000701600000, 0x0000000709600000, 0x0000000780780000)
  object space 131072K, 6% used [0x0000000701600000,0x0000000701e22b28,0x0000000709600000)
 Metaspace       used 20611K, capacity 21120K, committed 21296K, reserved 1069056K
  class space    used 2442K, capacity 2618K, committed 2688K, reserved 1048576K
}
Event: 3.566 GC heap before
{Heap before GC invocations=5 (full 1):
 PSYoungGen      total 204800K, used 8168K [0x0000000780780000, 0x000000078d780000, 0x00000007c0000000)
  eden space 196608K, 0% used [0x0000000780780000,0x0000000780780000,0x000000078c780000)
  from space 8192K, 99% used [0x000000078cf80000,0x000000078d77a020,0x000000078d780000)
  to   space 8192K, 0% used [0x000000078c780000,0x000000078c780000,0x000000078cf80000)
 ParOldGen       total 131072K, used 8330K [0x0000000701600000, 0x0000000709600000, 0x0000000780780000)
  object space 131072K, 6% used [0x0000000701600000,0x0000000701e22b28,0x0000000709600000)
 Metaspace       used 20611K, capacity 21120K, committed 21296K, reserved 1069056K
  class space    used 2442K, capacity 2618K, committed 2688K, reserved 1048576K
Event: 3.648 GC heap after
Heap after GC invocations=5 (full 1):
 PSYoungGen      total 204800K, used 0K [0x0000000780780000, 0x000000078d780000, 0x00000007c0000000)
  eden space 196608K, 0% used [0x0000000780780000,0x0000000780780000,0x000000078c780000)
  from space 8192K, 0% used [0x000000078cf80000,0x000000078cf80000,0x000000078d780000)
  to   space 8192K, 0% used [0x000000078c780000,0x000000078c780000,0x000000078cf80000)
 ParOldGen       total 92672K, used 12383K [0x0000000701600000, 0x0000000707080000, 0x0000000780780000)
  object space 92672K, 13% used [0x0000000701600000,0x0000000702217fe0,0x0000000707080000)
 Metaspace       used 20611K, capacity 21120K, committed 21296K, reserved 1069056K
  class space    used 2442K, capacity 2618K, committed 2688K, reserved 1048576K
}
Event: 5.002 GC heap before
{Heap before GC invocations=6 (full 1):
 PSYoungGen      total 204800K, used 196608K [0x0000000780780000, 0x000000078d780000, 0x00000007c0000000)
  eden space 196608K, 100% used [0x0000000780780000,0x000000078c780000,0x000000078c780000)
  from space 8192K, 0% used [0x000000078cf80000,0x000000078cf80000,0x000000078d780000)
  to   space 8192K, 0% used [0x000000078c780000,0x000000078c780000,0x000000078cf80000)
 ParOldGen       total 92672K, used 12383K [0x0000000701600000, 0x0000000707080000, 0x0000000780780000)
  object space 92672K, 13% used [0x0000000701600000,0x0000000702217fe0,0x0000000707080000)
 Metaspace       used 23662K, capacity 24238K, committed 24448K, reserved 1071104K
  class space    used 2775K, capacity 2931K, committed 2944K, reserved 1048576K
Event: 5.030 GC heap after
Heap after GC invocations=6 (full 1):
 PSYoungGen      total 204800K, used 8171K [0x0000000780780000, 0x0000000795380000, 0x00000007c0000000)
  eden space 196608K, 0% used [0x0000000780780000,0x0000000780780000,0x000000078c780000)
  from space 8192K, 99% used [0x000000078c780000,0x000000078cf7ae18,0x000000078cf80000)
  to   space 25600K, 0% used [0x0000000793a80000,0x0000000793a80000,0x0000000795380000)
 ParOldGen       total 92672K, used 33003K [0x0000000701600000, 0x0000000707080000, 0x0000000780780000)
  object space 92672K, 35% used [0x0000000701600000,0x000000070363af28,0x0000000707080000)
 Metaspace       used 23662K, capacity 24238K, committed 24448K, reserved 1071104K
  class space    used 2775K, capacity 2931K, committed 2944K, reserved 1048576K
}
Event: 5.726 GC heap before
{Heap before GC invocations=7 (full 1):
 PSYoungGen      total 204800K, used 204779K [0x0000000780780000, 0x0000000795380000, 0x00000007c0000000)
  eden space 196608K, 100% used [0x0000000780780000,0x000000078c780000,0x000000078c780000)
  from space 8192K, 99% used [0x000000078c780000,0x000000078cf7ae18,0x000000078cf80000)
  to   space 25600K, 0% used [0x0000000793a80000,0x0000000793a80000,0x0000000795380000)
 ParOldGen       total 92672K, used 33003K [0x0000000701600000, 0x0000000707080000, 0x0000000780780000)
  object space 92672K, 35% used [0x0000000701600000,0x000000070363af28,0x0000000707080000)
 Metaspace       used 23676K, capacity 24270K, committed 24576K, reserved 1071104K
  class space    used 2777K, capacity 2963K, committed 3072K, reserved 1048576K
Event: 5.770 GC heap after
Heap after GC invocations=7 (full 1):
 PSYoungGen      total 303104K, used 25579K [0x0000000780780000, 0x0000000797c80000, 0x00000007c0000000)
  eden space 277504K, 0% used [0x0000000780780000,0x0000000780780000,0x0000000791680000)
  from space 25600K, 99% used [0x0000000793a80000,0x000000079537ae38,0x0000000795380000)
  to   space 36864K, 0% used [0x0000000791680000,0x0000000791680000,0x0000000793a80000)
 ParOldGen       total 92672K, used 43896K [0x0000000701600000, 0x0000000707080000, 0x0000000780780000)
  object space 92672K, 47% used [0x0000000701600000,0x00000007040de020,0x0000000707080000)
 Metaspace       used 23676K, capacity 24270K, committed 24576K, reserved 1071104K
  class space    used 2777K, capacity 2963K, committed 3072K, reserved 1048576K
}

Deoptimization events (10 events):
Event: 3.914 Thread 0x000000001d16f800 Uncommon trap: reason=class_check action=maybe_recompile pc=0x0000000003773f84 method=java.util.zip.InflaterInputStream.read([BII)I @ 100
Event: 3.914 Thread 0x000000001d16f800 Uncommon trap: reason=class_check action=maybe_recompile pc=0x0000000003773f84 method=java.util.zip.InflaterInputStream.read([BII)I @ 100
Event: 3.916 Thread 0x000000001d16f800 Uncommon trap: reason=unstable_if action=reinterpret pc=0x000000000372ccd8 method=java.util.jar.Attributes$Name.isDigit(C)Z @ 3
Event: 3.925 Thread 0x000000001d16f800 Uncommon trap: reason=bimorphic action=maybe_recompile pc=0x000000000388b6ac method=java.util.Hashtable.get(Ljava/lang/Object;)Ljava/lang/Object; @ 6
Event: 3.937 Thread 0x000000001d16f800 Uncommon trap: reason=unstable_if action=reinterpret pc=0x0000000002f1d8f4 method=java.lang.AbstractStringBuilder.append(Ljava/lang/String;)Ljava/lang/AbstractStringBuilder; @ 1
Event: 3.937 Thread 0x000000001d16f800 Uncommon trap: reason=unstable_if action=reinterpret pc=0x0000000002ea2e98 method=java.lang.AbstractStringBuilder.append(Ljava/lang/String;)Ljava/lang/AbstractStringBuilder; @ 1
Event: 3.967 Thread 0x000000001d16f800 Uncommon trap: reason=class_check action=maybe_recompile pc=0x00000000033f6988 method=java.util.Hashtable.addEntry(ILjava/lang/Object;Ljava/lang/Object;I)V @ 38
Event: 4.913 Thread 0x000000001d16f800 Uncommon trap: reason=unstable_if action=reinterpret pc=0x00000000038a4d68 method=org.codehaus.plexus.classworlds.realm.Entry.matches(Ljava/lang/String;)Z @ 209
Event: 4.945 Thread 0x000000001d16f800 Uncommon trap: reason=unloaded action=reinterpret pc=0x0000000003a09204 method=org.apache.tomcat.util.bcel.classfile.Attribute.readAttribute(Ljava/io/DataInputStream;Lorg/apache/tomcat/util/bcel/classfile/ConstantPool;)Lorg/apache/tomcat/util/bcel/classfi
Event: 5.557 Thread 0x000000001d16f800 Uncommon trap: reason=unstable_if action=reinterpret pc=0x00000000039dc858 method=java.util.LinkedHashMap.afterNodeAccess(Ljava/util/HashMap$Node;)V @ 41

Internal exceptions (10 events):
Event: 1.481 Thread 0x00000000029ae800 Implicit null exception at 0x0000000002f31315 to 0x0000000002f31519
Event: 1.481 Thread 0x00000000029ae800 Implicit null exception at 0x0000000002fad76f to 0x0000000002fad7d9
Event: 1.494 Thread 0x00000000029ae800 Implicit null exception at 0x000000000327cafb to 0x000000000327cf1d
Event: 1.505 Thread 0x00000000029ae800 Implicit null exception at 0x00000000031fad23 to 0x00000000031fae11
Event: 1.505 Thread 0x00000000029ae800 Implicit null exception at 0x0000000002f9d8bb to 0x0000000002f9ded1
Event: 2.523 Thread 0x00000000029ae800 Implicit null exception at 0x0000000003592eec to 0x0000000003594245
Event: 3.094 Thread 0x00000000029ae800 Exception <a 'java/io/FileNotFoundException'> (0x0000000780d02e20) thrown at [C:\re\workspace\8-2-build-windows-amd64-cygwin\jdk8u121\8372\hotspot\src\share\vm\prims\jni.cpp, line 709]
Event: 3.937 Thread 0x000000001d16f800 Implicit null exception at 0x0000000002f1d514 to 0x0000000002f1d8dd
Event: 3.937 Thread 0x000000001d16f800 Implicit null exception at 0x0000000002ea2ad6 to 0x0000000002ea2e7d
Event: 5.557 Thread 0x000000001d16f800 Implicit null exception at 0x00000000039d5dab to 0x00000000039dc81d

Events (10 events):
Event: 5.835 Thread 0x000000001d16f800 DEOPT PACKING pc=0x0000000002efcfc1 sp=0x00000000215fef90
Event: 5.835 Thread 0x000000001d16f800 DEOPT UNPACKING pc=0x0000000002cb787f sp=0x00000000215fecd0 mode 0
Event: 5.843 Thread 0x000000001d16f800 DEOPT PACKING pc=0x0000000002efcfc1 sp=0x00000000215fef90
Event: 5.843 Thread 0x000000001d16f800 DEOPT UNPACKING pc=0x0000000002cb787f sp=0x00000000215fecd0 mode 0
Event: 5.851 Thread 0x000000001d16f800 DEOPT PACKING pc=0x0000000002efcfc1 sp=0x00000000215fef90
Event: 5.851 Thread 0x000000001d16f800 DEOPT UNPACKING pc=0x0000000002cb787f sp=0x00000000215fecd0 mode 0
Event: 5.859 Thread 0x000000001d16f800 DEOPT PACKING pc=0x0000000002efcfc1 sp=0x00000000215fef90
Event: 5.859 Thread 0x000000001d16f800 DEOPT UNPACKING pc=0x0000000002cb787f sp=0x00000000215fecd0 mode 0
Event: 5.868 Thread 0x000000001d16f800 DEOPT PACKING pc=0x0000000002efcfc1 sp=0x00000000215fef90
Event: 5.868 Thread 0x000000001d16f800 DEOPT UNPACKING pc=0x0000000002cb787f sp=0x00000000215fecd0 mode 0


Dynamic libraries:
0x00007ff797970000 - 0x00007ff7979a7000 	C:\Program Files\Java\jdk1.8.0_121\bin\java.exe
0x00007ffd8e100000 - 0x00007ffd8e2e1000 	C:\WINDOWS\SYSTEM32\ntdll.dll
0x00007ffd8dea0000 - 0x00007ffd8df52000 	C:\WINDOWS\System32\KERNEL32.DLL
0x00007ffd8afd0000 - 0x00007ffd8b243000 	C:\WINDOWS\System32\KERNELBASE.dll
0x00007ffd8dcc0000 - 0x00007ffd8dd61000 	C:\WINDOWS\System32\ADVAPI32.dll
0x00007ffd8dc20000 - 0x00007ffd8dcbe000 	C:\WINDOWS\System32\msvcrt.dll
0x00007ffd8b590000 - 0x00007ffd8b5eb000 	C:\WINDOWS\System32\sechost.dll
0x00007ffd8b820000 - 0x00007ffd8b944000 	C:\WINDOWS\System32\RPCRT4.dll
0x00007ffd8b690000 - 0x00007ffd8b820000 	C:\WINDOWS\System32\USER32.dll
0x00007ffd8afb0000 - 0x00007ffd8afd0000 	C:\WINDOWS\System32\win32u.dll
0x00007ffd8b5f0000 - 0x00007ffd8b618000 	C:\WINDOWS\System32\GDI32.dll
0x00007ffd8a580000 - 0x00007ffd8a712000 	C:\WINDOWS\System32\gdi32full.dll
0x00007ffd8b4f0000 - 0x00007ffd8b58f000 	C:\WINDOWS\System32\msvcp_win.dll
0x00007ffd8a720000 - 0x00007ffd8a81a000 	C:\WINDOWS\System32\ucrtbase.dll
0x00007ffd804e0000 - 0x00007ffd80749000 	C:\WINDOWS\WinSxS\amd64_microsoft.windows.common-controls_6595b64144ccf1df_6.0.17134.228_none_fb4599993062b194\COMCTL32.dll
0x00007ffd8ceb0000 - 0x00007ffd8d1d3000 	C:\WINDOWS\System32\combase.dll
0x00007ffd8a820000 - 0x00007ffd8a89a000 	C:\WINDOWS\System32\bcryptPrimitives.dll
0x00007ffd8b950000 - 0x00007ffd8b97d000 	C:\WINDOWS\System32\IMM32.DLL
0x000000006c9e0000 - 0x000000006cab2000 	C:\Program Files\Java\jdk1.8.0_121\jre\bin\msvcr100.dll
0x000000006c140000 - 0x000000006c9db000 	C:\Program Files\Java\jdk1.8.0_121\jre\bin\server\jvm.dll
0x00007ffd8e0b0000 - 0x00007ffd8e0b8000 	C:\WINDOWS\System32\PSAPI.DLL
0x00007ffd70ff0000 - 0x00007ffd70ff9000 	C:\WINDOWS\SYSTEM32\WSOCK32.dll
0x00007ffd83fd0000 - 0x00007ffd83fda000 	C:\WINDOWS\SYSTEM32\VERSION.dll
0x00007ffd86a50000 - 0x00007ffd86a73000 	C:\WINDOWS\SYSTEM32\WINMM.dll
0x00007ffd8db10000 - 0x00007ffd8db7c000 	C:\WINDOWS\System32\WS2_32.dll
0x00007ffd86a20000 - 0x00007ffd86a4a000 	C:\WINDOWS\SYSTEM32\WINMMBASE.dll
0x00007ffd8a4d0000 - 0x00007ffd8a519000 	C:\WINDOWS\System32\cfgmgr32.dll
0x000000006c130000 - 0x000000006c13f000 	C:\Program Files\Java\jdk1.8.0_121\jre\bin\verify.dll
0x000000006c100000 - 0x000000006c129000 	C:\Program Files\Java\jdk1.8.0_121\jre\bin\java.dll
0x000000006c0d0000 - 0x000000006c0f3000 	C:\Program Files\Java\jdk1.8.0_121\jre\bin\instrument.dll
0x000000006c0b0000 - 0x000000006c0c6000 	C:\Program Files\Java\jdk1.8.0_121\jre\bin\zip.dll
0x00007ffd8b980000 - 0x00007ffd8cdc0000 	C:\WINDOWS\System32\SHELL32.dll
0x00007ffd8ddf0000 - 0x00007ffd8de99000 	C:\WINDOWS\System32\shcore.dll
0x00007ffd8a8a0000 - 0x00007ffd8afad000 	C:\WINDOWS\System32\windows.storage.dll
0x00007ffd8b620000 - 0x00007ffd8b671000 	C:\WINDOWS\System32\shlwapi.dll
0x00007ffd8a470000 - 0x00007ffd8a481000 	C:\WINDOWS\System32\kernel.appcore.dll
0x00007ffd8a4b0000 - 0x00007ffd8a4cf000 	C:\WINDOWS\System32\profapi.dll
0x00007ffd8a420000 - 0x00007ffd8a46c000 	C:\WINDOWS\System32\powrprof.dll
0x00007ffd8a410000 - 0x00007ffd8a41a000 	C:\WINDOWS\System32\FLTLIB.DLL
0x00007ffd78aa0000 - 0x00007ffd78aba000 	D:\IntelliJ_IDEA\IntelliJ IDEA 2018.1.3\bin\breakgen64.dll
0x000000006c090000 - 0x000000006c0aa000 	C:\Program Files\Java\jdk1.8.0_121\jre\bin\net.dll
0x00007ffd89c90000 - 0x00007ffd89cf6000 	C:\WINDOWS\system32\mswsock.dll
0x000000006c070000 - 0x000000006c081000 	C:\Program Files\Java\jdk1.8.0_121\jre\bin\nio.dll
0x00007ffd89e40000 - 0x00007ffd89e57000 	C:\WINDOWS\SYSTEM32\CRYPTSP.dll
0x00007ffd89870000 - 0x00007ffd898a3000 	C:\WINDOWS\system32\rsaenh.dll
0x00007ffd89f70000 - 0x00007ffd89f95000 	C:\WINDOWS\SYSTEM32\bcrypt.dll
0x00007ffd8a340000 - 0x00007ffd8a368000 	C:\WINDOWS\SYSTEM32\USERENV.dll
0x00007ffd89e60000 - 0x00007ffd89e6b000 	C:\WINDOWS\SYSTEM32\CRYPTBASE.dll
0x00007ffd89a10000 - 0x00007ffd89a48000 	C:\WINDOWS\SYSTEM32\IPHLPAPI.DLL
0x00007ffd8e0c0000 - 0x00007ffd8e0c8000 	C:\WINDOWS\System32\NSI.dll
0x00007ffd840f0000 - 0x00007ffd84106000 	C:\WINDOWS\SYSTEM32\dhcpcsvc6.DLL
0x00007ffd840d0000 - 0x00007ffd840ea000 	C:\WINDOWS\SYSTEM32\dhcpcsvc.DLL
0x000000006c030000 - 0x000000006c03d000 	C:\Program Files\Java\jdk1.8.0_121\jre\bin\management.dll

VM Arguments:
jvm_args: -Dmaven.multiModuleProjectDirectory=E:\IntelliJ_IDEA_Path\JavaEE\pinyougou-parent\pinyougou-parent\pinyougou-page-service -Dmaven.home=D:\IntelliJ_IDEA\IntelliJ IDEA 2018.1.3\plugins\maven\lib\maven3 -Dclassworlds.conf=D:\IntelliJ_IDEA\IntelliJ IDEA 2018.1.3\plugins\maven\lib\maven3\bin\m2.conf -javaagent:D:\IntelliJ_IDEA\IntelliJ IDEA 2018.1.3\lib\idea_rt.jar=5444:D:\IntelliJ_IDEA\IntelliJ IDEA 2018.1.3\bin -Dfile.encoding=UTF-8 
java_command: org.codehaus.classworlds.Launcher -Didea.version=2018.1.3 -Dmaven.repo.local=C:\Users\GaoHang\.m2\repository tomcat7:run
java_class_path (initial): D:\IntelliJ_IDEA\IntelliJ IDEA 2018.1.3\plugins\maven\lib\maven3\boot\plexus-classworlds-2.5.2.jar;D:\IntelliJ_IDEA\IntelliJ IDEA 2018.1.3\lib\idea_rt.jar
Launcher Type: SUN_STANDARD

Environment Variables:
JAVA_HOME=C:\Program Files\Java\jdk1.8.0_121
CLASSPATH="C:\Program Files\Java\jdk1.8.0_121\lib\*.jar;";E:\apache-tomcat-9.0.8\lib\servlet-api.jar;
PATH=D:\app\GaoHang\product\11.2.0\dbhome_1\bin;D:\python_3.6.4(32bit)\Scripts\;D:\python_3.6.4(32bit)\;D:\python\;C:\WINDOWS\system32;C:\WINDOWS;C:\WINDOWS\System32\Wbem;C:\WINDOWS\System32\WindowsPowerShell\v1.0\;C:\Program Files (x86)\Windows Kits\8.1\Windows Performance Toolkit\;C:\Program Files\Microsoft SQL Server\110\Tools\Binn\;D:\python;E:\C++\Tuple - 跳一跳辅助\ADB工具\ADB工具;C:\Progr;m Files\Intel\WiFi\bin\;C:\Program Files\Common Files\Intel\WirelessCommon\;C:\Program Files (x86)\NVIDIA Corporation\PhysX\Common;C:\Program Files\Java\jdk1.8.0_121\bin;C:\Program Files\Java\jdk1.8.0_121\jre\bin;C:\ProgramData\Oracle\Java\javapath;C:\Program Files\Intel\WiFi\bin\;C:\Program Files\MySQL\MySQL Server 5.5\bin;C:\WINDOWS\system32;C:\WINDOWS;C:\WINDOWS\System32\Wbem;C:\WINDOWS\System32\WindowsPowerShell\v1.0\;C:\WINDOWS\System32\OpenSSH\;E:\apache-tomcat-9.0.8\bin;E:\apache-tomcat-9.0.8\lib;E:\apache-maven-3.5.4\bin;D:\Git\cmd;C:\Users\GaoHang\AppData\Local\Microsoft\WindowsApps;C:\Program Files\Intel\WiFi\bin\;C:\Program Files\Common Files\Intel\WirelessCommon\;%USERPROFILE%\AppData\Local\Microsoft\WindowsApps;
USERNAME=GaoHang
OS=Windows_NT
PROCESSOR_IDENTIFIER=Intel64 Family 6 Model 60 Stepping 3, GenuineIntel



---------------  S Y S T E M  ---------------

OS: Windows 10.0 , 64 bit Build 17134 (10.0.17134.1)

CPU:total 4 (2 cores per cpu, 2 threads per core) family 6 model 60 stepping 3, cmov, cx8, fxsr, mmx, sse, sse2, sse3, ssse3, sse4.1, sse4.2, popcnt, avx, avx2, aes, clmul, erms, lzcnt, ht, tsc, tscinvbit, bmi1, bmi2

Memory: 4k page, physical 12488024k(3418276k free), swap 26914460k(4616k free)

vm_info: Java HotSpot(TM) 64-Bit Server VM (25.121-b13) for windows-amd64 JRE (1.8.0_121-b13), built on Dec 12 2016 18:21:36 by "java_re" with MS VC++ 10.0 (VS2010)

time: Fri Aug 24 17:13:30 2018
elapsed time: 5 seconds (0d 0h 0m 5s)

