#
# There is insufficient memory for the Java Runtime Environment to continue.
# Native memory allocation (malloc) failed to allocate 808016 bytes for Chunk::new
# Possible reasons:
#   The system is out of physical RAM or swap space
#   In 32 bit mode, the process size limit was hit
# Possible solutions:
#   Reduce memory load on the system
#   Increase physical memory or swap space
#   Check if swap backing store is full
#   Use 64 bit Java on a 64 bit OS
#   Decrease Java heap size (-Xmx/-Xms)
#   Decrease number of Java threads
#   Decrease Java thread stack sizes (-Xss)
#   Set larger code cache with -XX:ReservedCodeCacheSize=
# This output file may be truncated or incomplete.
#
#  Out of Memory Error (allocation.cpp:390), pid=8916, tid=0x0000000000002c04
#
# JRE version: Java(TM) SE Runtime Environment (8.0_121-b13) (build 1.8.0_121-b13)
# Java VM: Java HotSpot(TM) 64-Bit Server VM (25.121-b13 mixed mode windows-amd64 compressed oops)
# Failed to write core dump. Minidumps are not enabled by default on client versions of Windows
#

---------------  T H R E A D  ---------------

Current thread (0x000000001b56e000):  JavaThread "C2 CompilerThread1" daemon [_thread_in_native, id=11268, stack(0x000000001bd30000,0x000000001be30000)]

Stack: [0x000000001bd30000,0x000000001be30000]
[error occurred during error reporting (printing stack bounds), id 0xc0000005]

Native frames: (J=compiled Java code, j=interpreted, Vv=VM code, C=native code)


Current CompileTask:
C2:1877029 5642       4       java.net.URLStreamHandler::parseURL (1193 bytes)


---------------  P R O C E S S  ---------------

Java Threads: ( => current thread )
  0x000000001f14e800 JavaThread "ActiveMQ Session Task-2" [_thread_blocked, id=2296, stack(0x00000000283c0000,0x00000000284c0000)]
  0x000000001f14d800 JavaThread "ActiveMQ InactivityMonitor Worker" daemon [_thread_blocked, id=13976, stack(0x00000000280c0000,0x00000000281c0000)]
  0x0000000022f32800 JavaThread "http-bio-9005-AsyncTimeout" daemon [_thread_blocked, id=3464, stack(0x0000000027dc0000,0x0000000027ec0000)]
  0x000000001f58a800 JavaThread "http-bio-9005-Acceptor-0" daemon [_thread_in_native, id=19760, stack(0x0000000027cc0000,0x0000000027dc0000)]
  0x0000000023e5f000 JavaThread "ContainerBackgroundProcessor[StandardEngine[Tomcat]]" daemon [_thread_blocked, id=20368, stack(0x0000000027bc0000,0x0000000027cc0000)]
  0x0000000024f91800 JavaThread "org.springframework.jms.listener.DefaultMessageListenerContainer#1-1" [_thread_blocked, id=9584, stack(0x0000000027ac0000,0x0000000027bc0000)]
  0x0000000024f91000 JavaThread "ActiveMQ InactivityMonitor WriteCheckTimer" daemon [_thread_blocked, id=19592, stack(0x00000000279c0000,0x0000000027ac0000)]
  0x000000002623d000 JavaThread "org.springframework.jms.listener.DefaultMessageListenerContainer#0-1" [_thread_in_Java, id=18356, stack(0x00000000278c0000,0x00000000279c0000)]
  0x00000000210d3000 JavaThread "ActiveMQ Transport: tcp:///192.168.25.128:61616@59211" [_thread_in_native, id=19800, stack(0x00000000277c0000,0x00000000278c0000)]
  0x00000000254d8000 JavaThread "ActiveMQ InactivityMonitor ReadCheckTimer" daemon [_thread_blocked, id=19904, stack(0x0000000021bf0000,0x0000000021cf0000)]
  0x0000000022cce800 JavaThread "Thread-2" daemon [_thread_in_native, id=20432, stack(0x0000000021af0000,0x0000000021bf0000)]
  0x000000001b603800 JavaThread "Service Thread" daemon [_thread_blocked, id=16172, stack(0x000000001bf30000,0x000000001c030000)]
  0x000000001b579000 JavaThread "C1 CompilerThread2" daemon [_thread_blocked, id=11912, stack(0x000000001be30000,0x000000001bf30000)]
=>0x000000001b56e000 JavaThread "C2 CompilerThread1" daemon [_thread_in_native, id=11268, stack(0x000000001bd30000,0x000000001be30000)]
  0x000000001b56a800 JavaThread "C2 CompilerThread0" daemon [_thread_in_native, id=13164, stack(0x000000001bc30000,0x000000001bd30000)]
  0x000000001b569000 JavaThread "Monitor Ctrl-Break" daemon [_thread_in_native, id=19128, stack(0x000000001bb30000,0x000000001bc30000)]
  0x000000001b538800 JavaThread "Attach Listener" daemon [_thread_blocked, id=3084, stack(0x000000001ba30000,0x000000001bb30000)]
  0x000000001a1c8000 JavaThread "Signal Dispatcher" daemon [_thread_blocked, id=13248, stack(0x000000001b930000,0x000000001ba30000)]
  0x000000000311b800 JavaThread "Finalizer" daemon [_thread_blocked, id=18996, stack(0x000000001b430000,0x000000001b530000)]
  0x0000000003110800 JavaThread "Reference Handler" daemon [_thread_blocked, id=18476, stack(0x000000001b330000,0x000000001b430000)]
  0x000000000301e800 JavaThread "main" [_thread_blocked, id=9044, stack(0x0000000002950000,0x0000000002a50000)]

Other Threads:
  0x000000001a198800 VMThread [stack: 0x000000001b230000,0x000000001b330000] [id=15300]
  0x000000001b638800 WatcherThread [stack: 0x000000001c030000,0x000000001c130000] [id=18060]

VM state:not at safepoint (normal execution)

VM Mutex/Monitor currently owned by a thread: None

Heap:
 PSYoungGen      total 297984K, used 150960K [0x0000000780780000, 0x000000079a180000, 0x00000007c0000000)
  eden space 253952K, 59% used [0x0000000780780000,0x0000000789aec3e8,0x000000078ff80000)
  from space 44032K, 0% used [0x000000078ff80000,0x000000078ff80000,0x0000000792a80000)
  to   space 42496K, 0% used [0x0000000797800000,0x0000000797800000,0x000000079a180000)
 ParOldGen       total 157184K, used 34944K [0x0000000701600000, 0x000000070af80000, 0x0000000780780000)
  object space 157184K, 22% used [0x0000000701600000,0x0000000703820390,0x000000070af80000)
 Metaspace       used 38941K, capacity 39546K, committed 39808K, reserved 1083392K
  class space    used 4701K, capacity 4909K, committed 4992K, reserved 1048576K

Card table byte_map: [0x00000000124e0000,0x0000000012ae0000] byte_map_base: 0x000000000ecd5000

Marking Bits: (ParMarkBitMap*) 0x000000006c95b6d0
 Begin Bits: [0x00000000132e0000, 0x0000000016288000)
 End Bits:   [0x0000000016288000, 0x0000000019230000)

Polling page: 0x00000000010e0000

CodeCache: size=245760Kb used=14997Kb max_used=15161Kb free=230762Kb
 bounds [0x0000000003120000, 0x0000000004000000, 0x0000000012120000]
 total_blobs=5395 nmethods=4943 adapters=364
 compilation: enabled

Compilation events (10 events):
Event: 1876.679 Thread 0x000000001b579000 5663       3       freemarker.core.SimpleCharStream::GetImage (97 bytes)
Event: 1876.679 Thread 0x000000001b579000 nmethod 5663 0x0000000003cd6290 code [0x0000000003cd6480, 0x0000000003cd70b8]
Event: 1876.686 Thread 0x000000001b579000 5666       3       freemarker.core.FMParserTokenManager::jjCheckNAddTwoStates (11 bytes)
Event: 1876.686 Thread 0x000000001b579000 nmethod 5666 0x0000000003e192d0 code [0x0000000003e19440, 0x0000000003e19618]
Event: 1876.686 Thread 0x000000001b579000 5667       3       freemarker.core.TemplateObject::<init> (5 bytes)
Event: 1876.687 Thread 0x000000001b579000 nmethod 5667 0x0000000003e18f10 code [0x0000000003e19060, 0x0000000003e19210]
Event: 1876.687 Thread 0x000000001b579000 5668       3       java.lang.StringBuffer::<init> (18 bytes)
Event: 1876.688 Thread 0x000000001b579000 nmethod 5668 0x0000000003ce4d50 code [0x0000000003ce4ee0, 0x0000000003ce5548]
Event: 1876.689 Thread 0x000000001b579000 5671   !   3       freemarker.core.FMParserTokenManager::jjMoveNfa_7 (1016 bytes)
Event: 1876.692 Thread 0x000000001b579000 nmethod 5671 0x0000000003a5b790 code [0x0000000003a5bb00, 0x0000000003a5da98]

GC Heap History (10 events):
Event: 7.616 GC heap before
{Heap before GC invocations=9 (full 1):
 PSYoungGen      total 205824K, used 205812K [0x0000000780780000, 0x000000078fa80000, 0x00000007c0000000)
  eden space 189440K, 100% used [0x0000000780780000,0x000000078c080000,0x000000078c080000)
  from space 16384K, 99% used [0x000000078c080000,0x000000078d07d270,0x000000078d080000)
  to   space 22528K, 0% used [0x000000078e480000,0x000000078e480000,0x000000078fa80000)
 ParOldGen       total 94720K, used 24448K [0x0000000701600000, 0x0000000707280000, 0x0000000780780000)
  object space 94720K, 25% used [0x0000000701600000,0x0000000702de0360,0x0000000707280000)
 Metaspace       used 23641K, capacity 24172K, committed 24192K, reserved 1071104K
  class space    used 2774K, capacity 2929K, committed 2944K, reserved 1048576K
Event: 7.656 GC heap after
Heap after GC invocations=9 (full 1):
 PSYoungGen      total 217088K, used 22526K [0x0000000780780000, 0x0000000796080000, 0x00000007c0000000)
  eden space 194560K, 0% used [0x0000000780780000,0x0000000780780000,0x000000078c580000)
  from space 22528K, 99% used [0x000000078e480000,0x000000078fa7fbb0,0x000000078fa80000)
  to   space 31744K, 0% used [0x000000078c580000,0x000000078c580000,0x000000078e480000)
 ParOldGen       total 94720K, used 38001K [0x0000000701600000, 0x0000000707280000, 0x0000000780780000)
  object space 94720K, 40% used [0x0000000701600000,0x0000000703b1c4f0,0x0000000707280000)
 Metaspace       used 23641K, capacity 24172K, committed 24192K, reserved 1071104K
  class space    used 2774K, capacity 2929K, committed 2944K, reserved 1048576K
}
Event: 8.673 GC heap before
{Heap before GC invocations=10 (full 1):
 PSYoungGen      total 217088K, used 217086K [0x0000000780780000, 0x0000000796080000, 0x00000007c0000000)
  eden space 194560K, 100% used [0x0000000780780000,0x000000078c580000,0x000000078c580000)
  from space 22528K, 99% used [0x000000078e480000,0x000000078fa7fbb0,0x000000078fa80000)
  to   space 31744K, 0% used [0x000000078c580000,0x000000078c580000,0x000000078e480000)
 ParOldGen       total 94720K, used 38001K [0x0000000701600000, 0x0000000707280000, 0x0000000780780000)
  object space 94720K, 40% used [0x0000000701600000,0x0000000703b1c4f0,0x0000000707280000)
 Metaspace       used 23646K, capacity 24172K, committed 24192K, reserved 1071104K
  class space    used 2774K, capacity 2929K, committed 2944K, reserved 1048576K
Event: 8.714 GC heap after
Heap after GC invocations=10 (full 1):
 PSYoungGen      total 226304K, used 31733K [0x0000000780780000, 0x0000000795180000, 0x00000007c0000000)
  eden space 194560K, 0% used [0x0000000780780000,0x0000000780780000,0x000000078c580000)
  from space 31744K, 99% used [0x000000078c580000,0x000000078e47d710,0x000000078e480000)
  to   space 39936K, 0% used [0x0000000792a80000,0x0000000792a80000,0x0000000795180000)
 ParOldGen       total 94720K, used 46855K [0x0000000701600000, 0x0000000707280000, 0x0000000780780000)
  object space 94720K, 49% used [0x0000000701600000,0x00000007043c1fa8,0x0000000707280000)
 Metaspace       used 23646K, capacity 24172K, committed 24192K, reserved 1071104K
  class space    used 2774K, capacity 2929K, committed 2944K, reserved 1048576K
}
Event: 9.588 GC heap before
{Heap before GC invocations=11 (full 1):
 PSYoungGen      total 226304K, used 226293K [0x0000000780780000, 0x0000000795180000, 0x00000007c0000000)
  eden space 194560K, 100% used [0x0000000780780000,0x000000078c580000,0x000000078c580000)
  from space 31744K, 99% used [0x000000078c580000,0x000000078e47d710,0x000000078e480000)
  to   space 39936K, 0% used [0x0000000792a80000,0x0000000792a80000,0x0000000795180000)
 ParOldGen       total 94720K, used 46855K [0x0000000701600000, 0x0000000707280000, 0x0000000780780000)
  object space 94720K, 49% used [0x0000000701600000,0x00000007043c1fa8,0x0000000707280000)
 Metaspace       used 23667K, capacity 24214K, committed 24576K, reserved 1071104K
  class space    used 2778K, capacity 2963K, committed 3072K, reserved 1048576K
Event: 9.631 GC heap after
Heap after GC invocations=11 (full 1):
 PSYoungGen      total 293888K, used 34703K [0x0000000780780000, 0x0000000795c00000, 0x00000007c0000000)
  eden space 253952K, 0% used [0x0000000780780000,0x0000000780780000,0x000000078ff80000)
  from space 39936K, 86% used [0x0000000792a80000,0x0000000794c63c80,0x0000000795180000)
  to   space 44032K, 0% used [0x000000078ff80000,0x000000078ff80000,0x0000000792a80000)
 ParOldGen       total 94720K, used 51530K [0x0000000701600000, 0x0000000707280000, 0x0000000780780000)
  object space 94720K, 54% used [0x0000000701600000,0x00000007048528e8,0x0000000707280000)
 Metaspace       used 23667K, capacity 24214K, committed 24576K, reserved 1071104K
  class space    used 2778K, capacity 2963K, committed 3072K, reserved 1048576K
}
Event: 11.367 GC heap before
{Heap before GC invocations=12 (full 1):
 PSYoungGen      total 293888K, used 242983K [0x0000000780780000, 0x0000000795c00000, 0x00000007c0000000)
  eden space 253952K, 82% used [0x0000000780780000,0x000000078d2e6180,0x000000078ff80000)
  from space 39936K, 86% used [0x0000000792a80000,0x0000000794c63c80,0x0000000795180000)
  to   space 44032K, 0% used [0x000000078ff80000,0x000000078ff80000,0x0000000792a80000)
 ParOldGen       total 94720K, used 51530K [0x0000000701600000, 0x0000000707280000, 0x0000000780780000)
  object space 94720K, 54% used [0x0000000701600000,0x00000007048528e8,0x0000000707280000)
 Metaspace       used 34796K, capacity 35344K, committed 35496K, reserved 1081344K
  class space    used 4143K, capacity 4326K, committed 4352K, reserved 1048576K
Event: 11.398 GC heap after
Heap after GC invocations=12 (full 1):
 PSYoungGen      total 297984K, used 15905K [0x0000000780780000, 0x000000079a180000, 0x00000007c0000000)
  eden space 253952K, 0% used [0x0000000780780000,0x0000000780780000,0x000000078ff80000)
  from space 44032K, 36% used [0x000000078ff80000,0x0000000790f08648,0x0000000792a80000)
  to   space 42496K, 0% used [0x0000000797800000,0x0000000797800000,0x000000079a180000)
 ParOldGen       total 94720K, used 56186K [0x0000000701600000, 0x0000000707280000, 0x0000000780780000)
  object space 94720K, 59% used [0x0000000701600000,0x0000000704cdeae0,0x0000000707280000)
 Metaspace       used 34796K, capacity 35344K, committed 35496K, reserved 1081344K
  class space    used 4143K, capacity 4326K, committed 4352K, reserved 1048576K
}
Event: 11.398 GC heap before
{Heap before GC invocations=13 (full 2):
 PSYoungGen      total 297984K, used 15905K [0x0000000780780000, 0x000000079a180000, 0x00000007c0000000)
  eden space 253952K, 0% used [0x0000000780780000,0x0000000780780000,0x000000078ff80000)
  from space 44032K, 36% used [0x000000078ff80000,0x0000000790f08648,0x0000000792a80000)
  to   space 42496K, 0% used [0x0000000797800000,0x0000000797800000,0x000000079a180000)
 ParOldGen       total 94720K, used 56186K [0x0000000701600000, 0x0000000707280000, 0x0000000780780000)
  object space 94720K, 59% used [0x0000000701600000,0x0000000704cdeae0,0x0000000707280000)
 Metaspace       used 34796K, capacity 35344K, committed 35496K, reserved 1081344K
  class space    used 4143K, capacity 4326K, committed 4352K, reserved 1048576K
Event: 11.532 GC heap after
Heap after GC invocations=13 (full 2):
 PSYoungGen      total 297984K, used 0K [0x0000000780780000, 0x000000079a180000, 0x00000007c0000000)
  eden space 253952K, 0% used [0x0000000780780000,0x0000000780780000,0x000000078ff80000)
  from space 44032K, 0% used [0x000000078ff80000,0x000000078ff80000,0x0000000792a80000)
  to   space 42496K, 0% used [0x0000000797800000,0x0000000797800000,0x000000079a180000)
 ParOldGen       total 157184K, used 34944K [0x0000000701600000, 0x000000070af80000, 0x0000000780780000)
  object space 157184K, 22% used [0x0000000701600000,0x0000000703820390,0x000000070af80000)
 Metaspace       used 34796K, capacity 35344K, committed 35496K, reserved 1081344K
  class space    used 4143K, capacity 4326K, committed 4352K, reserved 1048576K
}

Deoptimization events (10 events):
Event: 12.391 Thread 0x00000000210d3000 Uncommon trap: reason=class_check action=maybe_recompile pc=0x00000000033c2ff8 method=java.util.HashMap.removeNode(ILjava/lang/Object;Ljava/lang/Object;ZZ)Ljava/util/HashMap$Node; @ 68
Event: 12.391 Thread 0x000000001ef84000 Uncommon trap: reason=unstable_if action=reinterpret pc=0x000000000335521c method=java.util.LinkedHashMap.afterNodeRemoval(Ljava/util/HashMap$Node;)V @ 47
Event: 12.483 Thread 0x00000000210d3000 Uncommon trap: reason=class_check action=maybe_recompile pc=0x00000000033c2ff8 method=java.util.HashMap.removeNode(ILjava/lang/Object;Ljava/lang/Object;ZZ)Ljava/util/HashMap$Node; @ 68
Event: 12.487 Thread 0x00000000210d3000 Uncommon trap: reason=class_check action=maybe_recompile pc=0x00000000033c2ff8 method=java.util.HashMap.removeNode(ILjava/lang/Object;Ljava/lang/Object;ZZ)Ljava/util/HashMap$Node; @ 68
Event: 552.715 Thread 0x0000000023e5f000 Uncommon trap: reason=predicate action=maybe_recompile pc=0x0000000003db3e3c method=java.util.AbstractCollection.toArray([Ljava/lang/Object;)[Ljava/lang/Object; @ 49
Event: 812.735 Thread 0x0000000023e5f000 Uncommon trap: reason=array_check action=maybe_recompile pc=0x0000000003dab6f4 method=java.util.AbstractCollection.toArray([Ljava/lang/Object;)[Ljava/lang/Object; @ 119
Event: 812.736 Thread 0x0000000023e5f000 Uncommon trap: reason=array_check action=maybe_recompile pc=0x0000000003dab6f4 method=java.util.AbstractCollection.toArray([Ljava/lang/Object;)[Ljava/lang/Object; @ 119
Event: 812.736 Thread 0x0000000023e5f000 Uncommon trap: reason=array_check action=maybe_recompile pc=0x0000000003dab6f4 method=java.util.AbstractCollection.toArray([Ljava/lang/Object;)[Ljava/lang/Object; @ 119
Event: 822.736 Thread 0x0000000023e5f000 Uncommon trap: reason=array_check action=maybe_recompile pc=0x0000000003dab6f4 method=java.util.AbstractCollection.toArray([Ljava/lang/Object;)[Ljava/lang/Object; @ 119
Event: 1876.408 Thread 0x000000002623d000 Uncommon trap: reason=unstable_if action=reinterpret pc=0x0000000003cda4d8 method=org.apache.activemq.FifoMessageDispatchChannel.dequeue(J)Lorg/apache/activemq/command/MessageDispatch; @ 87

Internal exceptions (10 events):
Event: 11.938 Thread 0x000000001ef84000 Exception <a 'java/lang/ClassNotFoundException': org/springframework/web/servlet/view/freemarker/FreeMarkerConfigurerCustomizer> (0x000000078634b9b0) thrown at [C:\re\workspace\8-2-build-windows-amd64-cygwin\jdk8u121\8372\hotspot\src\share\vm\classfile\sy
Event: 12.053 Thread 0x000000001ef84000 Exception <a 'java/lang/ClassNotFoundException': com/pinyougou/page/service/impl/PageDeleteListenerBeanInfo> (0x0000000786956fe8) thrown at [C:\re\workspace\8-2-build-windows-amd64-cygwin\jdk8u121\8372\hotspot\src\share\vm\classfile\systemDictionary.cpp, 
Event: 12.054 Thread 0x000000001ef84000 Exception <a 'java/lang/ClassNotFoundException': com/pinyougou/page/service/impl/PageDeleteListenerCustomizer> (0x00000007869761f8) thrown at [C:\re\workspace\8-2-build-windows-amd64-cygwin\jdk8u121\8372\hotspot\src\share\vm\classfile\systemDictionary.cpp
Event: 12.057 Thread 0x000000001ef84000 Exception <a 'java/lang/ClassNotFoundException': org/springframework/context/event/EventListenerMethodProcessorBeanInfo> (0x00000007869b0f70) thrown at [C:\re\workspace\8-2-build-windows-amd64-cygwin\jdk8u121\8372\hotspot\src\share\vm\classfile\systemDict
Event: 12.058 Thread 0x000000001ef84000 Exception <a 'java/lang/ClassNotFoundException': org/springframework/context/event/EventListenerMethodProcessorCustomizer> (0x00000007869d3a08) thrown at [C:\re\workspace\8-2-build-windows-amd64-cygwin\jdk8u121\8372\hotspot\src\share\vm\classfile\systemDi
Event: 12.060 Thread 0x000000001ef84000 Exception <a 'java/lang/ClassNotFoundException': org/springframework/context/event/DefaultEventListenerFactoryBeanInfo> (0x00000007869fd4f0) thrown at [C:\re\workspace\8-2-build-windows-amd64-cygwin\jdk8u121\8372\hotspot\src\share\vm\classfile\systemDicti
Event: 12.061 Thread 0x000000001ef84000 Exception <a 'java/lang/ClassNotFoundException': org/springframework/context/event/DefaultEventListenerFactoryCustomizer> (0x0000000786a1fa20) thrown at [C:\re\workspace\8-2-build-windows-amd64-cygwin\jdk8u121\8372\hotspot\src\share\vm\classfile\systemDic
Event: 12.391 Thread 0x000000001ef84000 Implicit null exception at 0x00000000033551c2 to 0x000000000335520d
Event: 12.415 Thread 0x000000001ef84000 Exception <a 'java/io/FileNotFoundException'> (0x0000000787409e40) thrown at [C:\re\workspace\8-2-build-windows-amd64-cygwin\jdk8u121\8372\hotspot\src\share\vm\prims\jni.cpp, line 709]
Event: 1876.647 Thread 0x000000002623d000 Exception <a 'java/lang/NoClassDefFoundError': org/python/core/PyException> (0x000000078996b758) thrown at [C:\re\workspace\8-2-build-windows-amd64-cygwin\jdk8u121\8372\hotspot\src\share\vm\classfile\systemDictionary.cpp, line 199]

Events (10 events):
Event: 1876.670 loading class freemarker/template/FalseTemplateBooleanModel
Event: 1876.670 loading class freemarker/template/FalseTemplateBooleanModel done
Event: 1876.670 loading class freemarker/template/SerializableTemplateBooleanModel
Event: 1876.670 loading class freemarker/template/SerializableTemplateBooleanModel done
Event: 1876.671 loading class freemarker/template/TrueTemplateBooleanModel
Event: 1876.671 loading class freemarker/template/TrueTemplateBooleanModel done
Event: 1876.672 loading class freemarker/core/ConditionalBlock
Event: 1876.672 loading class freemarker/core/ConditionalBlock done
Event: 1876.673 loading class freemarker/core/FMParser$ParserIteratorBlockContext
Event: 1876.673 loading class freemarker/core/FMParser$ParserIteratorBlockContext done


Dynamic libraries:
0x00007ff797970000 - 0x00007ff7979a7000 	C:\Program Files\Java\jdk1.8.0_121\bin\java.exe
0x00007ffd8e100000 - 0x00007ffd8e2e1000 	C:\WINDOWS\SYSTEM32\ntdll.dll
0x00007ffd8dea0000 - 0x00007ffd8df52000 	C:\WINDOWS\System32\KERNEL32.DLL
0x00007ffd8afd0000 - 0x00007ffd8b243000 	C:\WINDOWS\System32\KERNELBASE.dll
0x00007ffd8dcc0000 - 0x00007ffd8dd61000 	C:\WINDOWS\System32\ADVAPI32.dll
0x00007ffd8dc20000 - 0x00007ffd8dcbe000 	C:\WINDOWS\System32\msvcrt.dll
0x00007ffd8b590000 - 0x00007ffd8b5eb000 	C:\WINDOWS\System32\sechost.dll
0x00007ffd8b820000 - 0x00007ffd8b944000 	C:\WINDOWS\System32\RPCRT4.dll
0x00007ffd8b690000 - 0x00007ffd8b820000 	C:\WINDOWS\System32\USER32.dll
0x00007ffd8afb0000 - 0x00007ffd8afd0000 	C:\WINDOWS\System32\win32u.dll
0x00007ffd8b5f0000 - 0x00007ffd8b618000 	C:\WINDOWS\System32\GDI32.dll
0x00007ffd8a580000 - 0x00007ffd8a712000 	C:\WINDOWS\System32\gdi32full.dll
0x00007ffd8b4f0000 - 0x00007ffd8b58f000 	C:\WINDOWS\System32\msvcp_win.dll
0x00007ffd8a720000 - 0x00007ffd8a81a000 	C:\WINDOWS\System32\ucrtbase.dll
0x00007ffd804e0000 - 0x00007ffd80749000 	C:\WINDOWS\WinSxS\amd64_microsoft.windows.common-controls_6595b64144ccf1df_6.0.17134.228_none_fb4599993062b194\COMCTL32.dll
0x00007ffd8ceb0000 - 0x00007ffd8d1d3000 	C:\WINDOWS\System32\combase.dll
0x00007ffd8a820000 - 0x00007ffd8a89a000 	C:\WINDOWS\System32\bcryptPrimitives.dll
0x00007ffd8b950000 - 0x00007ffd8b97d000 	C:\WINDOWS\System32\IMM32.DLL
0x000000006c9e0000 - 0x000000006cab2000 	C:\Program Files\Java\jdk1.8.0_121\jre\bin\msvcr100.dll
0x000000006c140000 - 0x000000006c9db000 	C:\Program Files\Java\jdk1.8.0_121\jre\bin\server\jvm.dll
0x00007ffd8e0b0000 - 0x00007ffd8e0b8000 	C:\WINDOWS\System32\PSAPI.DLL
0x00007ffd70ff0000 - 0x00007ffd70ff9000 	C:\WINDOWS\SYSTEM32\WSOCK32.dll
0x00007ffd86a50000 - 0x00007ffd86a73000 	C:\WINDOWS\SYSTEM32\WINMM.dll
0x00007ffd83fd0000 - 0x00007ffd83fda000 	C:\WINDOWS\SYSTEM32\VERSION.dll
0x00007ffd8db10000 - 0x00007ffd8db7c000 	C:\WINDOWS\System32\WS2_32.dll
0x00007ffd86a20000 - 0x00007ffd86a4a000 	C:\WINDOWS\SYSTEM32\WINMMBASE.dll
0x00007ffd8a4d0000 - 0x00007ffd8a519000 	C:\WINDOWS\System32\cfgmgr32.dll
0x000000006c130000 - 0x000000006c13f000 	C:\Program Files\Java\jdk1.8.0_121\jre\bin\verify.dll
0x000000006c100000 - 0x000000006c129000 	C:\Program Files\Java\jdk1.8.0_121\jre\bin\java.dll
0x000000006c0d0000 - 0x000000006c0f3000 	C:\Program Files\Java\jdk1.8.0_121\jre\bin\instrument.dll
0x000000006c0b0000 - 0x000000006c0c6000 	C:\Program Files\Java\jdk1.8.0_121\jre\bin\zip.dll
0x00007ffd8b980000 - 0x00007ffd8cdc0000 	C:\WINDOWS\System32\SHELL32.dll
0x00007ffd8ddf0000 - 0x00007ffd8de99000 	C:\WINDOWS\System32\shcore.dll
0x00007ffd8a8a0000 - 0x00007ffd8afad000 	C:\WINDOWS\System32\windows.storage.dll
0x00007ffd8b620000 - 0x00007ffd8b671000 	C:\WINDOWS\System32\shlwapi.dll
0x00007ffd8a470000 - 0x00007ffd8a481000 	C:\WINDOWS\System32\kernel.appcore.dll
0x00007ffd8a4b0000 - 0x00007ffd8a4cf000 	C:\WINDOWS\System32\profapi.dll
0x00007ffd8a420000 - 0x00007ffd8a46c000 	C:\WINDOWS\System32\powrprof.dll
0x00007ffd8a410000 - 0x00007ffd8a41a000 	C:\WINDOWS\System32\FLTLIB.DLL
0x00007ffd78aa0000 - 0x00007ffd78aba000 	D:\IntelliJ_IDEA\IntelliJ IDEA 2018.1.3\bin\breakgen64.dll
0x000000006c090000 - 0x000000006c0aa000 	C:\Program Files\Java\jdk1.8.0_121\jre\bin\net.dll
0x00007ffd89c90000 - 0x00007ffd89cf6000 	C:\WINDOWS\system32\mswsock.dll
0x000000006c070000 - 0x000000006c081000 	C:\Program Files\Java\jdk1.8.0_121\jre\bin\nio.dll
0x00007ffd89e40000 - 0x00007ffd89e57000 	C:\WINDOWS\SYSTEM32\CRYPTSP.dll
0x00007ffd89870000 - 0x00007ffd898a3000 	C:\WINDOWS\system32\rsaenh.dll
0x00007ffd89f70000 - 0x00007ffd89f95000 	C:\WINDOWS\SYSTEM32\bcrypt.dll
0x00007ffd8a340000 - 0x00007ffd8a368000 	C:\WINDOWS\SYSTEM32\USERENV.dll
0x00007ffd89e60000 - 0x00007ffd89e6b000 	C:\WINDOWS\SYSTEM32\CRYPTBASE.dll
0x00007ffd89a10000 - 0x00007ffd89a48000 	C:\WINDOWS\SYSTEM32\IPHLPAPI.DLL
0x00007ffd8e0c0000 - 0x00007ffd8e0c8000 	C:\WINDOWS\System32\NSI.dll
0x00007ffd840f0000 - 0x00007ffd84106000 	C:\WINDOWS\SYSTEM32\dhcpcsvc6.DLL
0x00007ffd840d0000 - 0x00007ffd840ea000 	C:\WINDOWS\SYSTEM32\dhcpcsvc.DLL
0x000000006c030000 - 0x000000006c03d000 	C:\Program Files\Java\jdk1.8.0_121\jre\bin\management.dll
0x00007ffd74480000 - 0x00007ffd74496000 	C:\WINDOWS\system32\napinsp.dll
0x00007ffd74340000 - 0x00007ffd7435a000 	C:\WINDOWS\system32\pnrpnsp.dll
0x00007ffd880e0000 - 0x00007ffd880f9000 	C:\WINDOWS\system32\NLAapi.dll
0x00007ffd89a50000 - 0x00007ffd89b0e000 	C:\WINDOWS\SYSTEM32\DNSAPI.dll
0x00007ffd74330000 - 0x00007ffd7433e000 	C:\WINDOWS\System32\winrnr.dll
0x00007ffd82f80000 - 0x00007ffd82f8a000 	C:\Windows\System32\rasadhlp.dll
0x00007ffd7ff60000 - 0x00007ffd7ffd2000 	C:\WINDOWS\System32\fwpuclnt.dll

VM Arguments:
jvm_args: -Dmaven.multiModuleProjectDirectory=E:\IntelliJ_IDEA_Path\JavaEE\pinyougou-parent\pinyougou-parent\pinyougou-page-service -Dmaven.home=D:\IntelliJ_IDEA\IntelliJ IDEA 2018.1.3\plugins\maven\lib\maven3 -Dclassworlds.conf=D:\IntelliJ_IDEA\IntelliJ IDEA 2018.1.3\plugins\maven\lib\maven3\bin\m2.conf -javaagent:D:\IntelliJ_IDEA\IntelliJ IDEA 2018.1.3\lib\idea_rt.jar=59131:D:\IntelliJ_IDEA\IntelliJ IDEA 2018.1.3\bin -Dfile.encoding=UTF-8 
java_command: org.codehaus.classworlds.Launcher -Didea.version=2018.1.3 -Dmaven.repo.local=C:\Users\GaoHang\.m2\repository tomcat7:run
java_class_path (initial): D:\IntelliJ_IDEA\IntelliJ IDEA 2018.1.3\plugins\maven\lib\maven3\boot\plexus-classworlds-2.5.2.jar;D:\IntelliJ_IDEA\IntelliJ IDEA 2018.1.3\lib\idea_rt.jar
Launcher Type: SUN_STANDARD

Environment Variables:
JAVA_HOME=C:\Program Files\Java\jdk1.8.0_121
CLASSPATH="C:\Program Files\Java\jdk1.8.0_121\lib\*.jar;";E:\apache-tomcat-9.0.8\lib\servlet-api.jar;
PATH=D:\app\GaoHang\product\11.2.0\dbhome_1\bin;D:\python_3.6.4(32bit)\Scripts\;D:\python_3.6.4(32bit)\;D:\python\;C:\WINDOWS\system32;C:\WINDOWS;C:\WINDOWS\System32\Wbem;C:\WINDOWS\System32\WindowsPowerShell\v1.0\;C:\Program Files (x86)\Windows Kits\8.1\Windows Performance Toolkit\;C:\Program Files\Microsoft SQL Server\110\Tools\Binn\;D:\python;E:\C++\Tuple - 跳一跳辅助\ADB工具\ADB工具;C:\Progr;m Files\Intel\WiFi\bin\;C:\Program Files\Common Files\Intel\WirelessCommon\;C:\Program Files (x86)\NVIDIA Corporation\PhysX\Common;C:\Program Files\Java\jdk1.8.0_121\bin;C:\Program Files\Java\jdk1.8.0_121\jre\bin;C:\ProgramData\Oracle\Java\javapath;C:\Program Files\Intel\WiFi\bin\;C:\Program Files\MySQL\MySQL Server 5.5\bin;C:\WINDOWS\system32;C:\WINDOWS;C:\WINDOWS\System32\Wbem;C:\WINDOWS\System32\WindowsPowerShell\v1.0\;C:\WINDOWS\System32\OpenSSH\;E:\apache-tomcat-9.0.8\bin;E:\apache-tomcat-9.0.8\lib;E:\apache-maven-3.5.4\bin;D:\Git\cmd;C:\Users\GaoHang\AppData\Local\Microsoft\WindowsApps;C:\Program Files\Intel\WiFi\bin\;C:\Program Files\Common Files\Intel\WirelessCommon\;%USERPROFILE%\AppData\Local\Microsoft\WindowsApps;
USERNAME=GaoHang
OS=Windows_NT
PROCESSOR_IDENTIFIER=Intel64 Family 6 Model 60 Stepping 3, GenuineIntel



---------------  S Y S T E M  ---------------

OS: Windows 10.0 , 64 bit Build 17134 (10.0.17134.1)

CPU:total 4 (2 cores per cpu, 2 threads per core) family 6 model 60 stepping 3, cmov, cx8, fxsr, mmx, sse, sse2, sse3, ssse3, sse4.1, sse4.2, popcnt, avx, avx2, aes, clmul, erms, lzcnt, ht, tsc, tscinvbit, bmi1, bmi2

Memory: 4k page, physical 12488024k(3855584k free), swap 26914460k(5588k free)

vm_info: Java HotSpot(TM) 64-Bit Server VM (25.121-b13) for windows-amd64 JRE (1.8.0_121-b13), built on Dec 12 2016 18:21:36 by "java_re" with MS VC++ 10.0 (VS2010)

time: Fri Aug 24 17:12:50 2018
elapsed time: 1876 seconds (0d 0h 31m 16s)

