#
# There is insufficient memory for the Java Runtime Environment to continue.
# Native memory allocation (malloc) failed to allocate 131088 bytes for Chunk::new
# Possible reasons:
#   The system is out of physical RAM or swap space
#   In 32 bit mode, the process size limit was hit
# Possible solutions:
#   Reduce memory load on the system
#   Increase physical memory or swap space
#   Check if swap backing store is full
#   Use 64 bit Java on a 64 bit OS
#   Decrease Java heap size (-Xmx/-Xms)
#   Decrease number of Java threads
#   Decrease Java thread stack sizes (-Xss)
#   Set larger code cache with -XX:ReservedCodeCacheSize=
# This output file may be truncated or incomplete.
#
#  Out of Memory Error (allocation.cpp:390), pid=11920, tid=0x00000000000047f8
#
# JRE version: Java(TM) SE Runtime Environment (8.0_121-b13) (build 1.8.0_121-b13)
# Java VM: Java HotSpot(TM) 64-Bit Server VM (25.121-b13 mixed mode windows-amd64 compressed oops)
# Failed to write core dump. Minidumps are not enabled by default on client versions of Windows
#

---------------  T H R E A D  ---------------

Current thread (0x000000001b62b800):  JavaThread "C2 CompilerThread1" daemon [_thread_in_native, id=18424, stack(0x000000001bdf0000,0x000000001bef0000)]

Stack: [0x000000001bdf0000,0x000000001bef0000]
[error occurred during error reporting (printing stack bounds), id 0xc0000005]

Native frames: (J=compiled Java code, j=interpreted, Vv=VM code, C=native code)


Current CompileTask:
C2:   6385 4033   !   4       org.apache.catalina.startup.ContextConfig::checkHandlesTypes (453 bytes)


---------------  P R O C E S S  ---------------

Java Threads: ( => current thread )
  0x000000001e9e2000 JavaThread "localhost-startStop-1" daemon [_thread_in_Java, id=13772, stack(0x0000000021be0000,0x0000000021ce0000)]
  0x000000001e9e8000 JavaThread "Tomcat-startStop-1" daemon [_thread_blocked, id=13708, stack(0x0000000020a50000,0x0000000020b50000)]
  0x000000001b6b7800 JavaThread "Service Thread" daemon [_thread_blocked, id=20084, stack(0x000000001bff0000,0x000000001c0f0000)]
  0x000000001b62f000 JavaThread "C1 CompilerThread2" daemon [_thread_blocked, id=19764, stack(0x000000001bef0000,0x000000001bff0000)]
=>0x000000001b62b800 JavaThread "C2 CompilerThread1" daemon [_thread_in_native, id=18424, stack(0x000000001bdf0000,0x000000001bef0000)]
  0x000000001b629000 JavaThread "C2 CompilerThread0" daemon [_thread_in_native, id=11388, stack(0x000000001bcf0000,0x000000001bdf0000)]
  0x000000001b610800 JavaThread "Monitor Ctrl-Break" daemon [_thread_in_native, id=13736, stack(0x000000001bbf0000,0x000000001bcf0000)]
  0x000000001a2ee800 JavaThread "Attach Listener" daemon [_thread_blocked, id=16660, stack(0x000000001baf0000,0x000000001bbf0000)]
  0x000000001a28a000 JavaThread "Signal Dispatcher" daemon [_thread_blocked, id=17620, stack(0x000000001b9f0000,0x000000001baf0000)]
  0x000000001a27a800 JavaThread "Finalizer" daemon [_thread_blocked, id=2888, stack(0x000000001b4f0000,0x000000001b5f0000)]
  0x000000001a259000 JavaThread "Reference Handler" daemon [_thread_blocked, id=19448, stack(0x000000001b3f0000,0x000000001b4f0000)]
  0x0000000002aee800 JavaThread "main" [_thread_blocked, id=12176, stack(0x0000000002e40000,0x0000000002f40000)]

Other Threads:
  0x000000001a258000 VMThread [stack: 0x000000001b2f0000,0x000000001b3f0000] [id=8972]
  0x000000001b703000 WatcherThread [stack: 0x000000001c0f0000,0x000000001c1f0000] [id=19256]

VM state:not at safepoint (normal execution)

VM Mutex/Monitor currently owned by a thread: None

Heap:
 PSYoungGen      total 303616K, used 266457K [0x0000000780780000, 0x0000000797100000, 0x00000007c0000000)
  eden space 277504K, 86% used [0x0000000780780000,0x000000078f23b798,0x0000000791680000)
  from space 26112K, 99% used [0x0000000793a00000,0x000000079537af90,0x0000000795380000)
  to   space 36352K, 0% used [0x0000000791680000,0x0000000791680000,0x0000000793a00000)
 ParOldGen       total 93184K, used 42864K [0x0000000701600000, 0x0000000707100000, 0x0000000780780000)
  object space 93184K, 46% used [0x0000000701600000,0x0000000703fdc2a8,0x0000000707100000)
 Metaspace       used 23679K, capacity 24210K, committed 24320K, reserved 1071104K
  class space    used 2777K, capacity 2963K, committed 3072K, reserved 1048576K

Card table byte_map: [0x00000000125a0000,0x0000000012ba0000] byte_map_base: 0x000000000ed95000

Marking Bits: (ParMarkBitMap*) 0x000000006c95b6d0
 Begin Bits: [0x00000000133a0000, 0x0000000016348000)
 End Bits:   [0x0000000016348000, 0x00000000192f0000)

Polling page: 0x0000000000e80000

CodeCache: size=245760Kb used=12267Kb max_used=14023Kb free=233492Kb
 bounds [0x00000000031e0000, 0x0000000003fe0000, 0x00000000121e0000]
 total_blobs=3937 nmethods=3545 adapters=304
 compilation: enabled

Compilation events (10 events):
Event: 6.165 Thread 0x000000001b629000 nmethod 4077 0x0000000003d68490 code [0x0000000003d68620, 0x0000000003d68d88]
Event: 6.174 Thread 0x000000001b629000 4078       4       org.apache.tomcat.util.scan.FileUrlJar::getEntryInputStream (21 bytes)
Event: 6.175 Thread 0x000000001b629000 nmethod 4078 0x000000000389ae50 code [0x000000000389afa0, 0x000000000389b068]
Event: 6.183 Thread 0x000000001b629000 4079       4       org.apache.tomcat.util.scan.FileUrlJar::getEntryName (17 bytes)
Event: 6.184 Thread 0x000000001b629000 nmethod 4079 0x0000000003315ed0 code [0x0000000003316000, 0x0000000003316078]
Event: 6.189 Thread 0x000000001b629000 4080       4       org.apache.catalina.startup.ContextConfig::populateSCIsForCacheEntry (192 bytes)
Event: 6.200 Thread 0x000000001b62f000 4081       3       java.io.FilePermission::init (228 bytes)
Event: 6.201 Thread 0x000000001b62f000 nmethod 4081 0x0000000003c68150 code [0x0000000003c683e0, 0x0000000003c69778]
Event: 6.226 Thread 0x000000001b62f000 4082   !   3       sun.net.www.protocol.jar.JarFileFactory::getConnection (40 bytes)
Event: 6.227 Thread 0x000000001b62f000 nmethod 4082 0x000000000382fd50 code [0x000000000382ff20, 0x00000000038308a8]

GC Heap History (10 events):
Event: 3.010 GC heap before
{Heap before GC invocations=3 (full 0):
 PSYoungGen      total 106496K, used 106469K [0x0000000780780000, 0x0000000787780000, 0x00000007c0000000)
  eden space 98304K, 100% used [0x0000000780780000,0x0000000786780000,0x0000000786780000)
  from space 8192K, 99% used [0x0000000786f80000,0x0000000787779460,0x0000000787780000)
  to   space 8192K, 0% used [0x0000000786780000,0x0000000786780000,0x0000000786f80000)
 ParOldGen       total 131072K, used 1599K [0x0000000701600000, 0x0000000709600000, 0x0000000780780000)
  object space 131072K, 1% used [0x0000000701600000,0x000000070178fdc0,0x0000000709600000)
 Metaspace       used 17678K, capacity 18156K, committed 18432K, reserved 1064960K
  class space    used 2068K, capacity 2226K, committed 2304K, reserved 1048576K
Event: 3.028 GC heap after
Heap after GC invocations=3 (full 0):
 PSYoungGen      total 106496K, used 8184K [0x0000000780780000, 0x000000078d780000, 0x00000007c0000000)
  eden space 98304K, 0% used [0x0000000780780000,0x0000000780780000,0x0000000786780000)
  from space 8192K, 99% used [0x0000000786780000,0x0000000786f7e050,0x0000000786f80000)
  to   space 8192K, 0% used [0x000000078cf80000,0x000000078cf80000,0x000000078d780000)
 ParOldGen       total 131072K, used 6023K [0x0000000701600000, 0x0000000709600000, 0x0000000780780000)
  object space 131072K, 4% used [0x0000000701600000,0x0000000701be1e48,0x0000000709600000)
 Metaspace       used 17678K, capacity 18156K, committed 18432K, reserved 1064960K
  class space    used 2068K, capacity 2226K, committed 2304K, reserved 1048576K
}
Event: 3.511 GC heap before
{Heap before GC invocations=4 (full 0):
 PSYoungGen      total 106496K, used 29835K [0x0000000780780000, 0x000000078d780000, 0x00000007c0000000)
  eden space 98304K, 22% used [0x0000000780780000,0x0000000781ca4d40,0x0000000786780000)
  from space 8192K, 99% used [0x0000000786780000,0x0000000786f7e050,0x0000000786f80000)
  to   space 8192K, 0% used [0x000000078cf80000,0x000000078cf80000,0x000000078d780000)
 ParOldGen       total 131072K, used 6023K [0x0000000701600000, 0x0000000709600000, 0x0000000780780000)
  object space 131072K, 4% used [0x0000000701600000,0x0000000701be1e48,0x0000000709600000)
 Metaspace       used 20683K, capacity 21124K, committed 21296K, reserved 1069056K
  class space    used 2455K, capacity 2618K, committed 2688K, reserved 1048576K
Event: 3.533 GC heap after
Heap after GC invocations=4 (full 0):
 PSYoungGen      total 204800K, used 8168K [0x0000000780780000, 0x000000078d780000, 0x00000007c0000000)
  eden space 196608K, 0% used [0x0000000780780000,0x0000000780780000,0x000000078c780000)
  from space 8192K, 99% used [0x000000078cf80000,0x000000078d77a060,0x000000078d780000)
  to   space 8192K, 0% used [0x000000078c780000,0x000000078c780000,0x000000078cf80000)
 ParOldGen       total 131072K, used 8435K [0x0000000701600000, 0x0000000709600000, 0x0000000780780000)
  object space 131072K, 6% used [0x0000000701600000,0x0000000701e3cf98,0x0000000709600000)
 Metaspace       used 20683K, capacity 21124K, committed 21296K, reserved 1069056K
  class space    used 2455K, capacity 2618K, committed 2688K, reserved 1048576K
}
Event: 3.533 GC heap before
{Heap before GC invocations=5 (full 1):
 PSYoungGen      total 204800K, used 8168K [0x0000000780780000, 0x000000078d780000, 0x00000007c0000000)
  eden space 196608K, 0% used [0x0000000780780000,0x0000000780780000,0x000000078c780000)
  from space 8192K, 99% used [0x000000078cf80000,0x000000078d77a060,0x000000078d780000)
  to   space 8192K, 0% used [0x000000078c780000,0x000000078c780000,0x000000078cf80000)
 ParOldGen       total 131072K, used 8435K [0x0000000701600000, 0x0000000709600000, 0x0000000780780000)
  object space 131072K, 6% used [0x0000000701600000,0x0000000701e3cf98,0x0000000709600000)
 Metaspace       used 20683K, capacity 21124K, committed 21296K, reserved 1069056K
  class space    used 2455K, capacity 2618K, committed 2688K, reserved 1048576K
Event: 3.615 GC heap after
Heap after GC invocations=5 (full 1):
 PSYoungGen      total 204800K, used 0K [0x0000000780780000, 0x000000078d780000, 0x00000007c0000000)
  eden space 196608K, 0% used [0x0000000780780000,0x0000000780780000,0x000000078c780000)
  from space 8192K, 0% used [0x000000078cf80000,0x000000078cf80000,0x000000078d780000)
  to   space 8192K, 0% used [0x000000078c780000,0x000000078c780000,0x000000078cf80000)
 ParOldGen       total 93184K, used 12516K [0x0000000701600000, 0x0000000707100000, 0x0000000780780000)
  object space 93184K, 13% used [0x0000000701600000,0x0000000702239288,0x0000000707100000)
 Metaspace       used 20683K, capacity 21124K, committed 21296K, reserved 1069056K
  class space    used 2455K, capacity 2618K, committed 2688K, reserved 1048576K
}
Event: 4.823 GC heap before
{Heap before GC invocations=6 (full 1):
 PSYoungGen      total 204800K, used 196608K [0x0000000780780000, 0x000000078d780000, 0x00000007c0000000)
  eden space 196608K, 100% used [0x0000000780780000,0x000000078c780000,0x000000078c780000)
  from space 8192K, 0% used [0x000000078cf80000,0x000000078cf80000,0x000000078d780000)
  to   space 8192K, 0% used [0x000000078c780000,0x000000078c780000,0x000000078cf80000)
 ParOldGen       total 93184K, used 12516K [0x0000000701600000, 0x0000000707100000, 0x0000000780780000)
  object space 93184K, 13% used [0x0000000701600000,0x0000000702239288,0x0000000707100000)
 Metaspace       used 23666K, capacity 24178K, committed 24192K, reserved 1071104K
  class space    used 2775K, capacity 2931K, committed 2944K, reserved 1048576K
Event: 4.850 GC heap after
Heap after GC invocations=6 (full 1):
 PSYoungGen      total 204800K, used 8162K [0x0000000780780000, 0x0000000795380000, 0x00000007c0000000)
  eden space 196608K, 0% used [0x0000000780780000,0x0000000780780000,0x000000078c780000)
  from space 8192K, 99% used [0x000000078c780000,0x000000078cf78b70,0x000000078cf80000)
  to   space 26112K, 0% used [0x0000000793a00000,0x0000000793a00000,0x0000000795380000)
 ParOldGen       total 93184K, used 33464K [0x0000000701600000, 0x0000000707100000, 0x0000000780780000)
  object space 93184K, 35% used [0x0000000701600000,0x00000007036ae300,0x0000000707100000)
 Metaspace       used 23666K, capacity 24178K, committed 24192K, reserved 1071104K
  class space    used 2775K, capacity 2931K, committed 2944K, reserved 1048576K
}
Event: 5.514 GC heap before
{Heap before GC invocations=7 (full 1):
 PSYoungGen      total 204800K, used 204770K [0x0000000780780000, 0x0000000795380000, 0x00000007c0000000)
  eden space 196608K, 100% used [0x0000000780780000,0x000000078c780000,0x000000078c780000)
  from space 8192K, 99% used [0x000000078c780000,0x000000078cf78b70,0x000000078cf80000)
  to   space 26112K, 0% used [0x0000000793a00000,0x0000000793a00000,0x0000000795380000)
 ParOldGen       total 93184K, used 33464K [0x0000000701600000, 0x0000000707100000, 0x0000000780780000)
  object space 93184K, 35% used [0x0000000701600000,0x00000007036ae300,0x0000000707100000)
 Metaspace       used 23677K, capacity 24210K, committed 24320K, reserved 1071104K
  class space    used 2777K, capacity 2963K, committed 3072K, reserved 1048576K
Event: 5.540 GC heap after
Heap after GC invocations=7 (full 1):
 PSYoungGen      total 303616K, used 26091K [0x0000000780780000, 0x0000000797100000, 0x00000007c0000000)
  eden space 277504K, 0% used [0x0000000780780000,0x0000000780780000,0x0000000791680000)
  from space 26112K, 99% used [0x0000000793a00000,0x000000079537af90,0x0000000795380000)
  to   space 36352K, 0% used [0x0000000791680000,0x0000000791680000,0x0000000793a00000)
 ParOldGen       total 93184K, used 42864K [0x0000000701600000, 0x0000000707100000, 0x0000000780780000)
  object space 93184K, 46% used [0x0000000701600000,0x0000000703fdc2a8,0x0000000707100000)
 Metaspace       used 23677K, capacity 24210K, committed 24320K, reserved 1071104K
  class space    used 2777K, capacity 2963K, committed 3072K, reserved 1048576K
}

Deoptimization events (10 events):
Event: 3.900 Thread 0x000000001e9e2000 Uncommon trap: reason=unstable_if action=reinterpret pc=0x00000000034e539c method=java.lang.AbstractStringBuilder.append(Ljava/lang/String;)Ljava/lang/AbstractStringBuilder; @ 1
Event: 3.900 Thread 0x000000001e9e2000 Uncommon trap: reason=unstable_if action=reinterpret pc=0x0000000003410658 method=java.lang.AbstractStringBuilder.append(Ljava/lang/String;)Ljava/lang/AbstractStringBuilder; @ 1
Event: 3.928 Thread 0x000000001e9e2000 Uncommon trap: reason=class_check action=maybe_recompile pc=0x000000000396a350 method=java.util.Hashtable.addEntry(ILjava/lang/Object;Ljava/lang/Object;I)V @ 38
Event: 3.994 Thread 0x000000001e9e2000 Uncommon trap: reason=unstable_if action=reinterpret pc=0x0000000003af6fc8 method=java.util.concurrent.ConcurrentHashMap.replaceNode(Ljava/lang/Object;Ljava/lang/Object;Ljava/lang/Object;)Ljava/lang/Object; @ 47
Event: 4.317 Thread 0x000000001e9e2000 Uncommon trap: reason=unstable_if action=reinterpret pc=0x0000000003ebc6d4 method=org.apache.tomcat.util.bcel.classfile.ConstantUtf8$1.removeEldestEntry(Ljava/util/Map$Entry;)Z @ 7
Event: 4.338 Thread 0x000000001e9e2000 Uncommon trap: reason=unstable_if action=reinterpret pc=0x0000000003f072b0 method=java.util.HashMap.removeNode(ILjava/lang/Object;Ljava/lang/Object;ZZ)Ljava/util/HashMap$Node; @ 71
Event: 4.582 Thread 0x000000001e9e2000 Uncommon trap: reason=unstable_if action=reinterpret pc=0x0000000003e59468 method=org.codehaus.plexus.classworlds.realm.Entry.matches(Ljava/lang/String;)Z @ 209
Event: 4.791 Thread 0x000000001e9e2000 Uncommon trap: reason=unstable_if action=reinterpret pc=0x0000000003f79d8c method=java.util.LinkedHashMap.afterNodeAccess(Ljava/util/HashMap$Node;)V @ 41
Event: 4.910 Thread 0x000000001e9e2000 Uncommon trap: reason=unloaded action=reinterpret pc=0x0000000003fa25b4 method=org.apache.tomcat.util.bcel.classfile.Attribute.readAttribute(Ljava/io/DataInputStream;Lorg/apache/tomcat/util/bcel/classfile/ConstantPool;)Lorg/apache/tomcat/util/bcel/classfi
Event: 5.243 Thread 0x000000001e9e2000 Uncommon trap: reason=unloaded action=reinterpret pc=0x0000000003360fc4 method=org.apache.tomcat.util.bcel.classfile.Attribute.readAttribute(Ljava/io/DataInputStream;Lorg/apache/tomcat/util/bcel/classfile/ConstantPool;)Lorg/apache/tomcat/util/bcel/classfi

Internal exceptions (10 events):
Event: 1.406 Thread 0x0000000002aee800 Implicit null exception at 0x00000000034fe16f to 0x00000000034fe1d9
Event: 1.415 Thread 0x0000000002aee800 Implicit null exception at 0x00000000037c33f5 to 0x00000000037c37f5
Event: 1.450 Thread 0x0000000002aee800 Implicit null exception at 0x00000000037b6aa3 to 0x00000000037b6b91
Event: 1.450 Thread 0x0000000002aee800 Implicit null exception at 0x00000000034fc0fb to 0x00000000034fc711
Event: 2.478 Thread 0x0000000002aee800 Implicit null exception at 0x0000000003ab8ba0 to 0x0000000003ab9efd
Event: 3.110 Thread 0x0000000002aee800 Exception <a 'java/io/FileNotFoundException'> (0x0000000780e72080) thrown at [C:\re\workspace\8-2-build-windows-amd64-cygwin\jdk8u121\8372\hotspot\src\share\vm\prims\jni.cpp, line 709]
Event: 3.900 Thread 0x000000001e9e2000 Implicit null exception at 0x00000000034e4fd6 to 0x00000000034e5385
Event: 3.900 Thread 0x000000001e9e2000 Implicit null exception at 0x0000000003410296 to 0x000000000341063d
Event: 3.994 Thread 0x000000001e9e2000 Implicit null exception at 0x0000000003af6a3e to 0x0000000003af6f95
Event: 4.791 Thread 0x000000001e9e2000 Implicit null exception at 0x0000000003f7902d to 0x0000000003f79d51

Events (10 events):
Event: 5.821 Thread 0x000000001b62f000 flushing nmethod 0x0000000003d6ca90
Event: 5.821 Thread 0x000000001b62f000 flushing nmethod 0x0000000003d6e410
Event: 5.821 Thread 0x000000001b62f000 flushing nmethod 0x0000000003d72490
Event: 5.821 Thread 0x000000001b62f000 flushing nmethod 0x0000000003d7d2d0
Event: 5.821 Thread 0x000000001b62f000 flushing nmethod 0x0000000003d85c10
Event: 5.821 Thread 0x000000001b62f000 flushing nmethod 0x0000000003d86110
Event: 5.821 Thread 0x000000001b62f000 flushing nmethod 0x0000000003d90690
Event: 5.821 Thread 0x000000001b62f000 flushing nmethod 0x0000000003dfbb50
Event: 5.868 Thread 0x000000001b629000 flushing nmethod 0x0000000003e16f90
Event: 5.868 Thread 0x000000001b629000 flushing nmethod 0x0000000003e36410


Dynamic libraries:
0x00007ff797970000 - 0x00007ff7979a7000 	C:\Program Files\Java\jdk1.8.0_121\bin\java.exe
0x00007ffd8e100000 - 0x00007ffd8e2e1000 	C:\WINDOWS\SYSTEM32\ntdll.dll
0x00007ffd8dea0000 - 0x00007ffd8df52000 	C:\WINDOWS\System32\KERNEL32.DLL
0x00007ffd8afd0000 - 0x00007ffd8b243000 	C:\WINDOWS\System32\KERNELBASE.dll
0x00007ffd8dcc0000 - 0x00007ffd8dd61000 	C:\WINDOWS\System32\ADVAPI32.dll
0x00007ffd8dc20000 - 0x00007ffd8dcbe000 	C:\WINDOWS\System32\msvcrt.dll
0x00007ffd8b590000 - 0x00007ffd8b5eb000 	C:\WINDOWS\System32\sechost.dll
0x00007ffd8b820000 - 0x00007ffd8b944000 	C:\WINDOWS\System32\RPCRT4.dll
0x00007ffd8b690000 - 0x00007ffd8b820000 	C:\WINDOWS\System32\USER32.dll
0x00007ffd8afb0000 - 0x00007ffd8afd0000 	C:\WINDOWS\System32\win32u.dll
0x00007ffd8b5f0000 - 0x00007ffd8b618000 	C:\WINDOWS\System32\GDI32.dll
0x00007ffd8a580000 - 0x00007ffd8a712000 	C:\WINDOWS\System32\gdi32full.dll
0x00007ffd8b4f0000 - 0x00007ffd8b58f000 	C:\WINDOWS\System32\msvcp_win.dll
0x00007ffd8a720000 - 0x00007ffd8a81a000 	C:\WINDOWS\System32\ucrtbase.dll
0x00007ffd804e0000 - 0x00007ffd80749000 	C:\WINDOWS\WinSxS\amd64_microsoft.windows.common-controls_6595b64144ccf1df_6.0.17134.228_none_fb4599993062b194\COMCTL32.dll
0x00007ffd8ceb0000 - 0x00007ffd8d1d3000 	C:\WINDOWS\System32\combase.dll
0x00007ffd8a820000 - 0x00007ffd8a89a000 	C:\WINDOWS\System32\bcryptPrimitives.dll
0x00007ffd8b950000 - 0x00007ffd8b97d000 	C:\WINDOWS\System32\IMM32.DLL
0x000000006c9e0000 - 0x000000006cab2000 	C:\Program Files\Java\jdk1.8.0_121\jre\bin\msvcr100.dll
0x000000006c140000 - 0x000000006c9db000 	C:\Program Files\Java\jdk1.8.0_121\jre\bin\server\jvm.dll
0x00007ffd8e0b0000 - 0x00007ffd8e0b8000 	C:\WINDOWS\System32\PSAPI.DLL
0x00007ffd86a50000 - 0x00007ffd86a73000 	C:\WINDOWS\SYSTEM32\WINMM.dll
0x00007ffd83fd0000 - 0x00007ffd83fda000 	C:\WINDOWS\SYSTEM32\VERSION.dll
0x00007ffd70ff0000 - 0x00007ffd70ff9000 	C:\WINDOWS\SYSTEM32\WSOCK32.dll
0x00007ffd8db10000 - 0x00007ffd8db7c000 	C:\WINDOWS\System32\WS2_32.dll
0x00007ffd86a20000 - 0x00007ffd86a4a000 	C:\WINDOWS\SYSTEM32\winmmbase.dll
0x00007ffd8a4d0000 - 0x00007ffd8a519000 	C:\WINDOWS\System32\cfgmgr32.dll
0x000000006c130000 - 0x000000006c13f000 	C:\Program Files\Java\jdk1.8.0_121\jre\bin\verify.dll
0x000000006c100000 - 0x000000006c129000 	C:\Program Files\Java\jdk1.8.0_121\jre\bin\java.dll
0x000000006c0d0000 - 0x000000006c0f3000 	C:\Program Files\Java\jdk1.8.0_121\jre\bin\instrument.dll
0x000000006c0b0000 - 0x000000006c0c6000 	C:\Program Files\Java\jdk1.8.0_121\jre\bin\zip.dll
0x00007ffd8b980000 - 0x00007ffd8cdc0000 	C:\WINDOWS\System32\SHELL32.dll
0x00007ffd8ddf0000 - 0x00007ffd8de99000 	C:\WINDOWS\System32\shcore.dll
0x00007ffd8a8a0000 - 0x00007ffd8afad000 	C:\WINDOWS\System32\windows.storage.dll
0x00007ffd8b620000 - 0x00007ffd8b671000 	C:\WINDOWS\System32\shlwapi.dll
0x00007ffd8a470000 - 0x00007ffd8a481000 	C:\WINDOWS\System32\kernel.appcore.dll
0x00007ffd8a4b0000 - 0x00007ffd8a4cf000 	C:\WINDOWS\System32\profapi.dll
0x00007ffd8a420000 - 0x00007ffd8a46c000 	C:\WINDOWS\System32\powrprof.dll
0x00007ffd8a410000 - 0x00007ffd8a41a000 	C:\WINDOWS\System32\FLTLIB.DLL
0x00007ffd78aa0000 - 0x00007ffd78aba000 	D:\IntelliJ_IDEA\IntelliJ IDEA 2018.1.3\bin\breakgen64.dll
0x000000006c090000 - 0x000000006c0aa000 	C:\Program Files\Java\jdk1.8.0_121\jre\bin\net.dll
0x00007ffd89c90000 - 0x00007ffd89cf6000 	C:\WINDOWS\system32\mswsock.dll
0x000000006c070000 - 0x000000006c081000 	C:\Program Files\Java\jdk1.8.0_121\jre\bin\nio.dll
0x00007ffd89e40000 - 0x00007ffd89e57000 	C:\WINDOWS\SYSTEM32\CRYPTSP.dll
0x00007ffd89870000 - 0x00007ffd898a3000 	C:\WINDOWS\system32\rsaenh.dll
0x00007ffd89f70000 - 0x00007ffd89f95000 	C:\WINDOWS\SYSTEM32\bcrypt.dll
0x00007ffd8a340000 - 0x00007ffd8a368000 	C:\WINDOWS\SYSTEM32\USERENV.dll
0x00007ffd89e60000 - 0x00007ffd89e6b000 	C:\WINDOWS\SYSTEM32\CRYPTBASE.dll
0x00007ffd89a10000 - 0x00007ffd89a48000 	C:\WINDOWS\SYSTEM32\IPHLPAPI.DLL
0x00007ffd8e0c0000 - 0x00007ffd8e0c8000 	C:\WINDOWS\System32\NSI.dll
0x00007ffd840f0000 - 0x00007ffd84106000 	C:\WINDOWS\SYSTEM32\dhcpcsvc6.DLL
0x00007ffd840d0000 - 0x00007ffd840ea000 	C:\WINDOWS\SYSTEM32\dhcpcsvc.DLL
0x000000006c030000 - 0x000000006c03d000 	C:\Program Files\Java\jdk1.8.0_121\jre\bin\management.dll

VM Arguments:
jvm_args: -Dmaven.multiModuleProjectDirectory=E:\IntelliJ_IDEA_Path\JavaEE\pinyougou-parent\pinyougou-parent\pinyougou-page-service -Dmaven.home=D:\IntelliJ_IDEA\IntelliJ IDEA 2018.1.3\plugins\maven\lib\maven3 -Dclassworlds.conf=D:\IntelliJ_IDEA\IntelliJ IDEA 2018.1.3\plugins\maven\lib\maven3\bin\m2.conf -javaagent:D:\IntelliJ_IDEA\IntelliJ IDEA 2018.1.3\lib\idea_rt.jar=5567:D:\IntelliJ_IDEA\IntelliJ IDEA 2018.1.3\bin -Dfile.encoding=UTF-8 
java_command: org.codehaus.classworlds.Launcher -Didea.version=2018.1.3 -Dmaven.repo.local=C:\Users\GaoHang\.m2\repository tomcat7:run
java_class_path (initial): D:\IntelliJ_IDEA\IntelliJ IDEA 2018.1.3\plugins\maven\lib\maven3\boot\plexus-classworlds-2.5.2.jar;D:\IntelliJ_IDEA\IntelliJ IDEA 2018.1.3\lib\idea_rt.jar
Launcher Type: SUN_STANDARD

Environment Variables:
JAVA_HOME=C:\Program Files\Java\jdk1.8.0_121
CLASSPATH="C:\Program Files\Java\jdk1.8.0_121\lib\*.jar;";E:\apache-tomcat-9.0.8\lib\servlet-api.jar;
PATH=D:\app\GaoHang\product\11.2.0\dbhome_1\bin;D:\python_3.6.4(32bit)\Scripts\;D:\python_3.6.4(32bit)\;D:\python\;C:\WINDOWS\system32;C:\WINDOWS;C:\WINDOWS\System32\Wbem;C:\WINDOWS\System32\WindowsPowerShell\v1.0\;C:\Program Files (x86)\Windows Kits\8.1\Windows Performance Toolkit\;C:\Program Files\Microsoft SQL Server\110\Tools\Binn\;D:\python;E:\C++\Tuple - 跳一跳辅助\ADB工具\ADB工具;C:\Progr;m Files\Intel\WiFi\bin\;C:\Program Files\Common Files\Intel\WirelessCommon\;C:\Program Files (x86)\NVIDIA Corporation\PhysX\Common;C:\Program Files\Java\jdk1.8.0_121\bin;C:\Program Files\Java\jdk1.8.0_121\jre\bin;C:\ProgramData\Oracle\Java\javapath;C:\Program Files\Intel\WiFi\bin\;C:\Program Files\MySQL\MySQL Server 5.5\bin;C:\WINDOWS\system32;C:\WINDOWS;C:\WINDOWS\System32\Wbem;C:\WINDOWS\System32\WindowsPowerShell\v1.0\;C:\WINDOWS\System32\OpenSSH\;E:\apache-tomcat-9.0.8\bin;E:\apache-tomcat-9.0.8\lib;E:\apache-maven-3.5.4\bin;D:\Git\cmd;C:\Users\GaoHang\AppData\Local\Microsoft\WindowsApps;C:\Program Files\Intel\WiFi\bin\;C:\Program Files\Common Files\Intel\WirelessCommon\;%USERPROFILE%\AppData\Local\Microsoft\WindowsApps;
USERNAME=GaoHang
OS=Windows_NT
PROCESSOR_IDENTIFIER=Intel64 Family 6 Model 60 Stepping 3, GenuineIntel



---------------  S Y S T E M  ---------------

OS: Windows 10.0 , 64 bit Build 17134 (10.0.17134.1)

CPU:total 4 (2 cores per cpu, 2 threads per core) family 6 model 60 stepping 3, cmov, cx8, fxsr, mmx, sse, sse2, sse3, ssse3, sse4.1, sse4.2, popcnt, avx, avx2, aes, clmul, erms, lzcnt, ht, tsc, tscinvbit, bmi1, bmi2

Memory: 4k page, physical 12488024k(3307660k free), swap 26914460k(3140k free)

vm_info: Java HotSpot(TM) 64-Bit Server VM (25.121-b13) for windows-amd64 JRE (1.8.0_121-b13), built on Dec 12 2016 18:21:36 by "java_re" with MS VC++ 10.0 (VS2010)

time: Fri Aug 24 17:13:53 2018
elapsed time: 6 seconds (0d 0h 0m 6s)

