#
# There is insufficient memory for the Java Runtime Environment to continue.
# Native memory allocation (malloc) failed to allocate 32784 bytes for Chunk::new
# Possible reasons:
#   The system is out of physical RAM or swap space
#   In 32 bit mode, the process size limit was hit
# Possible solutions:
#   Reduce memory load on the system
#   Increase physical memory or swap space
#   Check if swap backing store is full
#   Use 64 bit Java on a 64 bit OS
#   Decrease Java heap size (-Xmx/-Xms)
#   Decrease number of Java threads
#   Decrease Java thread stack sizes (-Xss)
#   Set larger code cache with -XX:ReservedCodeCacheSize=
# This output file may be truncated or incomplete.
#
#  Out of Memory Error (allocation.cpp:390), pid=17828, tid=0x000000000000463c
#
# JRE version: Java(TM) SE Runtime Environment (8.0_121-b13) (build 1.8.0_121-b13)
# Java VM: Java HotSpot(TM) 64-Bit Server VM (25.121-b13 mixed mode windows-amd64 compressed oops)
# Failed to write core dump. Minidumps are not enabled by default on client versions of Windows
#

---------------  T H R E A D  ---------------

Current thread (0x000000001b63b000):  JavaThread "C2 CompilerThread1" daemon [_thread_in_native, id=17980, stack(0x000000001be00000,0x000000001bf00000)]

Stack: [0x000000001be00000,0x000000001bf00000]
[error occurred during error reporting (printing stack bounds), id 0xc0000005]

Native frames: (J=compiled Java code, j=interpreted, Vv=VM code, C=native code)


Current CompileTask:
C2:   7652 4402   !   4       org.apache.catalina.startup.ContextConfig::checkHandlesTypes (453 bytes)


---------------  P R O C E S S  ---------------

Java Threads: ( => current thread )
  0x000000002270f800 JavaThread "localhost-startStop-1" daemon [_thread_blocked, id=17936, stack(0x0000000021560000,0x0000000021660000)]
  0x000000002270e800 JavaThread "Tomcat-startStop-1" daemon [_thread_blocked, id=17672, stack(0x0000000020420000,0x0000000020520000)]
  0x000000001b6c7000 JavaThread "Service Thread" daemon [_thread_blocked, id=17600, stack(0x000000001c000000,0x000000001c100000)]
  0x000000001b63e800 JavaThread "C1 CompilerThread2" daemon [_thread_blocked, id=14792, stack(0x000000001bf00000,0x000000001c000000)]
=>0x000000001b63b000 JavaThread "C2 CompilerThread1" daemon [_thread_in_native, id=17980, stack(0x000000001be00000,0x000000001bf00000)]
  0x000000001b638000 JavaThread "C2 CompilerThread0" daemon [_thread_in_native, id=17852, stack(0x000000001bd00000,0x000000001be00000)]
  0x000000001b61f800 JavaThread "Monitor Ctrl-Break" daemon [_thread_in_native, id=8552, stack(0x000000001bc00000,0x000000001bd00000)]
  0x000000001b608800 JavaThread "Attach Listener" daemon [_thread_blocked, id=9048, stack(0x000000001bb00000,0x000000001bc00000)]
  0x000000001a2a9000 JavaThread "Signal Dispatcher" daemon [_thread_blocked, id=14948, stack(0x000000001ba00000,0x000000001bb00000)]
  0x000000001a29a800 JavaThread "Finalizer" daemon [_thread_blocked, id=18056, stack(0x000000001b500000,0x000000001b600000)]
  0x00000000031f4000 JavaThread "Reference Handler" daemon [_thread_blocked, id=10896, stack(0x000000001b400000,0x000000001b500000)]
  0x000000000134e800 JavaThread "main" [_thread_blocked, id=18108, stack(0x0000000002e80000,0x0000000002f80000)]

Other Threads:
  0x000000001a277000 VMThread [stack: 0x000000001b300000,0x000000001b400000] [id=18280]
  0x000000001b713000 WatcherThread [stack: 0x000000001c100000,0x000000001c200000] [id=17536]

VM state:at safepoint (normal execution)

VM Mutex/Monitor currently owned by a thread:  ([mutex/lock_event])
[0x000000000134dce0] Threads_lock - owner thread: 0x000000001a277000
[0x0000000003101f50] Heap_lock - owner thread: 0x000000000134e800

Heap:
 PSYoungGen      total 158208K, used 18426K [0x0000000780780000, 0x0000000791800000, 0x00000007c0000000)
  eden space 139776K, 0% used [0x0000000780780000,0x0000000780780000,0x0000000789000000)
  from space 18432K, 99% used [0x0000000789000000,0x000000078a1fe8d0,0x000000078a200000)
  to   space 26624K, 0% used [0x000000078fe00000,0x000000078fe00000,0x0000000791800000)
 ParOldGen       total 88576K, used 55908K [0x0000000701600000, 0x0000000706c80000, 0x0000000780780000)
  object space 88576K, 63% used [0x0000000701600000,0x0000000704c993c0,0x0000000706c80000)
 Metaspace       used 27733K, capacity 28500K, committed 28672K, reserved 1075200K
  class space    used 3283K, capacity 3530K, committed 3584K, reserved 1048576K

Card table byte_map: [0x00000000125c0000,0x0000000012bc0000] byte_map_base: 0x000000000edb5000

Marking Bits: (ParMarkBitMap*) 0x000000005e67b6d0
 Begin Bits: [0x00000000133c0000, 0x0000000016368000)
 End Bits:   [0x0000000016368000, 0x0000000019310000)

Polling page: 0x0000000000d00000

CodeCache: size=245760Kb used=12729Kb max_used=13992Kb free=233030Kb
 bounds [0x0000000003200000, 0x0000000003fc0000, 0x0000000012200000]
 total_blobs=4281 nmethods=3859 adapters=334
 compilation: enabled

Compilation events (10 events):
Event: 7.272 Thread 0x000000001b63e800 nmethod 4453 0x0000000003d52010 code [0x0000000003d52460, 0x0000000003d54db8]
Event: 7.272 Thread 0x000000001b63e800 4454       3       sun.net.www.protocol.jar.Handler::parseContextSpec (154 bytes)
Event: 7.273 Thread 0x000000001b63e800 nmethod 4454 0x000000000356ae10 code [0x000000000356b200, 0x000000000356d928]
Event: 7.322 Thread 0x000000001b63e800 4455       3       sun.net.www.protocol.jar.JarURLConnection::getInputStream (97 bytes)
Event: 7.323 Thread 0x000000001b63e800 nmethod 4455 0x00000000033f68d0 code [0x00000000033f6b40, 0x00000000033f7a88]
Event: 7.453 Thread 0x000000001b63e800 4458       3       org.apache.catalina.deploy.WebXml::mergeMap (162 bytes)
Event: 7.454 Thread 0x000000001b63e800 nmethod 4458 0x000000000339a810 code [0x000000000339aae0, 0x000000000339c068]
Event: 7.595 Thread 0x000000001b63e800 4461       3       java.util.concurrent.TimeUnit$1::toNanos (2 bytes)
Event: 7.596 Thread 0x000000001b63e800 nmethod 4461 0x00000000033f65d0 code [0x00000000033f6720, 0x00000000033f6870]
Event: 7.599 Thread 0x000000001b63e800 4466       1       java.util.Formatter::access$000 (5 bytes)

GC Heap History (10 events):
Event: 5.639 GC heap after
Heap after GC invocations=6 (full 1):
 PSYoungGen      total 106496K, used 8164K [0x0000000780780000, 0x000000078ae00000, 0x00000007c0000000)
  eden space 98304K, 0% used [0x0000000780780000,0x0000000780780000,0x0000000786780000)
  from space 8192K, 99% used [0x0000000786780000,0x0000000786f79258,0x0000000786f80000)
  to   space 12288K, 0% used [0x000000078a200000,0x000000078a200000,0x000000078ae00000)
 ParOldGen       total 88576K, used 12224K [0x0000000701600000, 0x0000000706c80000, 0x0000000780780000)
  object space 88576K, 13% used [0x0000000701600000,0x00000007021f0348,0x0000000706c80000)
 Metaspace       used 27130K, capacity 27908K, committed 28160K, reserved 1073152K
  class space    used 3215K, capacity 3462K, committed 3584K, reserved 1048576K
}
Event: 6.190 GC heap before
{Heap before GC invocations=7 (full 1):
 PSYoungGen      total 106496K, used 106468K [0x0000000780780000, 0x000000078ae00000, 0x00000007c0000000)
  eden space 98304K, 100% used [0x0000000780780000,0x0000000786780000,0x0000000786780000)
  from space 8192K, 99% used [0x0000000786780000,0x0000000786f79258,0x0000000786f80000)
  to   space 12288K, 0% used [0x000000078a200000,0x000000078a200000,0x000000078ae00000)
 ParOldGen       total 88576K, used 12224K [0x0000000701600000, 0x0000000706c80000, 0x0000000780780000)
  object space 88576K, 13% used [0x0000000701600000,0x00000007021f0348,0x0000000706c80000)
 Metaspace       used 27676K, capacity 28426K, committed 28672K, reserved 1075200K
  class space    used 3277K, capacity 3528K, committed 3584K, reserved 1048576K
Event: 6.211 GC heap after
Heap after GC invocations=7 (full 1):
 PSYoungGen      total 152064K, used 12269K [0x0000000780780000, 0x000000078c080000, 0x00000007c0000000)
  eden space 139776K, 0% used [0x0000000780780000,0x0000000780780000,0x0000000789000000)
  from space 12288K, 99% used [0x000000078a200000,0x000000078adfb448,0x000000078ae00000)
  to   space 18432K, 0% used [0x0000000789000000,0x0000000789000000,0x000000078a200000)
 ParOldGen       total 88576K, used 21001K [0x0000000701600000, 0x0000000706c80000, 0x0000000780780000)
  object space 88576K, 23% used [0x0000000701600000,0x0000000702a82770,0x0000000706c80000)
 Metaspace       used 27676K, capacity 28426K, committed 28672K, reserved 1075200K
  class space    used 3277K, capacity 3528K, committed 3584K, reserved 1048576K
}
Event: 6.684 GC heap before
{Heap before GC invocations=8 (full 1):
 PSYoungGen      total 152064K, used 152045K [0x0000000780780000, 0x000000078c080000, 0x00000007c0000000)
  eden space 139776K, 100% used [0x0000000780780000,0x0000000789000000,0x0000000789000000)
  from space 12288K, 99% used [0x000000078a200000,0x000000078adfb448,0x000000078ae00000)
  to   space 18432K, 0% used [0x0000000789000000,0x0000000789000000,0x000000078a200000)
 ParOldGen       total 88576K, used 21001K [0x0000000701600000, 0x0000000706c80000, 0x0000000780780000)
  object space 88576K, 23% used [0x0000000701600000,0x0000000702a82770,0x0000000706c80000)
 Metaspace       used 27716K, capacity 28436K, committed 28672K, reserved 1075200K
  class space    used 3281K, capacity 3530K, committed 3584K, reserved 1048576K
Event: 6.707 GC heap after
Heap after GC invocations=8 (full 1):
 PSYoungGen      total 158208K, used 18414K [0x0000000780780000, 0x0000000791800000, 0x00000007c0000000)
  eden space 139776K, 0% used [0x0000000780780000,0x0000000780780000,0x0000000789000000)
  from space 18432K, 99% used [0x0000000789000000,0x000000078a1fb8d0,0x000000078a200000)
  to   space 26624K, 0% used [0x000000078fe00000,0x000000078fe00000,0x0000000791800000)
 ParOldGen       total 88576K, used 32351K [0x0000000701600000, 0x0000000706c80000, 0x0000000780780000)
  object space 88576K, 36% used [0x0000000701600000,0x0000000703597f48,0x0000000706c80000)
 Metaspace       used 27716K, capacity 28436K, committed 28672K, reserved 1075200K
  class space    used 3281K, capacity 3530K, committed 3584K, reserved 1048576K
}
Event: 7.179 GC heap before
{Heap before GC invocations=9 (full 1):
 PSYoungGen      total 158208K, used 158190K [0x0000000780780000, 0x0000000791800000, 0x00000007c0000000)
  eden space 139776K, 100% used [0x0000000780780000,0x0000000789000000,0x0000000789000000)
  from space 18432K, 99% used [0x0000000789000000,0x000000078a1fb8d0,0x000000078a200000)
  to   space 26624K, 0% used [0x000000078fe00000,0x000000078fe00000,0x0000000791800000)
 ParOldGen       total 88576K, used 32351K [0x0000000701600000, 0x0000000706c80000, 0x0000000780780000)
  object space 88576K, 36% used [0x0000000701600000,0x0000000703597f48,0x0000000706c80000)
 Metaspace       used 27718K, capacity 28436K, committed 28672K, reserved 1075200K
  class space    used 3281K, capacity 3530K, committed 3584K, reserved 1048576K
Event: 7.222 GC heap after
Heap after GC invocations=9 (full 1):
 PSYoungGen      total 166400K, used 26615K [0x0000000780780000, 0x0000000791800000, 0x00000007c0000000)
  eden space 139776K, 0% used [0x0000000780780000,0x0000000780780000,0x0000000789000000)
  from space 26624K, 99% used [0x000000078fe00000,0x00000007917fdee8,0x0000000791800000)
  to   space 18432K, 0% used [0x0000000789000000,0x0000000789000000,0x000000078a200000)
 ParOldGen       total 88576K, used 39607K [0x0000000701600000, 0x0000000706c80000, 0x0000000780780000)
  object space 88576K, 44% used [0x0000000701600000,0x0000000703cadf28,0x0000000706c80000)
 Metaspace       used 27718K, capacity 28436K, committed 28672K, reserved 1075200K
  class space    used 3281K, capacity 3530K, committed 3584K, reserved 1048576K
}
Event: 7.599 GC heap before
{Heap before GC invocations=10 (full 1):
 PSYoungGen      total 166400K, used 155556K [0x0000000780780000, 0x0000000791800000, 0x00000007c0000000)
  eden space 139776K, 92% used [0x0000000780780000,0x000000078856b208,0x0000000789000000)
  from space 26624K, 99% used [0x000000078fe00000,0x00000007917fdee8,0x0000000791800000)
  to   space 18432K, 0% used [0x0000000789000000,0x0000000789000000,0x000000078a200000)
 ParOldGen       total 88576K, used 39607K [0x0000000701600000, 0x0000000706c80000, 0x0000000780780000)
  object space 88576K, 44% used [0x0000000701600000,0x0000000703cadf28,0x0000000706c80000)
 Metaspace       used 27733K, capacity 28500K, committed 28672K, reserved 1075200K
  class space    used 3283K, capacity 3530K, committed 3584K, reserved 1048576K
Event: 7.635 GC heap after
Heap after GC invocations=10 (full 1):
 PSYoungGen      total 158208K, used 18426K [0x0000000780780000, 0x0000000791800000, 0x00000007c0000000)
  eden space 139776K, 0% used [0x0000000780780000,0x0000000780780000,0x0000000789000000)
  from space 18432K, 99% used [0x0000000789000000,0x000000078a1fe8d0,0x000000078a200000)
  to   space 26624K, 0% used [0x000000078fe00000,0x000000078fe00000,0x0000000791800000)
 ParOldGen       total 88576K, used 55908K [0x0000000701600000, 0x0000000706c80000, 0x0000000780780000)
  object space 88576K, 63% used [0x0000000701600000,0x0000000704c993c0,0x0000000706c80000)
 Metaspace       used 27733K, capacity 28500K, committed 28672K, reserved 1075200K
  class space    used 3283K, capacity 3530K, committed 3584K, reserved 1048576K
}
Event: 7.635 GC heap before
{Heap before GC invocations=11 (full 2):
 PSYoungGen      total 158208K, used 18426K [0x0000000780780000, 0x0000000791800000, 0x00000007c0000000)
  eden space 139776K, 0% used [0x0000000780780000,0x0000000780780000,0x0000000789000000)
  from space 18432K, 99% used [0x0000000789000000,0x000000078a1fe8d0,0x000000078a200000)
  to   space 26624K, 0% used [0x000000078fe00000,0x000000078fe00000,0x0000000791800000)
 ParOldGen       total 88576K, used 55908K [0x0000000701600000, 0x0000000706c80000, 0x0000000780780000)
  object space 88576K, 63% used [0x0000000701600000,0x0000000704c993c0,0x0000000706c80000)
 Metaspace       used 27733K, capacity 28500K, committed 28672K, reserved 1075200K
  class space    used 3283K, capacity 3530K, committed 3584K, reserved 1048576K

Deoptimization events (10 events):
Event: 5.251 Thread 0x000000000134e800 Uncommon trap: reason=bimorphic action=maybe_recompile pc=0x0000000003dece1c method=java.util.WeakHashMap.eq(Ljava/lang/Object;Ljava/lang/Object;)Z @ 7
Event: 5.462 Thread 0x000000000134e800 Uncommon trap: reason=unstable_if action=reinterpret pc=0x0000000003946138 method=java.lang.CharacterData.of(I)Ljava/lang/CharacterData; @ 4
Event: 5.464 Thread 0x000000000134e800 Uncommon trap: reason=bimorphic action=maybe_recompile pc=0x0000000003765da8 method=java.util.regex.Pattern$CharProperty.match(Ljava/util/regex/Matcher;ILjava/lang/CharSequence;)Z @ 37
Event: 5.514 Thread 0x000000002270f800 Uncommon trap: reason=unstable_if action=reinterpret pc=0x0000000003a28914 method=sun.net.www.ParseUtil.encodePath(Ljava/lang/String;Z)Ljava/lang/String; @ 109
Event: 5.570 Thread 0x000000002270f800 Uncommon trap: reason=unstable_if action=reinterpret pc=0x00000000034c199c method=java.lang.AbstractStringBuilder.append(Ljava/lang/String;)Ljava/lang/AbstractStringBuilder; @ 1
Event: 5.570 Thread 0x000000002270f800 Uncommon trap: reason=unstable_if action=reinterpret pc=0x0000000003431754 method=java.lang.AbstractStringBuilder.append(Ljava/lang/String;)Ljava/lang/AbstractStringBuilder; @ 1
Event: 5.703 Thread 0x000000002270f800 Uncommon trap: reason=unstable_if action=reinterpret pc=0x0000000003d6f324 method=java.util.concurrent.ConcurrentHashMap.replaceNode(Ljava/lang/Object;Ljava/lang/Object;Ljava/lang/Object;)Ljava/lang/Object; @ 47
Event: 5.837 Thread 0x000000002270f800 Uncommon trap: reason=unstable_if action=reinterpret pc=0x0000000003871d98 method=org.codehaus.plexus.classworlds.realm.Entry.matches(Ljava/lang/String;)Z @ 209
Event: 6.060 Thread 0x000000002270f800 Uncommon trap: reason=unstable_if action=reinterpret pc=0x0000000003841e24 method=java.util.HashMap.removeNode(ILjava/lang/Object;Ljava/lang/Object;ZZ)Ljava/util/HashMap$Node; @ 71
Event: 6.276 Thread 0x000000002270f800 Uncommon trap: reason=unstable_if action=reinterpret pc=0x00000000037c8124 method=org.apache.tomcat.util.bcel.classfile.Attribute.readAttribute(Ljava/io/DataInputStream;Lorg/apache/tomcat/util/bcel/classfile/ConstantPool;)Lorg/apache/tomcat/util/bcel/clas

Internal exceptions (10 events):
Event: 1.433 Thread 0x000000000134e800 Implicit null exception at 0x00000000038280fb to 0x000000000382851d
Event: 1.680 Thread 0x000000000134e800 Exception <a 'java/lang/NoClassDefFoundError': org/apache/log4j/Category> (0x00000007815d1a28) thrown at [C:\re\workspace\8-2-build-windows-amd64-cygwin\jdk8u121\8372\hotspot\src\share\vm\classfile\systemDictionary.cpp, line 199]
Event: 1.965 Thread 0x000000000134e800 Exception <a 'java/lang/NoSuchFieldError': method resolution failed> (0x0000000781aad238) thrown at [C:\re\workspace\8-2-build-windows-amd64-cygwin\jdk8u121\8372\hotspot\src\share\vm\prims\methodHandles.cpp, line 1146]
Event: 1.966 Thread 0x000000000134e800 Exception <a 'java/lang/NoSuchFieldError': method resolution failed> (0x0000000781abbd08) thrown at [C:\re\workspace\8-2-build-windows-amd64-cygwin\jdk8u121\8372\hotspot\src\share\vm\prims\methodHandles.cpp, line 1146]
Event: 4.523 Thread 0x000000000134e800 Implicit null exception at 0x0000000003ccf38c to 0x0000000003cd0545
Event: 5.055 Thread 0x000000000134e800 Exception <a 'java/io/FileNotFoundException'> (0x00000007849f0680) thrown at [C:\re\workspace\8-2-build-windows-amd64-cygwin\jdk8u121\8372\hotspot\src\share\vm\prims\jni.cpp, line 709]
Event: 5.570 Thread 0x000000002270f800 Implicit null exception at 0x00000000034c15d6 to 0x00000000034c1985
Event: 5.570 Thread 0x000000002270f800 Implicit null exception at 0x0000000003431354 to 0x000000000343173d
Event: 5.703 Thread 0x000000002270f800 Implicit null exception at 0x0000000003d6edc7 to 0x0000000003d6f2f1
Event: 7.592 Thread 0x000000002270f800 Exception <a 'java/lang/OutOfMemoryError'> (0x000000078819bde8) thrown at [C:\re\workspace\8-2-build-windows-amd64-cygwin\jdk8u121\8372\hotspot\src\share\vm\prims\jni.cpp, line 735]

Events (10 events):
Event: 7.594 loading class java/lang/Throwable$WrappedPrintWriter done
Event: 7.594 Executing VM operation: RevokeBias
Event: 7.594 Executing VM operation: RevokeBias done
Event: 7.595 Executing VM operation: RevokeBias
Event: 7.595 Executing VM operation: RevokeBias done
Event: 7.596 Executing VM operation: RevokeBias
Event: 7.596 Executing VM operation: RevokeBias done
Event: 7.596 Executing VM operation: RevokeBias
Event: 7.596 Executing VM operation: RevokeBias done
Event: 7.599 Executing VM operation: ParallelGCSystemGC


Dynamic libraries:
0x00007ff7cfa70000 - 0x00007ff7cfaa7000 	C:\Program Files\Java\jdk1.8.0_121\bin\java.exe
0x00007ffb02560000 - 0x00007ffb02741000 	C:\WINDOWS\SYSTEM32\ntdll.dll
0x00007ffb021f0000 - 0x00007ffb022a2000 	C:\WINDOWS\System32\KERNEL32.DLL
0x00007ffafead0000 - 0x00007ffafed43000 	C:\WINDOWS\System32\KERNELBASE.dll
0x00007ffb00190000 - 0x00007ffb00231000 	C:\WINDOWS\System32\ADVAPI32.dll
0x00007ffb020b0000 - 0x00007ffb0214e000 	C:\WINDOWS\System32\msvcrt.dll
0x00007ffb01dd0000 - 0x00007ffb01e2b000 	C:\WINDOWS\System32\sechost.dll
0x00007ffb023a0000 - 0x00007ffb024c4000 	C:\WINDOWS\System32\RPCRT4.dll
0x00007ffb019a0000 - 0x00007ffb01b30000 	C:\WINDOWS\System32\USER32.dll
0x00007ffaff9d0000 - 0x00007ffaff9f0000 	C:\WINDOWS\System32\win32u.dll
0x00007ffb017f0000 - 0x00007ffb01818000 	C:\WINDOWS\System32\GDI32.dll
0x00007ffafe930000 - 0x00007ffafeac2000 	C:\WINDOWS\System32\gdi32full.dll
0x00007ffaff1a0000 - 0x00007ffaff23f000 	C:\WINDOWS\System32\msvcp_win.dll
0x00007ffaff0a0000 - 0x00007ffaff19a000 	C:\WINDOWS\System32\ucrtbase.dll
0x00007ffaf46f0000 - 0x00007ffaf4959000 	C:\WINDOWS\WinSxS\amd64_microsoft.windows.common-controls_6595b64144ccf1df_6.0.17134.228_none_fb4599993062b194\COMCTL32.dll
0x00007ffaffe60000 - 0x00007ffb00183000 	C:\WINDOWS\System32\combase.dll
0x00007ffaff240000 - 0x00007ffaff2ba000 	C:\WINDOWS\System32\bcryptPrimitives.dll
0x00007ffb01b30000 - 0x00007ffb01b5d000 	C:\WINDOWS\System32\IMM32.DLL
0x000000005e700000 - 0x000000005e7d2000 	C:\Program Files\Java\jdk1.8.0_121\jre\bin\msvcr100.dll
0x000000005de60000 - 0x000000005e6fb000 	C:\Program Files\Java\jdk1.8.0_121\jre\bin\server\jvm.dll
0x00007ffb003a0000 - 0x00007ffb003a8000 	C:\WINDOWS\System32\PSAPI.DLL
0x00007ffaf7210000 - 0x00007ffaf721a000 	C:\WINDOWS\SYSTEM32\VERSION.dll
0x00007ffafaf20000 - 0x00007ffafaf43000 	C:\WINDOWS\SYSTEM32\WINMM.dll
0x00007ffae7230000 - 0x00007ffae7239000 	C:\WINDOWS\SYSTEM32\WSOCK32.dll
0x00007ffb02040000 - 0x00007ffb020ac000 	C:\WINDOWS\System32\WS2_32.dll
0x00007ffafad60000 - 0x00007ffafad8a000 	C:\WINDOWS\SYSTEM32\WINMMBASE.dll
0x00007ffafee00000 - 0x00007ffafee49000 	C:\WINDOWS\System32\cfgmgr32.dll
0x000000005de50000 - 0x000000005de5f000 	C:\Program Files\Java\jdk1.8.0_121\jre\bin\verify.dll
0x000000005de20000 - 0x000000005de49000 	C:\Program Files\Java\jdk1.8.0_121\jre\bin\java.dll
0x000000005ddd0000 - 0x000000005ddf3000 	C:\Program Files\Java\jdk1.8.0_121\jre\bin\instrument.dll
0x000000005de00000 - 0x000000005de16000 	C:\Program Files\Java\jdk1.8.0_121\jre\bin\zip.dll
0x00007ffb003b0000 - 0x00007ffb017f0000 	C:\WINDOWS\System32\SHELL32.dll
0x00007ffb01d20000 - 0x00007ffb01dc9000 	C:\WINDOWS\System32\shcore.dll
0x00007ffaff2c0000 - 0x00007ffaff9cd000 	C:\WINDOWS\System32\windows.storage.dll
0x00007ffb024d0000 - 0x00007ffb02521000 	C:\WINDOWS\System32\shlwapi.dll
0x00007ffafe8e0000 - 0x00007ffafe8f1000 	C:\WINDOWS\System32\kernel.appcore.dll
0x00007ffafe910000 - 0x00007ffafe92f000 	C:\WINDOWS\System32\profapi.dll
0x00007ffafe890000 - 0x00007ffafe8dc000 	C:\WINDOWS\System32\powrprof.dll
0x00007ffafe900000 - 0x00007ffafe90a000 	C:\WINDOWS\System32\FLTLIB.DLL
0x00007ffae2b80000 - 0x00007ffae2b9a000 	D:\IntelliJ_IDEA\IntelliJ IDEA 2018.1.3\bin\breakgen64.dll
0x000000005ddb0000 - 0x000000005ddca000 	C:\Program Files\Java\jdk1.8.0_121\jre\bin\net.dll
0x00007ffafe0f0000 - 0x00007ffafe156000 	C:\WINDOWS\system32\mswsock.dll
0x000000005dd90000 - 0x000000005dda1000 	C:\Program Files\Java\jdk1.8.0_121\jre\bin\nio.dll
0x000000005dd50000 - 0x000000005dd74000 	C:\Program Files\Java\jdk1.8.0_121\jre\bin\sunec.dll
0x00007ffafde70000 - 0x00007ffafdea8000 	C:\WINDOWS\SYSTEM32\IPHLPAPI.DLL
0x00007ffaff9f0000 - 0x00007ffaff9f8000 	C:\WINDOWS\System32\NSI.dll
0x00007ffaf73a0000 - 0x00007ffaf73b6000 	C:\WINDOWS\SYSTEM32\dhcpcsvc6.DLL
0x00007ffaf7380000 - 0x00007ffaf739a000 	C:\WINDOWS\SYSTEM32\dhcpcsvc.DLL
0x00007ffafe2a0000 - 0x00007ffafe2b7000 	C:\WINDOWS\SYSTEM32\CRYPTSP.dll
0x00007ffafdcd0000 - 0x00007ffafdd03000 	C:\WINDOWS\system32\rsaenh.dll
0x00007ffafe3d0000 - 0x00007ffafe3f5000 	C:\WINDOWS\SYSTEM32\bcrypt.dll
0x00007ffafe770000 - 0x00007ffafe798000 	C:\WINDOWS\SYSTEM32\USERENV.dll
0x00007ffafe2c0000 - 0x00007ffafe2cb000 	C:\WINDOWS\SYSTEM32\CRYPTBASE.dll
0x00007ffafdeb0000 - 0x00007ffafdf6e000 	C:\WINDOWS\SYSTEM32\DNSAPI.dll
0x00007ffaf5410000 - 0x00007ffaf541a000 	C:\Windows\System32\rasadhlp.dll
0x00007ffaf55d0000 - 0x00007ffaf5642000 	C:\WINDOWS\System32\fwpuclnt.dll
0x000000005dd80000 - 0x000000005dd8d000 	C:\Program Files\Java\jdk1.8.0_121\jre\bin\management.dll

VM Arguments:
jvm_args: -Dmaven.multiModuleProjectDirectory=E:\IntelliJ_IDEA_Path\JavaEE\pinyougou-parent\pinyougou-parent\pinyougou-search-web -Dmaven.home=D:\IntelliJ_IDEA\IntelliJ IDEA 2018.1.3\plugins\maven\lib\maven3 -Dclassworlds.conf=D:\IntelliJ_IDEA\IntelliJ IDEA 2018.1.3\plugins\maven\lib\maven3\bin\m2.conf -javaagent:D:\IntelliJ_IDEA\IntelliJ IDEA 2018.1.3\lib\idea_rt.jar=8132:D:\IntelliJ_IDEA\IntelliJ IDEA 2018.1.3\bin -Dfile.encoding=UTF-8 
java_command: org.codehaus.classworlds.Launcher -Didea.version=2018.1.3 -Dmaven.repo.local=C:\Users\GaoHang\.m2\repository tomcat7:run
java_class_path (initial): D:\IntelliJ_IDEA\IntelliJ IDEA 2018.1.3\plugins\maven\lib\maven3\boot\plexus-classworlds-2.5.2.jar;D:\IntelliJ_IDEA\IntelliJ IDEA 2018.1.3\lib\idea_rt.jar
Launcher Type: SUN_STANDARD

Environment Variables:
JAVA_HOME=C:\Program Files\Java\jdk1.8.0_121
CLASSPATH="C:\Program Files\Java\jdk1.8.0_121\lib\*.jar;";E:\apache-tomcat-9.0.8\lib\servlet-api.jar;
PATH=D:\app\GaoHang\product\11.2.0\dbhome_1\bin;D:\python_3.6.4(32bit)\Scripts\;D:\python_3.6.4(32bit)\;D:\python\;C:\WINDOWS\system32;C:\WINDOWS;C:\WINDOWS\System32\Wbem;C:\WINDOWS\System32\WindowsPowerShell\v1.0\;C:\Program Files (x86)\Windows Kits\8.1\Windows Performance Toolkit\;C:\Program Files\Microsoft SQL Server\110\Tools\Binn\;D:\python;E:\C++\Tuple - 跳一跳辅助\ADB工具\ADB工具;C:\Progr;m Files\Intel\WiFi\bin\;C:\Program Files\Common Files\Intel\WirelessCommon\;C:\Program Files (x86)\NVIDIA Corporation\PhysX\Common;C:\Program Files\Java\jdk1.8.0_121\bin;C:\Program Files\Java\jdk1.8.0_121\jre\bin;C:\ProgramData\Oracle\Java\javapath;C:\Program Files\Intel\WiFi\bin\;C:\Program Files\MySQL\MySQL Server 5.5\bin;C:\WINDOWS\system32;C:\WINDOWS;C:\WINDOWS\System32\Wbem;C:\WINDOWS\System32\WindowsPowerShell\v1.0\;C:\WINDOWS\System32\OpenSSH\;E:\apache-tomcat-9.0.8\bin;E:\apache-tomcat-9.0.8\lib;E:\apache-maven-3.5.4\bin;D:\Git\cmd;C:\Users\GaoHang\AppData\Local\Microsoft\WindowsApps;C:\Program Files\Intel\WiFi\bin\;C:\Program Files\Common Files\Intel\WirelessCommon\;%USERPROFILE%\AppData\Local\Microsoft\WindowsApps;
USERNAME=GaoHang
OS=Windows_NT
PROCESSOR_IDENTIFIER=Intel64 Family 6 Model 60 Stepping 3, GenuineIntel



---------------  S Y S T E M  ---------------

OS: Windows 10.0 , 64 bit Build 17134 (10.0.17134.1)

CPU:total 4 (2 cores per cpu, 2 threads per core) family 6 model 60 stepping 3, cmov, cx8, fxsr, mmx, sse, sse2, sse3, ssse3, sse4.1, sse4.2, popcnt, avx, avx2, aes, clmul, erms, lzcnt, ht, tsc, tscinvbit, bmi1, bmi2

Memory: 4k page, physical 12488024k(4258400k free), swap 26914460k(2760k free)

vm_info: Java HotSpot(TM) 64-Bit Server VM (25.121-b13) for windows-amd64 JRE (1.8.0_121-b13), built on Dec 12 2016 18:21:36 by "java_re" with MS VC++ 10.0 (VS2010)

time: Thu Aug 30 11:22:49 2018
elapsed time: 7 seconds (0d 0h 0m 7s)

