#
# There is insufficient memory for the Java Runtime Environment to continue.
# Native memory allocation (malloc) failed to allocate 32784 bytes for Chunk::new
# Possible reasons:
#   The system is out of physical RAM or swap space
#   In 32 bit mode, the process size limit was hit
# Possible solutions:
#   Reduce memory load on the system
#   Increase physical memory or swap space
#   Check if swap backing store is full
#   Use 64 bit Java on a 64 bit OS
#   Decrease Java heap size (-Xmx/-Xms)
#   Decrease number of Java threads
#   Decrease Java thread stack sizes (-Xss)
#   Set larger code cache with -XX:ReservedCodeCacheSize=
# This output file may be truncated or incomplete.
#
#  Out of Memory Error (allocation.cpp:390), pid=18044, tid=0x0000000000003420
#
# JRE version: Java(TM) SE Runtime Environment (8.0_121-b13) (build 1.8.0_121-b13)
# Java VM: Java HotSpot(TM) 64-Bit Server VM (25.121-b13 mixed mode windows-amd64 compressed oops)
# Failed to write core dump. Minidumps are not enabled by default on client versions of Windows
#

---------------  T H R E A D  ---------------

Current thread (0x000000001b29b000):  JavaThread "C2 CompilerThread1" daemon [_thread_in_native, id=13344, stack(0x000000001ba60000,0x000000001bb60000)]

Stack: [0x000000001ba60000,0x000000001bb60000]
[error occurred during error reporting (printing stack bounds), id 0xc0000005]

Native frames: (J=compiled Java code, j=interpreted, Vv=VM code, C=native code)


Current CompileTask:
C2:3528745 4789       4       java.net.URLClassLoader$1::run (5 bytes)


---------------  P R O C E S S  ---------------

Java Threads: ( => current thread )
  0x000000001cbf0800 JavaThread "http-bio-9104-exec-2" daemon [_thread_in_native, id=17236, stack(0x00000000279c0000,0x0000000027ac0000)]
  0x000000001c372800 JavaThread "http-bio-9104-exec-1" daemon [_thread_in_native, id=3672, stack(0x00000000278c0000,0x00000000279c0000)]
  0x000000001bf84000 JavaThread "http-bio-9104-AsyncTimeout" daemon [_thread_blocked, id=18032, stack(0x00000000274c0000,0x00000000275c0000)]
  0x000000001d3e6800 JavaThread "http-bio-9104-Acceptor-0" daemon [_thread_in_native, id=8440, stack(0x00000000273c0000,0x00000000274c0000)]
  0x000000001e66e000 JavaThread "ContainerBackgroundProcessor[StandardEngine[Tomcat]]" daemon [_thread_blocked, id=17428, stack(0x00000000272c0000,0x00000000273c0000)]
  0x000000001e177800 JavaThread "Thread-2" daemon [_thread_in_native, id=14328, stack(0x0000000022fd0000,0x00000000230d0000)]
  0x000000001b2e6800 JavaThread "Service Thread" daemon [_thread_blocked, id=2064, stack(0x000000001bc60000,0x000000001bd60000)]
  0x000000001b29e000 JavaThread "C1 CompilerThread2" daemon [_thread_blocked, id=18128, stack(0x000000001bb60000,0x000000001bc60000)]
=>0x000000001b29b000 JavaThread "C2 CompilerThread1" daemon [_thread_in_native, id=13344, stack(0x000000001ba60000,0x000000001bb60000)]
  0x000000001b296800 JavaThread "C2 CompilerThread0" daemon [_thread_in_native, id=12092, stack(0x000000001b960000,0x000000001ba60000)]
  0x000000001b295000 JavaThread "Monitor Ctrl-Break" daemon [_thread_in_native, id=11896, stack(0x000000001b860000,0x000000001b960000)]
  0x0000000019f0c000 JavaThread "Attach Listener" daemon [_thread_blocked, id=11700, stack(0x000000001b760000,0x000000001b860000)]
  0x000000001b270800 JavaThread "Signal Dispatcher" daemon [_thread_blocked, id=14388, stack(0x000000001b660000,0x000000001b760000)]
  0x0000000002dfb800 JavaThread "Finalizer" daemon [_thread_blocked, id=8560, stack(0x000000001b100000,0x000000001b200000)]
  0x0000000002df2800 JavaThread "Reference Handler" daemon [_thread_blocked, id=196, stack(0x000000001b000000,0x000000001b100000)]
  0x0000000000fbe800 JavaThread "main" [_thread_blocked, id=15748, stack(0x0000000002b00000,0x0000000002c00000)]

Other Threads:
  0x0000000019e78800 VMThread [stack: 0x000000001af00000,0x000000001b000000] [id=14264]
  0x000000001b361000 WatcherThread [stack: 0x000000001bd60000,0x000000001be60000] [id=18248]

VM state:not at safepoint (normal execution)

VM Mutex/Monitor currently owned by a thread: None

Heap:
 PSYoungGen      total 199168K, used 160815K [0x0000000780780000, 0x0000000794200000, 0x00000007c0000000)
  eden space 168960K, 77% used [0x0000000780780000,0x00000007887dbaf8,0x000000078ac80000)
  from space 30208K, 97% used [0x000000078ac80000,0x000000078c930190,0x000000078ca00000)
  to   space 34304K, 0% used [0x0000000792080000,0x0000000792080000,0x0000000794200000)
 ParOldGen       total 86528K, used 34867K [0x0000000701600000, 0x0000000706a80000, 0x0000000780780000)
  object space 86528K, 40% used [0x0000000701600000,0x000000070380cc58,0x0000000706a80000)
 Metaspace       used 31952K, capacity 32664K, committed 33024K, reserved 1079296K
  class space    used 3833K, capacity 4084K, committed 4096K, reserved 1048576K

Card table byte_map: [0x00000000121c0000,0x00000000127c0000] byte_map_base: 0x000000000e9b5000

Marking Bits: (ParMarkBitMap*) 0x000000006c95b6d0
 Begin Bits: [0x0000000012fc0000, 0x0000000015f68000)
 End Bits:   [0x0000000015f68000, 0x0000000018f10000)

Polling page: 0x0000000000f30000

CodeCache: size=245760Kb used=12765Kb max_used=13554Kb free=232994Kb
 bounds [0x0000000002e00000, 0x0000000003b80000, 0x0000000011e00000]
 total_blobs=4438 nmethods=4009 adapters=341
 compilation: enabled

Compilation events (10 events):
Event: 3528.073 Thread 0x000000001b29b000 4789       4       java.net.URLClassLoader$1::run (5 bytes)
Event: 3528.074 Thread 0x000000001b296800 4790   !   4       java.net.URLClassLoader$1::run (63 bytes)
Event: 3528.088 Thread 0x000000001b29e000 4791       1       org.apache.log4j.CategoryKey::hashCode (5 bytes)
Event: 3528.089 Thread 0x000000001b29e000 nmethod 4791 0x0000000002fe1ed0 code [0x0000000002fe2020, 0x0000000002fe2130]
Event: 3528.104 Thread 0x000000001b29e000 4792  s    1       java.lang.StringBuffer::length (5 bytes)
Event: 3528.105 Thread 0x000000001b29e000 nmethod 4792 0x00000000034188d0 code [0x0000000003418a20, 0x0000000003418c90]
Event: 3528.109 Thread 0x000000001b29e000 4793       1       org.apache.tomcat.util.http.MimeHeaderField::getName (5 bytes)
Event: 3528.109 Thread 0x000000001b29e000 nmethod 4793 0x0000000002f3c210 code [0x0000000002f3c360, 0x0000000002f3c470]
Event: 3528.111 Thread 0x000000001b29e000 4794       3       java.util.Calendar::setFieldsComputed (117 bytes)
Event: 3528.112 Thread 0x000000001b29e000 nmethod 4794 0x00000000031a3ed0 code [0x00000000031a4080, 0x00000000031a4550]

GC Heap History (10 events):
Event: 6.383 GC heap before
{Heap before GC invocations=8 (full 1):
 PSYoungGen      total 88064K, used 82942K [0x0000000780780000, 0x0000000786c00000, 0x00000007c0000000)
  eden space 74240K, 100% used [0x0000000780780000,0x0000000785000000,0x0000000785000000)
  from space 13824K, 62% used [0x0000000785d00000,0x000000078657fb00,0x0000000786a80000)
  to   space 13312K, 0% used [0x0000000785000000,0x0000000785000000,0x0000000785d00000)
 ParOldGen       total 86528K, used 10691K [0x0000000701600000, 0x0000000706a80000, 0x0000000780780000)
  object space 86528K, 12% used [0x0000000701600000,0x0000000702070da0,0x0000000706a80000)
 Metaspace       used 27755K, capacity 28398K, committed 28672K, reserved 1075200K
  class space    used 3276K, capacity 3496K, committed 3584K, reserved 1048576K
Event: 6.401 GC heap after
Heap after GC invocations=8 (full 1):
 PSYoungGen      total 87552K, used 13280K [0x0000000780780000, 0x0000000789f00000, 0x00000007c0000000)
  eden space 74240K, 0% used [0x0000000780780000,0x0000000780780000,0x0000000785000000)
  from space 13312K, 99% used [0x0000000785000000,0x0000000785cf8110,0x0000000785d00000)
  to   space 17408K, 0% used [0x0000000788e00000,0x0000000788e00000,0x0000000789f00000)
 ParOldGen       total 86528K, used 15894K [0x0000000701600000, 0x0000000706a80000, 0x0000000780780000)
  object space 86528K, 18% used [0x0000000701600000,0x0000000702585808,0x0000000706a80000)
 Metaspace       used 27755K, capacity 28398K, committed 28672K, reserved 1075200K
  class space    used 3276K, capacity 3496K, committed 3584K, reserved 1048576K
}
Event: 6.696 GC heap before
{Heap before GC invocations=9 (full 1):
 PSYoungGen      total 87552K, used 87520K [0x0000000780780000, 0x0000000789f00000, 0x00000007c0000000)
  eden space 74240K, 100% used [0x0000000780780000,0x0000000785000000,0x0000000785000000)
  from space 13312K, 99% used [0x0000000785000000,0x0000000785cf8110,0x0000000785d00000)
  to   space 17408K, 0% used [0x0000000788e00000,0x0000000788e00000,0x0000000789f00000)
 ParOldGen       total 86528K, used 15894K [0x0000000701600000, 0x0000000706a80000, 0x0000000780780000)
  object space 86528K, 18% used [0x0000000701600000,0x0000000702585808,0x0000000706a80000)
 Metaspace       used 27757K, capacity 28398K, committed 28672K, reserved 1075200K
  class space    used 3276K, capacity 3496K, committed 3584K, reserved 1048576K
Event: 6.718 GC heap after
Heap after GC invocations=9 (full 1):
 PSYoungGen      total 133632K, used 17401K [0x0000000780780000, 0x000000078af00000, 0x00000007c0000000)
  eden space 116224K, 0% used [0x0000000780780000,0x0000000780780000,0x0000000787900000)
  from space 17408K, 99% used [0x0000000788e00000,0x0000000789efe580,0x0000000789f00000)
  to   space 21504K, 0% used [0x0000000787900000,0x0000000787900000,0x0000000788e00000)
 ParOldGen       total 86528K, used 19488K [0x0000000701600000, 0x0000000706a80000, 0x0000000780780000)
  object space 86528K, 22% used [0x0000000701600000,0x0000000702908398,0x0000000706a80000)
 Metaspace       used 27757K, capacity 28398K, committed 28672K, reserved 1075200K
  class space    used 3276K, capacity 3496K, committed 3584K, reserved 1048576K
}
Event: 7.092 GC heap before
{Heap before GC invocations=10 (full 1):
 PSYoungGen      total 133632K, used 133625K [0x0000000780780000, 0x000000078af00000, 0x00000007c0000000)
  eden space 116224K, 100% used [0x0000000780780000,0x0000000787900000,0x0000000787900000)
  from space 17408K, 99% used [0x0000000788e00000,0x0000000789efe580,0x0000000789f00000)
  to   space 21504K, 0% used [0x0000000787900000,0x0000000787900000,0x0000000788e00000)
 ParOldGen       total 86528K, used 19488K [0x0000000701600000, 0x0000000706a80000, 0x0000000780780000)
  object space 86528K, 22% used [0x0000000701600000,0x0000000702908398,0x0000000706a80000)
 Metaspace       used 27792K, capacity 28504K, committed 28672K, reserved 1075200K
  class space    used 3281K, capacity 3530K, committed 3584K, reserved 1048576K
Event: 7.122 GC heap after
Heap after GC invocations=10 (full 1):
 PSYoungGen      total 137728K, used 21488K [0x0000000780780000, 0x000000078e500000, 0x00000007c0000000)
  eden space 116224K, 0% used [0x0000000780780000,0x0000000780780000,0x0000000787900000)
  from space 21504K, 99% used [0x0000000787900000,0x0000000788dfc390,0x0000000788e00000)
  to   space 27648K, 0% used [0x000000078ca00000,0x000000078ca00000,0x000000078e500000)
 ParOldGen       total 86528K, used 26431K [0x0000000701600000, 0x0000000706a80000, 0x0000000780780000)
  object space 86528K, 30% used [0x0000000701600000,0x0000000702fcfd80,0x0000000706a80000)
 Metaspace       used 27792K, capacity 28504K, committed 28672K, reserved 1075200K
  class space    used 3281K, capacity 3530K, committed 3584K, reserved 1048576K
}
Event: 7.489 GC heap before
{Heap before GC invocations=11 (full 1):
 PSYoungGen      total 137728K, used 137712K [0x0000000780780000, 0x000000078e500000, 0x00000007c0000000)
  eden space 116224K, 100% used [0x0000000780780000,0x0000000787900000,0x0000000787900000)
  from space 21504K, 99% used [0x0000000787900000,0x0000000788dfc390,0x0000000788e00000)
  to   space 27648K, 0% used [0x000000078ca00000,0x000000078ca00000,0x000000078e500000)
 ParOldGen       total 86528K, used 26431K [0x0000000701600000, 0x0000000706a80000, 0x0000000780780000)
  object space 86528K, 30% used [0x0000000701600000,0x0000000702fcfd80,0x0000000706a80000)
 Metaspace       used 27792K, capacity 28504K, committed 28672K, reserved 1075200K
  class space    used 3281K, capacity 3530K, committed 3584K, reserved 1048576K
Event: 7.526 GC heap after
Heap after GC invocations=11 (full 1):
 PSYoungGen      total 196608K, used 23484K [0x0000000780780000, 0x000000078ec80000, 0x00000007c0000000)
  eden space 168960K, 0% used [0x0000000780780000,0x0000000780780000,0x000000078ac80000)
  from space 27648K, 84% used [0x000000078ca00000,0x000000078e0ef2b0,0x000000078e500000)
  to   space 30208K, 0% used [0x000000078ac80000,0x000000078ac80000,0x000000078ca00000)
 ParOldGen       total 86528K, used 31806K [0x0000000701600000, 0x0000000706a80000, 0x0000000780780000)
  object space 86528K, 36% used [0x0000000701600000,0x000000070350f8e8,0x0000000706a80000)
 Metaspace       used 27792K, capacity 28504K, committed 28672K, reserved 1075200K
  class space    used 3281K, capacity 3530K, committed 3584K, reserved 1048576K
}
Event: 8.020 GC heap before
{Heap before GC invocations=12 (full 1):
 PSYoungGen      total 196608K, used 192444K [0x0000000780780000, 0x000000078ec80000, 0x00000007c0000000)
  eden space 168960K, 100% used [0x0000000780780000,0x000000078ac80000,0x000000078ac80000)
  from space 27648K, 84% used [0x000000078ca00000,0x000000078e0ef2b0,0x000000078e500000)
  to   space 30208K, 0% used [0x000000078ac80000,0x000000078ac80000,0x000000078ca00000)
 ParOldGen       total 86528K, used 31806K [0x0000000701600000, 0x0000000706a80000, 0x0000000780780000)
  object space 86528K, 36% used [0x0000000701600000,0x000000070350f8e8,0x0000000706a80000)
 Metaspace       used 27794K, capacity 28504K, committed 28672K, reserved 1075200K
  class space    used 3281K, capacity 3530K, committed 3584K, reserved 1048576K
Event: 8.057 GC heap after
Heap after GC invocations=12 (full 1):
 PSYoungGen      total 199168K, used 29376K [0x0000000780780000, 0x0000000794200000, 0x00000007c0000000)
  eden space 168960K, 0% used [0x0000000780780000,0x0000000780780000,0x000000078ac80000)
  from space 30208K, 97% used [0x000000078ac80000,0x000000078c930190,0x000000078ca00000)
  to   space 34304K, 0% used [0x0000000792080000,0x0000000792080000,0x0000000794200000)
 ParOldGen       total 86528K, used 34867K [0x0000000701600000, 0x0000000706a80000, 0x0000000780780000)
  object space 86528K, 40% used [0x0000000701600000,0x000000070380cc58,0x0000000706a80000)
 Metaspace       used 27794K, capacity 28504K, committed 28672K, reserved 1075200K
  class space    used 3281K, capacity 3530K, committed 3584K, reserved 1048576K
}

Deoptimization events (10 events):
Event: 6.492 Thread 0x000000001cbf0800 Uncommon trap: reason=unstable_if action=reinterpret pc=0x0000000002f92118 method=org.codehaus.plexus.classworlds.realm.Entry.matches(Ljava/lang/String;)Z @ 209
Event: 8.376 Thread 0x000000001cbf0800 Uncommon trap: reason=unstable_if action=reinterpret pc=0x000000000330d388 method=java.lang.AbstractStringBuilder.append(Ljava/lang/String;)Ljava/lang/AbstractStringBuilder; @ 1
Event: 2918.668 Thread 0x000000001e66e000 Uncommon trap: reason=predicate action=maybe_recompile pc=0x0000000003854d40 method=java.util.AbstractCollection.toArray([Ljava/lang/Object;)[Ljava/lang/Object; @ 49
Event: 3138.679 Thread 0x000000001e66e000 Uncommon trap: reason=array_check action=maybe_recompile pc=0x00000000038561f4 method=java.util.AbstractCollection.toArray([Ljava/lang/Object;)[Ljava/lang/Object; @ 119
Event: 3138.679 Thread 0x000000001e66e000 Uncommon trap: reason=array_check action=maybe_recompile pc=0x00000000038561f4 method=java.util.AbstractCollection.toArray([Ljava/lang/Object;)[Ljava/lang/Object; @ 119
Event: 3138.679 Thread 0x000000001e66e000 Uncommon trap: reason=array_check action=maybe_recompile pc=0x00000000038561f4 method=java.util.AbstractCollection.toArray([Ljava/lang/Object;)[Ljava/lang/Object; @ 119
Event: 3148.679 Thread 0x000000001e66e000 Uncommon trap: reason=array_check action=maybe_recompile pc=0x00000000038561f4 method=java.util.AbstractCollection.toArray([Ljava/lang/Object;)[Ljava/lang/Object; @ 119
Event: 3527.865 Thread 0x000000001c372800 Uncommon trap: reason=unstable_if action=reinterpret pc=0x000000000334dc94 method=java.util.concurrent.ConcurrentHashMap.putVal(Ljava/lang/Object;Ljava/lang/Object;Z)Ljava/lang/Object; @ 98
Event: 3527.884 Thread 0x000000001c372800 Uncommon trap: reason=unstable_if action=reinterpret pc=0x00000000032b9130 method=java.util.LinkedHashMap.afterNodeRemoval(Ljava/util/HashMap$Node;)V @ 27
Event: 3527.903 Thread 0x000000001c372800 Uncommon trap: reason=predicate action=maybe_recompile pc=0x0000000002f4ea88 method=java.lang.String.regionMatches(ZILjava/lang/String;II)Z @ 63

Internal exceptions (10 events):
Event: 8.376 Thread 0x000000001cbf0800 Implicit null exception at 0x000000000330cdab to 0x000000000330d36d
Event: 8.435 Thread 0x000000001cbf0800 Exception <a 'java/io/FileNotFoundException'> (0x0000000786b6fca0) thrown at [C:\re\workspace\8-2-build-windows-amd64-cygwin\jdk8u121\8372\hotspot\src\share\vm\prims\jni.cpp, line 709]
Event: 8.464 Thread 0x000000001cbf0800 Exception <a 'java/lang/ClassNotFoundException': org/springframework/web/filter/CharacterEncodingFilterBeanInfo> (0x0000000786deb3d8) thrown at [C:\re\workspace\8-2-build-windows-amd64-cygwin\jdk8u121\8372\hotspot\src\share\vm\classfile\systemDictionary.c
Event: 8.465 Thread 0x000000001cbf0800 Exception <a 'java/lang/ClassNotFoundException': org/springframework/web/filter/OncePerRequestFilterBeanInfo> (0x0000000786e0e450) thrown at [C:\re\workspace\8-2-build-windows-amd64-cygwin\jdk8u121\8372\hotspot\src\share\vm\classfile\systemDictionary.cpp,
Event: 8.465 Thread 0x000000001cbf0800 Exception <a 'java/lang/ClassNotFoundException': org/springframework/web/filter/GenericFilterBeanBeanInfo> (0x0000000786e30098) thrown at [C:\re\workspace\8-2-build-windows-amd64-cygwin\jdk8u121\8372\hotspot\src\share\vm\classfile\systemDictionary.cpp, li
Event: 8.465 Thread 0x000000001cbf0800 Exception <a 'java/lang/ClassNotFoundException': java/lang/ObjectBeanInfo> (0x0000000786e3b690) thrown at [C:\re\workspace\8-2-build-windows-amd64-cygwin\jdk8u121\8372\hotspot\src\share\vm\classfile\systemDictionary.cpp, line 210]
Event: 8.466 Thread 0x000000001cbf0800 Exception <a 'java/lang/ClassNotFoundException': java/lang/ObjectCustomizer> (0x0000000786e47560) thrown at [C:\re\workspace\8-2-build-windows-amd64-cygwin\jdk8u121\8372\hotspot\src\share\vm\classfile\systemDictionary.cpp, line 210]
Event: 8.469 Thread 0x000000001cbf0800 Exception <a 'java/lang/ClassNotFoundException': org/springframework/web/filter/GenericFilterBeanCustomizer> (0x0000000786e79528) thrown at [C:\re\workspace\8-2-build-windows-amd64-cygwin\jdk8u121\8372\hotspot\src\share\vm\classfile\systemDictionary.cpp, 
Event: 8.469 Thread 0x000000001cbf0800 Exception <a 'java/lang/ClassNotFoundException': org/springframework/web/filter/OncePerRequestFilterCustomizer> (0x0000000786ea3550) thrown at [C:\re\workspace\8-2-build-windows-amd64-cygwin\jdk8u121\8372\hotspot\src\share\vm\classfile\systemDictionary.cp
Event: 8.470 Thread 0x000000001cbf0800 Exception <a 'java/lang/ClassNotFoundException': org/springframework/web/filter/CharacterEncodingFilterCustomizer> (0x0000000786eca480) thrown at [C:\re\workspace\8-2-build-windows-amd64-cygwin\jdk8u121\8372\hotspot\src\share\vm\classfile\systemDictionary

Events (10 events):
Event: 3528.108 loading class org/apache/tomcat/util/http/parser/MediaType
Event: 3528.108 loading class org/apache/tomcat/util/http/parser/MediaType done
Event: 3528.108 loading class org/apache/tomcat/util/http/parser/MediaType
Event: 3528.108 loading class org/apache/tomcat/util/http/parser/MediaType done
Event: 3528.109 loading class org/apache/tomcat/util/http/FastHttpDateFormat
Event: 3528.109 loading class org/apache/tomcat/util/http/FastHttpDateFormat done
Event: 3528.109 loading class org/apache/tomcat/util/http/FastHttpDateFormat
Event: 3528.109 loading class org/apache/tomcat/util/http/FastHttpDateFormat done
Event: 3528.109 Thread 0x000000001b29e000 flushing nmethod 0x0000000003760a10
Event: 3528.112 Thread 0x000000001b29e000 flushing nmethod 0x00000000037e4b10


Dynamic libraries:
0x00007ff797970000 - 0x00007ff7979a7000 	C:\Program Files\Java\jdk1.8.0_121\bin\java.exe
0x00007ffd8e100000 - 0x00007ffd8e2e1000 	C:\WINDOWS\SYSTEM32\ntdll.dll
0x00007ffd8dea0000 - 0x00007ffd8df52000 	C:\WINDOWS\System32\KERNEL32.DLL
0x00007ffd8afd0000 - 0x00007ffd8b243000 	C:\WINDOWS\System32\KERNELBASE.dll
0x00007ffd8dcc0000 - 0x00007ffd8dd61000 	C:\WINDOWS\System32\ADVAPI32.dll
0x00007ffd8dc20000 - 0x00007ffd8dcbe000 	C:\WINDOWS\System32\msvcrt.dll
0x00007ffd8b590000 - 0x00007ffd8b5eb000 	C:\WINDOWS\System32\sechost.dll
0x00007ffd8b820000 - 0x00007ffd8b944000 	C:\WINDOWS\System32\RPCRT4.dll
0x00007ffd8b690000 - 0x00007ffd8b820000 	C:\WINDOWS\System32\USER32.dll
0x00007ffd8afb0000 - 0x00007ffd8afd0000 	C:\WINDOWS\System32\win32u.dll
0x00007ffd8b5f0000 - 0x00007ffd8b618000 	C:\WINDOWS\System32\GDI32.dll
0x00007ffd8a580000 - 0x00007ffd8a712000 	C:\WINDOWS\System32\gdi32full.dll
0x00007ffd8b4f0000 - 0x00007ffd8b58f000 	C:\WINDOWS\System32\msvcp_win.dll
0x00007ffd8a720000 - 0x00007ffd8a81a000 	C:\WINDOWS\System32\ucrtbase.dll
0x00007ffd804e0000 - 0x00007ffd80749000 	C:\WINDOWS\WinSxS\amd64_microsoft.windows.common-controls_6595b64144ccf1df_6.0.17134.228_none_fb4599993062b194\COMCTL32.dll
0x00007ffd8ceb0000 - 0x00007ffd8d1d3000 	C:\WINDOWS\System32\combase.dll
0x00007ffd8a820000 - 0x00007ffd8a89a000 	C:\WINDOWS\System32\bcryptPrimitives.dll
0x00007ffd8b950000 - 0x00007ffd8b97d000 	C:\WINDOWS\System32\IMM32.DLL
0x000000006c9e0000 - 0x000000006cab2000 	C:\Program Files\Java\jdk1.8.0_121\jre\bin\msvcr100.dll
0x000000006c140000 - 0x000000006c9db000 	C:\Program Files\Java\jdk1.8.0_121\jre\bin\server\jvm.dll
0x00007ffd8e0b0000 - 0x00007ffd8e0b8000 	C:\WINDOWS\System32\PSAPI.DLL
0x00007ffd70ff0000 - 0x00007ffd70ff9000 	C:\WINDOWS\SYSTEM32\WSOCK32.dll
0x00007ffd83fd0000 - 0x00007ffd83fda000 	C:\WINDOWS\SYSTEM32\VERSION.dll
0x00007ffd86a50000 - 0x00007ffd86a73000 	C:\WINDOWS\SYSTEM32\WINMM.dll
0x00007ffd8db10000 - 0x00007ffd8db7c000 	C:\WINDOWS\System32\WS2_32.dll
0x00007ffd86a20000 - 0x00007ffd86a4a000 	C:\WINDOWS\SYSTEM32\winmmbase.dll
0x00007ffd8a4d0000 - 0x00007ffd8a519000 	C:\WINDOWS\System32\cfgmgr32.dll
0x000000006c130000 - 0x000000006c13f000 	C:\Program Files\Java\jdk1.8.0_121\jre\bin\verify.dll
0x000000006c100000 - 0x000000006c129000 	C:\Program Files\Java\jdk1.8.0_121\jre\bin\java.dll
0x000000006c0d0000 - 0x000000006c0f3000 	C:\Program Files\Java\jdk1.8.0_121\jre\bin\instrument.dll
0x000000006c0b0000 - 0x000000006c0c6000 	C:\Program Files\Java\jdk1.8.0_121\jre\bin\zip.dll
0x00007ffd8b980000 - 0x00007ffd8cdc0000 	C:\WINDOWS\System32\SHELL32.dll
0x00007ffd8ddf0000 - 0x00007ffd8de99000 	C:\WINDOWS\System32\shcore.dll
0x00007ffd8a8a0000 - 0x00007ffd8afad000 	C:\WINDOWS\System32\windows.storage.dll
0x00007ffd8b620000 - 0x00007ffd8b671000 	C:\WINDOWS\System32\shlwapi.dll
0x00007ffd8a470000 - 0x00007ffd8a481000 	C:\WINDOWS\System32\kernel.appcore.dll
0x00007ffd8a4b0000 - 0x00007ffd8a4cf000 	C:\WINDOWS\System32\profapi.dll
0x00007ffd8a420000 - 0x00007ffd8a46c000 	C:\WINDOWS\System32\powrprof.dll
0x00007ffd8a410000 - 0x00007ffd8a41a000 	C:\WINDOWS\System32\FLTLIB.DLL
0x00007ffd7c290000 - 0x00007ffd7c2aa000 	D:\IntelliJ_IDEA\IntelliJ IDEA 2018.1.3\bin\breakgen64.dll
0x000000006c090000 - 0x000000006c0aa000 	C:\Program Files\Java\jdk1.8.0_121\jre\bin\net.dll
0x00007ffd89c90000 - 0x00007ffd89cf6000 	C:\WINDOWS\system32\mswsock.dll
0x000000006c070000 - 0x000000006c081000 	C:\Program Files\Java\jdk1.8.0_121\jre\bin\nio.dll
0x000000006c040000 - 0x000000006c064000 	C:\Program Files\Java\jdk1.8.0_121\jre\bin\sunec.dll
0x00007ffd89a10000 - 0x00007ffd89a48000 	C:\WINDOWS\SYSTEM32\IPHLPAPI.DLL
0x00007ffd8e0c0000 - 0x00007ffd8e0c8000 	C:\WINDOWS\System32\NSI.dll
0x00007ffd840f0000 - 0x00007ffd84106000 	C:\WINDOWS\SYSTEM32\dhcpcsvc6.DLL
0x00007ffd840d0000 - 0x00007ffd840ea000 	C:\WINDOWS\SYSTEM32\dhcpcsvc.DLL
0x00007ffd89e40000 - 0x00007ffd89e57000 	C:\WINDOWS\SYSTEM32\CRYPTSP.dll
0x00007ffd89870000 - 0x00007ffd898a3000 	C:\WINDOWS\system32\rsaenh.dll
0x00007ffd89f70000 - 0x00007ffd89f95000 	C:\WINDOWS\SYSTEM32\bcrypt.dll
0x00007ffd8a340000 - 0x00007ffd8a368000 	C:\WINDOWS\SYSTEM32\USERENV.dll
0x00007ffd89e60000 - 0x00007ffd89e6b000 	C:\WINDOWS\SYSTEM32\CRYPTBASE.dll
0x00007ffd89a50000 - 0x00007ffd89b0e000 	C:\WINDOWS\SYSTEM32\DNSAPI.dll
0x00007ffd82f80000 - 0x00007ffd82f8a000 	C:\Windows\System32\rasadhlp.dll
0x00007ffd7ff60000 - 0x00007ffd7ffd2000 	C:\WINDOWS\System32\fwpuclnt.dll
0x000000006c030000 - 0x000000006c03d000 	C:\Program Files\Java\jdk1.8.0_121\jre\bin\management.dll

VM Arguments:
jvm_args: -Dmaven.multiModuleProjectDirectory=E:\IntelliJ_IDEA_Path\JavaEE\pinyougou-parent\pinyougou-parent\pinyougou-search-web -Dmaven.home=D:\IntelliJ_IDEA\IntelliJ IDEA 2018.1.3\plugins\maven\lib\maven3 -Dclassworlds.conf=D:\IntelliJ_IDEA\IntelliJ IDEA 2018.1.3\plugins\maven\lib\maven3\bin\m2.conf -javaagent:D:\IntelliJ_IDEA\IntelliJ IDEA 2018.1.3\lib\idea_rt.jar=24922:D:\IntelliJ_IDEA\IntelliJ IDEA 2018.1.3\bin -Dfile.encoding=UTF-8 
java_command: org.codehaus.classworlds.Launcher -Didea.version=2018.1.3 -Dmaven.repo.local=C:\Users\GaoHang\.m2\repository tomcat7:run
java_class_path (initial): D:\IntelliJ_IDEA\IntelliJ IDEA 2018.1.3\plugins\maven\lib\maven3\boot\plexus-classworlds-2.5.2.jar;D:\IntelliJ_IDEA\IntelliJ IDEA 2018.1.3\lib\idea_rt.jar
Launcher Type: SUN_STANDARD

Environment Variables:
JAVA_HOME=C:\Program Files\Java\jdk1.8.0_121
CLASSPATH="C:\Program Files\Java\jdk1.8.0_121\lib\*.jar;";E:\apache-tomcat-9.0.8\lib\servlet-api.jar;
PATH=D:\app\GaoHang\product\11.2.0\dbhome_1\bin;D:\python_3.6.4(32bit)\Scripts\;D:\python_3.6.4(32bit)\;D:\python\;C:\WINDOWS\system32;C:\WINDOWS;C:\WINDOWS\System32\Wbem;C:\WINDOWS\System32\WindowsPowerShell\v1.0\;C:\Program Files (x86)\Windows Kits\8.1\Windows Performance Toolkit\;C:\Program Files\Microsoft SQL Server\110\Tools\Binn\;D:\python;E:\C++\Tuple - 跳一跳辅助\ADB工具\ADB工具;C:\Progr;m Files\Intel\WiFi\bin\;C:\Program Files\Common Files\Intel\WirelessCommon\;C:\Program Files (x86)\NVIDIA Corporation\PhysX\Common;C:\Program Files\Java\jdk1.8.0_121\bin;C:\Program Files\Java\jdk1.8.0_121\jre\bin;C:\ProgramData\Oracle\Java\javapath;C:\Program Files\Intel\WiFi\bin\;C:\Program Files\MySQL\MySQL Server 5.5\bin;C:\WINDOWS\system32;C:\WINDOWS;C:\WINDOWS\System32\Wbem;C:\WINDOWS\System32\WindowsPowerShell\v1.0\;C:\WINDOWS\System32\OpenSSH\;E:\apache-tomcat-9.0.8\bin;E:\apache-tomcat-9.0.8\lib;E:\apache-maven-3.5.4\bin;D:\Git\cmd;C:\Users\GaoHang\AppData\Local\Microsoft\WindowsApps;C:\Program Files\Intel\WiFi\bin\;C:\Program Files\Common Files\Intel\WirelessCommon\;%USERPROFILE%\AppData\Local\Microsoft\WindowsApps;
USERNAME=GaoHang
OS=Windows_NT
PROCESSOR_IDENTIFIER=Intel64 Family 6 Model 60 Stepping 3, GenuineIntel



---------------  S Y S T E M  ---------------

OS: Windows 10.0 , 64 bit Build 17134 (10.0.17134.1)

CPU:total 4 (2 cores per cpu, 2 threads per core) family 6 model 60 stepping 3, cmov, cx8, fxsr, mmx, sse, sse2, sse3, ssse3, sse4.1, sse4.2, popcnt, avx, avx2, aes, clmul, erms, lzcnt, ht, tsc, tscinvbit, bmi1, bmi2

Memory: 4k page, physical 12488024k(2651744k free), swap 26914460k(1600k free)

vm_info: Java HotSpot(TM) 64-Bit Server VM (25.121-b13) for windows-amd64 JRE (1.8.0_121-b13), built on Dec 12 2016 18:21:36 by "java_re" with MS VC++ 10.0 (VS2010)

time: Fri Aug 24 15:11:40 2018
elapsed time: 3528 seconds (0d 0h 58m 48s)

